[INFO] Scanning for projects...
[INFO] Downloading: https://repo.maven.apache.org/maven2/fr/inria/gforge/spirals/npefix-maven/1.3/npefix-maven-1.3.pom
[INFO] Downloaded: https://repo.maven.apache.org/maven2/fr/inria/gforge/spirals/npefix-maven/1.3/npefix-maven-1.3.pom (7 KB at 14.1 KB/sec)
[INFO] Downloading: https://repo.maven.apache.org/maven2/fr/inria/gforge/spirals/npefix-maven/1.3/npefix-maven-1.3.jar
[INFO] Downloaded: https://repo.maven.apache.org/maven2/fr/inria/gforge/spirals/npefix-maven/1.3/npefix-maven-1.3.jar (22 KB at 482.5 KB/sec)
[INFO]                                                                         
[INFO] ------------------------------------------------------------------------
[INFO] Building Jedis 3.0.0-SNAPSHOT
[INFO] ------------------------------------------------------------------------
[INFO] 
[INFO] --- npefix-maven:1.3:npefix (default-cli) @ jedis ---
[INFO] Downloading: https://repo.maven.apache.org/maven2/org/apache/maven/maven-plugin-api/3.5.0/maven-plugin-api-3.5.0.pom
[INFO] Downloaded: https://repo.maven.apache.org/maven2/org/apache/maven/maven-plugin-api/3.5.0/maven-plugin-api-3.5.0.pom (3 KB at 101.0 KB/sec)
[INFO] Downloading: https://repo.maven.apache.org/maven2/org/apache/maven/maven/3.5.0/maven-3.5.0.pom
[INFO] Downloaded: https://repo.maven.apache.org/maven2/org/apache/maven/maven/3.5.0/maven-3.5.0.pom (25 KB at 590.1 KB/sec)
[INFO] Downloading: https://repo.maven.apache.org/maven2/org/apache/maven/maven-parent/27/maven-parent-27.pom
[INFO] Downloaded: https://repo.maven.apache.org/maven2/org/apache/maven/maven-parent/27/maven-parent-27.pom (40 KB at 969.6 KB/sec)
[INFO] Downloading: https://repo.maven.apache.org/maven2/org/apache/apache/17/apache-17.pom
[INFO] Downloaded: https://repo.maven.apache.org/maven2/org/apache/apache/17/apache-17.pom (16 KB at 448.0 KB/sec)
[INFO] Downloading: https://repo.maven.apache.org/maven2/org/apache/maven/maven-model/3.5.0/maven-model-3.5.0.pom
[INFO] Downloaded: https://repo.maven.apache.org/maven2/org/apache/maven/maven-model/3.5.0/maven-model-3.5.0.pom (4 KB at 127.0 KB/sec)
[INFO] Downloading: https://repo.maven.apache.org/maven2/org/codehaus/plexus/plexus-utils/3.0.24/plexus-utils-3.0.24.pom
[INFO] Downloaded: https://repo.maven.apache.org/maven2/org/codehaus/plexus/plexus-utils/3.0.24/plexus-utils-3.0.24.pom (5 KB at 130.0 KB/sec)
[INFO] Downloading: https://repo.maven.apache.org/maven2/org/codehaus/plexus/plexus/4.0/plexus-4.0.pom
[INFO] Downloaded: https://repo.maven.apache.org/maven2/org/codehaus/plexus/plexus/4.0/plexus-4.0.pom (21 KB at 677.3 KB/sec)
[INFO] Downloading: https://repo.maven.apache.org/maven2/org/apache/commons/commons-lang3/3.5/commons-lang3-3.5.pom
[INFO] Downloaded: https://repo.maven.apache.org/maven2/org/apache/commons/commons-lang3/3.5/commons-lang3-3.5.pom (23 KB at 570.0 KB/sec)
[INFO] Downloading: https://repo.maven.apache.org/maven2/org/apache/commons/commons-parent/41/commons-parent-41.pom
[INFO] Downloaded: https://repo.maven.apache.org/maven2/org/apache/commons/commons-parent/41/commons-parent-41.pom (64 KB at 1507.6 KB/sec)
[INFO] Downloading: https://repo.maven.apache.org/maven2/org/apache/apache/18/apache-18.pom
[INFO] Downloaded: https://repo.maven.apache.org/maven2/org/apache/apache/18/apache-18.pom (16 KB at 510.0 KB/sec)
[INFO] Downloading: https://repo.maven.apache.org/maven2/org/apache/maven/maven-artifact/3.5.0/maven-artifact-3.5.0.pom
[INFO] Downloaded: https://repo.maven.apache.org/maven2/org/apache/maven/maven-artifact/3.5.0/maven-artifact-3.5.0.pom (3 KB at 68.8 KB/sec)
[INFO] Downloading: https://repo.maven.apache.org/maven2/org/eclipse/sisu/org.eclipse.sisu.plexus/0.3.3/org.eclipse.sisu.plexus-0.3.3.pom
[INFO] Downloaded: https://repo.maven.apache.org/maven2/org/eclipse/sisu/org.eclipse.sisu.plexus/0.3.3/org.eclipse.sisu.plexus-0.3.3.pom (5 KB at 74.0 KB/sec)
[INFO] Downloading: https://repo.maven.apache.org/maven2/org/eclipse/sisu/sisu-plexus/0.3.3/sisu-plexus-0.3.3.pom
[INFO] Downloaded: https://repo.maven.apache.org/maven2/org/eclipse/sisu/sisu-plexus/0.3.3/sisu-plexus-0.3.3.pom (14 KB at 446.8 KB/sec)
[INFO] Downloading: https://repo.maven.apache.org/maven2/org/sonatype/oss/oss-parent/9/oss-parent-9.pom
[INFO] Downloaded: https://repo.maven.apache.org/maven2/org/sonatype/oss/oss-parent/9/oss-parent-9.pom (7 KB at 183.3 KB/sec)
[INFO] Downloading: https://repo.maven.apache.org/maven2/javax/enterprise/cdi-api/1.0/cdi-api-1.0.pom
[INFO] Downloaded: https://repo.maven.apache.org/maven2/javax/enterprise/cdi-api/1.0/cdi-api-1.0.pom (2 KB at 60.9 KB/sec)
[INFO] Downloading: https://repo.maven.apache.org/maven2/org/jboss/weld/weld-api-parent/1.0/weld-api-parent-1.0.pom
[INFO] Downloaded: https://repo.maven.apache.org/maven2/org/jboss/weld/weld-api-parent/1.0/weld-api-parent-1.0.pom (3 KB at 104.5 KB/sec)
[INFO] Downloading: https://repo.maven.apache.org/maven2/org/jboss/weld/weld-api-bom/1.0/weld-api-bom-1.0.pom
[INFO] Downloaded: https://repo.maven.apache.org/maven2/org/jboss/weld/weld-api-bom/1.0/weld-api-bom-1.0.pom (8 KB at 266.3 KB/sec)
[INFO] Downloading: https://repo.maven.apache.org/maven2/org/jboss/weld/weld-parent/6/weld-parent-6.pom
[INFO] Downloaded: https://repo.maven.apache.org/maven2/org/jboss/weld/weld-parent/6/weld-parent-6.pom (21 KB at 631.5 KB/sec)
[INFO] Downloading: https://repo.maven.apache.org/maven2/javax/annotation/jsr250-api/1.0/jsr250-api-1.0.pom
[INFO] Downloaded: https://repo.maven.apache.org/maven2/javax/annotation/jsr250-api/1.0/jsr250-api-1.0.pom (1023 B at 37.0 KB/sec)
[INFO] Downloading: https://repo.maven.apache.org/maven2/javax/inject/javax.inject/1/javax.inject-1.pom
[INFO] Downloaded: https://repo.maven.apache.org/maven2/javax/inject/javax.inject/1/javax.inject-1.pom (612 B at 23.9 KB/sec)
[INFO] Downloading: https://repo.maven.apache.org/maven2/org/eclipse/sisu/org.eclipse.sisu.inject/0.3.3/org.eclipse.sisu.inject-0.3.3.pom
[INFO] Downloaded: https://repo.maven.apache.org/maven2/org/eclipse/sisu/org.eclipse.sisu.inject/0.3.3/org.eclipse.sisu.inject-0.3.3.pom (3 KB at 106.8 KB/sec)
[INFO] Downloading: https://repo.maven.apache.org/maven2/org/eclipse/sisu/sisu-inject/0.3.3/sisu-inject-0.3.3.pom
[INFO] Downloaded: https://repo.maven.apache.org/maven2/org/eclipse/sisu/sisu-inject/0.3.3/sisu-inject-0.3.3.pom (15 KB at 562.8 KB/sec)
[INFO] Downloading: https://repo.maven.apache.org/maven2/org/codehaus/plexus/plexus-classworlds/2.5.2/plexus-classworlds-2.5.2.pom
[INFO] Downloaded: https://repo.maven.apache.org/maven2/org/codehaus/plexus/plexus-classworlds/2.5.2/plexus-classworlds-2.5.2.pom (8 KB at 339.7 KB/sec)
[INFO] Downloading: https://repo.maven.apache.org/maven2/org/codehaus/plexus/plexus-utils/3.0.17/plexus-utils-3.0.17.pom
[INFO] Downloaded: https://repo.maven.apache.org/maven2/org/codehaus/plexus/plexus-utils/3.0.17/plexus-utils-3.0.17.pom (4 KB at 138.1 KB/sec)
[INFO] Downloading: https://repo.maven.apache.org/maven2/org/apache/maven/surefire/surefire-report-parser/2.20/surefire-report-parser-2.20.pom
[INFO] Downloaded: https://repo.maven.apache.org/maven2/org/apache/maven/surefire/surefire-report-parser/2.20/surefire-report-parser-2.20.pom (4 KB at 128.7 KB/sec)
[INFO] Downloading: https://repo.maven.apache.org/maven2/org/apache/maven/surefire/surefire/2.20/surefire-2.20.pom
[INFO] Downloaded: https://repo.maven.apache.org/maven2/org/apache/maven/surefire/surefire/2.20/surefire-2.20.pom (21 KB at 725.5 KB/sec)
[INFO] Downloading: https://repo.maven.apache.org/maven2/org/apache/maven/surefire/surefire-logger-api/2.20/surefire-logger-api-2.20.pom
[INFO] Downloaded: https://repo.maven.apache.org/maven2/org/apache/maven/surefire/surefire-logger-api/2.20/surefire-logger-api-2.20.pom (2 KB at 86.9 KB/sec)
[INFO] Downloading: https://repo.maven.apache.org/maven2/fr/inria/spirals/npefix/0.5/npefix-0.5.pom
[INFO] Downloading: https://tdurieux.github.io/maven-repository/snapshots/fr/inria/spirals/npefix/0.5/npefix-0.5.pom
[INFO] Downloading: https://tdurieux.github.io/maven-repository/releases/fr/inria/spirals/npefix/0.5/npefix-0.5.pom
[INFO] Downloaded: https://tdurieux.github.io/maven-repository/releases/fr/inria/spirals/npefix/0.5/npefix-0.5.pom (10 KB at 9.6 KB/sec)
[INFO] Downloading: https://repo.maven.apache.org/maven2/org/json/json/20160212/json-20160212.pom
[INFO] Downloaded: https://repo.maven.apache.org/maven2/org/json/json/20160212/json-20160212.pom (6 KB at 98.9 KB/sec)
[INFO] Downloading: https://repo.maven.apache.org/maven2/fr/inria/gforge/spoon/spoon-core/5.8.0/spoon-core-5.8.0.pom
[INFO] Downloaded: https://repo.maven.apache.org/maven2/fr/inria/gforge/spoon/spoon-core/5.8.0/spoon-core-5.8.0.pom (23 KB at 369.3 KB/sec)
[INFO] Downloading: https://repo.maven.apache.org/maven2/org/eclipse/tycho/org.eclipse.jdt.core/3.12.0.v20160516-2131/org.eclipse.jdt.core-3.12.0.v20160516-2131.pom
[INFO] Downloaded: https://repo.maven.apache.org/maven2/org/eclipse/tycho/org.eclipse.jdt.core/3.12.0.v20160516-2131/org.eclipse.jdt.core-3.12.0.v20160516-2131.pom (2 KB at 50.7 KB/sec)
[INFO] Downloading: https://repo.maven.apache.org/maven2/com/martiansoftware/jsap/2.1/jsap-2.1.pom
[INFO] Downloaded: https://repo.maven.apache.org/maven2/com/martiansoftware/jsap/2.1/jsap-2.1.pom (815 B at 19.9 KB/sec)
[INFO] Downloading: https://repo.maven.apache.org/maven2/log4j/log4j/1.2.17/log4j-1.2.17.pom
[INFO] Downloaded: https://repo.maven.apache.org/maven2/log4j/log4j/1.2.17/log4j-1.2.17.pom (22 KB at 707.8 KB/sec)
[INFO] Downloading: https://repo.maven.apache.org/maven2/org/slf4j/slf4j-simple/1.7.6/slf4j-simple-1.7.6.pom
[INFO] Downloaded: https://repo.maven.apache.org/maven2/org/slf4j/slf4j-simple/1.7.6/slf4j-simple-1.7.6.pom (2 KB at 57.5 KB/sec)
[INFO] Downloading: https://repo.maven.apache.org/maven2/org/slf4j/slf4j-parent/1.7.6/slf4j-parent-1.7.6.pom
[INFO] Downloaded: https://repo.maven.apache.org/maven2/org/slf4j/slf4j-parent/1.7.6/slf4j-parent-1.7.6.pom (12 KB at 553.7 KB/sec)
[INFO] Downloading: https://repo.maven.apache.org/maven2/org/slf4j/slf4j-api/1.7.6/slf4j-api-1.7.6.pom
[INFO] Downloaded: https://repo.maven.apache.org/maven2/org/slf4j/slf4j-api/1.7.6/slf4j-api-1.7.6.pom (3 KB at 125.0 KB/sec)
[INFO] Downloading: https://repo.maven.apache.org/maven2/com/cloudbees/diff4j/1.2/diff4j-1.2.pom
[INFO] Downloaded: https://repo.maven.apache.org/maven2/com/cloudbees/diff4j/1.2/diff4j-1.2.pom (4 KB at 136.4 KB/sec)
[INFO] Downloading: https://repo.maven.apache.org/maven2/com/cloudbees/cloudbees-oss-parent/4/cloudbees-oss-parent-4.pom
[INFO] Downloaded: https://repo.maven.apache.org/maven2/com/cloudbees/cloudbees-oss-parent/4/cloudbees-oss-parent-4.pom (9 KB at 286.6 KB/sec)
[INFO] Downloading: https://repo.maven.apache.org/maven2/org/jvnet/localizer/localizer/1.12/localizer-1.12.pom
[INFO] Downloaded: https://repo.maven.apache.org/maven2/org/jvnet/localizer/localizer/1.12/localizer-1.12.pom (690 B at 30.6 KB/sec)
[INFO] Downloading: https://repo.maven.apache.org/maven2/org/jvnet/localizer/localizer-parent/1.12/localizer-parent-1.12.pom
[INFO] Downloaded: https://repo.maven.apache.org/maven2/org/jvnet/localizer/localizer-parent/1.12/localizer-parent-1.12.pom (2 KB at 87.7 KB/sec)
[INFO] Downloading: https://repo.maven.apache.org/maven2/org/eclipse/core/org.eclipse.core.runtime/3.6.0.v20100505/org.eclipse.core.runtime-3.6.0.v20100505.pom
[INFO] Downloaded: https://repo.maven.apache.org/maven2/org/eclipse/core/org.eclipse.core.runtime/3.6.0.v20100505/org.eclipse.core.runtime-3.6.0.v20100505.pom (3 KB at 79.7 KB/sec)
[INFO] Downloading: https://repo.maven.apache.org/maven2/org/eclipse/org.eclipse.eclipse/3.6.0.v20100505/org.eclipse.eclipse-3.6.0.v20100505.pom
[INFO] Downloaded: https://repo.maven.apache.org/maven2/org/eclipse/org.eclipse.eclipse/3.6.0.v20100505/org.eclipse.eclipse-3.6.0.v20100505.pom (5 KB at 167.1 KB/sec)
[INFO] Downloading: https://repo.maven.apache.org/maven2/org/eclipse/core/org.eclipse.core.contenttype/3.4.100.v20100505-1235/org.eclipse.core.contenttype-3.4.100.v20100505-1235.pom
[INFO] Downloaded: https://repo.maven.apache.org/maven2/org/eclipse/core/org.eclipse.core.contenttype/3.4.100.v20100505-1235/org.eclipse.core.contenttype-3.4.100.v20100505-1235.pom (2 KB at 67.9 KB/sec)
[INFO] Downloading: https://repo.maven.apache.org/maven2/org/eclipse/equinox/org.eclipse.equinox.preferences/3.3.0.v20100503/org.eclipse.equinox.preferences-3.3.0.v20100503.pom
[INFO] Downloaded: https://repo.maven.apache.org/maven2/org/eclipse/equinox/org.eclipse.equinox.preferences/3.3.0.v20100503/org.eclipse.equinox.preferences-3.3.0.v20100503.pom (2 KB at 67.4 KB/sec)
[INFO] Downloading: https://repo.maven.apache.org/maven2/org/eclipse/equinox/org.eclipse.equinox.registry/3.5.0.v20100503/org.eclipse.equinox.registry-3.5.0.v20100503.pom
[INFO] Downloaded: https://repo.maven.apache.org/maven2/org/eclipse/equinox/org.eclipse.equinox.registry/3.5.0.v20100503/org.eclipse.equinox.registry-3.5.0.v20100503.pom (2 KB at 53.7 KB/sec)
[INFO] Downloading: https://repo.maven.apache.org/maven2/org/eclipse/core/org.eclipse.core.jobs/3.5.0.v20100515/org.eclipse.core.jobs-3.5.0.v20100515.pom
[INFO] Downloaded: https://repo.maven.apache.org/maven2/org/eclipse/core/org.eclipse.core.jobs/3.5.0.v20100515/org.eclipse.core.jobs-3.5.0.v20100515.pom (2 KB at 50.2 KB/sec)
[INFO] Downloading: https://repo.maven.apache.org/maven2/org/eclipse/equinox/org.eclipse.equinox.common/3.6.0.v20100503/org.eclipse.equinox.common-3.6.0.v20100503.pom
[INFO] Downloaded: https://repo.maven.apache.org/maven2/org/eclipse/equinox/org.eclipse.equinox.common/3.6.0.v20100503/org.eclipse.equinox.common-3.6.0.v20100503.pom (903 B at 38.3 KB/sec)
[INFO] Downloading: https://repo.maven.apache.org/maven2/org/eclipse/osgi/org.eclipse.osgi/3.6.0.v20100517/org.eclipse.osgi-3.6.0.v20100517.pom
[INFO] Downloaded: https://repo.maven.apache.org/maven2/org/eclipse/osgi/org.eclipse.osgi/3.6.0.v20100517/org.eclipse.osgi-3.6.0.v20100517.pom (699 B at 34.1 KB/sec)
[INFO] Downloading: https://repo.maven.apache.org/maven2/org/eclipse/equinox/org.eclipse.equinox.app/1.3.0.v20100512/org.eclipse.equinox.app-1.3.0.v20100512.pom
[INFO] Downloaded: https://repo.maven.apache.org/maven2/org/eclipse/equinox/org.eclipse.equinox.app/1.3.0.v20100512/org.eclipse.equinox.app-1.3.0.v20100512.pom (2 KB at 69.0 KB/sec)
[INFO] Downloading: https://repo.maven.apache.org/maven2/org/eclipse/osgi/org.eclipse.osgi.services/3.2.100.v20100503/org.eclipse.osgi.services-3.2.100.v20100503.pom
[INFO] Downloaded: https://repo.maven.apache.org/maven2/org/eclipse/osgi/org.eclipse.osgi.services/3.2.100.v20100503/org.eclipse.osgi.services-3.2.100.v20100503.pom (2 KB at 62.4 KB/sec)
[INFO] Downloading: https://repo.maven.apache.org/maven2/javax/servlet/servlet-api/2.5/servlet-api-2.5.pom
[INFO] Downloaded: https://repo.maven.apache.org/maven2/javax/servlet/servlet-api/2.5/servlet-api-2.5.pom (157 B at 8.1 KB/sec)
[INFO] Downloading: https://repo.maven.apache.org/maven2/org/apache/felix/org.osgi.foundation/1.2.0/org.osgi.foundation-1.2.0.pom
[INFO] Downloaded: https://repo.maven.apache.org/maven2/org/apache/felix/org.osgi.foundation/1.2.0/org.osgi.foundation-1.2.0.pom (2 KB at 72.1 KB/sec)
[INFO] Downloading: https://repo.maven.apache.org/maven2/org/apache/felix/felix/1.0.2/felix-1.0.2.pom
[INFO] Downloaded: https://repo.maven.apache.org/maven2/org/apache/felix/felix/1.0.2/felix-1.0.2.pom (14 KB at 558.9 KB/sec)
[INFO] Downloading: https://repo.maven.apache.org/maven2/org/eclipse/core/org.eclipse.core.resources/3.6.0.v20100526-0737/org.eclipse.core.resources-3.6.0.v20100526-0737.pom
[INFO] Downloaded: https://repo.maven.apache.org/maven2/org/eclipse/core/org.eclipse.core.resources/3.6.0.v20100526-0737/org.eclipse.core.resources-3.6.0.v20100526-0737.pom (3 KB at 83.2 KB/sec)
[INFO] Downloading: https://repo.maven.apache.org/maven2/org/eclipse/core/org.eclipse.core.expressions/3.4.200.v20100505/org.eclipse.core.expressions-3.4.200.v20100505.pom
[INFO] Downloaded: https://repo.maven.apache.org/maven2/org/eclipse/core/org.eclipse.core.expressions/3.4.200.v20100505/org.eclipse.core.expressions-3.4.200.v20100505.pom (2 KB at 63.9 KB/sec)
[INFO] Downloading: https://repo.maven.apache.org/maven2/org/eclipse/core/org.eclipse.core.filesystem/1.3.0.v20100526-0737/org.eclipse.core.filesystem-1.3.0.v20100526-0737.pom
[INFO] Downloaded: https://repo.maven.apache.org/maven2/org/eclipse/core/org.eclipse.core.filesystem/1.3.0.v20100526-0737/org.eclipse.core.filesystem-1.3.0.v20100526-0737.pom (2 KB at 61.8 KB/sec)
[INFO] Downloading: https://repo.maven.apache.org/maven2/org/glassfish/tyrus/bundles/tyrus-standalone-client/1.13.1/tyrus-standalone-client-1.13.1.pom
[INFO] Downloaded: https://repo.maven.apache.org/maven2/org/glassfish/tyrus/bundles/tyrus-standalone-client/1.13.1/tyrus-standalone-client-1.13.1.pom (7 KB at 313.6 KB/sec)
[INFO] Downloading: https://repo.maven.apache.org/maven2/org/glassfish/tyrus/bundles/tyrus-bundles/1.13.1/tyrus-bundles-1.13.1.pom
[INFO] Downloaded: https://repo.maven.apache.org/maven2/org/glassfish/tyrus/bundles/tyrus-bundles/1.13.1/tyrus-bundles-1.13.1.pom (4 KB at 150.4 KB/sec)
[INFO] Downloading: https://repo.maven.apache.org/maven2/org/glassfish/tyrus/tyrus-project/1.13.1/tyrus-project-1.13.1.pom
[INFO] Downloaded: https://repo.maven.apache.org/maven2/org/glassfish/tyrus/tyrus-project/1.13.1/tyrus-project-1.13.1.pom (29 KB at 922.9 KB/sec)
[INFO] Downloading: https://repo.maven.apache.org/maven2/net/java/jvnet-parent/5/jvnet-parent-5.pom
[INFO] Downloaded: https://repo.maven.apache.org/maven2/net/java/jvnet-parent/5/jvnet-parent-5.pom (9 KB at 346.2 KB/sec)
[INFO] Downloading: https://repo.maven.apache.org/maven2/org/apache/maven/maven-plugin-api/3.5.0/maven-plugin-api-3.5.0.jar
[INFO] Downloading: https://repo.maven.apache.org/maven2/org/eclipse/sisu/org.eclipse.sisu.plexus/0.3.3/org.eclipse.sisu.plexus-0.3.3.jar
[INFO] Downloading: https://repo.maven.apache.org/maven2/javax/enterprise/cdi-api/1.0/cdi-api-1.0.jar
[INFO] Downloading: https://repo.maven.apache.org/maven2/javax/annotation/jsr250-api/1.0/jsr250-api-1.0.jar
[INFO] Downloading: https://repo.maven.apache.org/maven2/javax/inject/javax.inject/1/javax.inject-1.jar
[INFO] Downloaded: https://repo.maven.apache.org/maven2/javax/inject/javax.inject/1/javax.inject-1.jar (3 KB at 56.7 KB/sec)
[INFO] Downloading: https://repo.maven.apache.org/maven2/org/eclipse/sisu/org.eclipse.sisu.inject/0.3.3/org.eclipse.sisu.inject-0.3.3.jar
[INFO] Downloaded: https://repo.maven.apache.org/maven2/javax/enterprise/cdi-api/1.0/cdi-api-1.0.jar (44 KB at 664.5 KB/sec)
[INFO] Downloading: https://repo.maven.apache.org/maven2/org/codehaus/plexus/plexus-classworlds/2.5.2/plexus-classworlds-2.5.2.jar
[INFO] Downloaded: https://repo.maven.apache.org/maven2/org/apache/maven/maven-plugin-api/3.5.0/maven-plugin-api-3.5.0.jar (47 KB at 686.0 KB/sec)
[INFO] Downloading: https://repo.maven.apache.org/maven2/org/apache/maven/surefire/surefire-report-parser/2.20/surefire-report-parser-2.20.jar
[INFO] Downloaded: https://repo.maven.apache.org/maven2/javax/annotation/jsr250-api/1.0/jsr250-api-1.0.jar (6 KB at 84.0 KB/sec)
[INFO] Downloading: https://repo.maven.apache.org/maven2/org/apache/maven/surefire/surefire-logger-api/2.20/surefire-logger-api-2.20.jar
[INFO] Downloaded: https://repo.maven.apache.org/maven2/org/eclipse/sisu/org.eclipse.sisu.plexus/0.3.3/org.eclipse.sisu.plexus-0.3.3.jar (201 KB at 2025.2 KB/sec)
[INFO] Downloading: https://repo.maven.apache.org/maven2/fr/inria/spirals/npefix/0.5/npefix-0.5.jar
[INFO] Downloaded: https://repo.maven.apache.org/maven2/org/apache/maven/surefire/surefire-report-parser/2.20/surefire-report-parser-2.20.jar (62 KB at 568.1 KB/sec)
[INFO] Downloading: https://repo.maven.apache.org/maven2/org/json/json/20160212/json-20160212.jar
[INFO] Downloaded: https://repo.maven.apache.org/maven2/org/codehaus/plexus/plexus-classworlds/2.5.2/plexus-classworlds-2.5.2.jar (52 KB at 472.0 KB/sec)
[INFO] Downloading: https://repo.maven.apache.org/maven2/fr/inria/gforge/spoon/spoon-core/5.8.0/spoon-core-5.8.0.jar
[INFO] Downloaded: https://repo.maven.apache.org/maven2/org/apache/maven/surefire/surefire-logger-api/2.20/surefire-logger-api-2.20.jar (13 KB at 109.2 KB/sec)
[INFO] Downloading: https://repo.maven.apache.org/maven2/org/eclipse/tycho/org.eclipse.jdt.core/3.12.0.v20160516-2131/org.eclipse.jdt.core-3.12.0.v20160516-2131.jar
[INFO] Downloading: https://repo.maven.apache.org/maven2/com/martiansoftware/jsap/2.1/jsap-2.1.jar
[INFO] Downloaded: https://repo.maven.apache.org/maven2/org/json/json/20160212/json-20160212.jar (49 KB at 324.5 KB/sec)
[INFO] Downloading: https://repo.maven.apache.org/maven2/org/slf4j/slf4j-simple/1.7.6/slf4j-simple-1.7.6.jar
[INFO] Downloaded: https://repo.maven.apache.org/maven2/org/eclipse/sisu/org.eclipse.sisu.inject/0.3.3/org.eclipse.sisu.inject-0.3.3.jar (371 KB at 2328.9 KB/sec)
[INFO] Downloading: https://repo.maven.apache.org/maven2/org/slf4j/slf4j-api/1.7.6/slf4j-api-1.7.6.jar
[INFO] Downloaded: https://repo.maven.apache.org/maven2/com/martiansoftware/jsap/2.1/jsap-2.1.jar (68 KB at 362.1 KB/sec)
[INFO] Downloading: https://repo.maven.apache.org/maven2/log4j/log4j/1.2.17/log4j-1.2.17.jar
[INFO] Downloaded: https://repo.maven.apache.org/maven2/org/slf4j/slf4j-api/1.7.6/slf4j-api-1.7.6.jar (29 KB at 148.2 KB/sec)
[INFO] Downloading: https://repo.maven.apache.org/maven2/com/cloudbees/diff4j/1.2/diff4j-1.2.jar
[INFO] Downloaded: https://repo.maven.apache.org/maven2/org/slf4j/slf4j-simple/1.7.6/slf4j-simple-1.7.6.jar (11 KB at 54.9 KB/sec)
[INFO] Downloading: https://repo.maven.apache.org/maven2/org/jvnet/localizer/localizer/1.12/localizer-1.12.jar
[INFO] Downloaded: https://repo.maven.apache.org/maven2/org/jvnet/localizer/localizer/1.12/localizer-1.12.jar (7 KB at 29.3 KB/sec)
[INFO] Downloading: https://repo.maven.apache.org/maven2/org/eclipse/core/org.eclipse.core.runtime/3.6.0.v20100505/org.eclipse.core.runtime-3.6.0.v20100505.jar
[INFO] Downloaded: https://repo.maven.apache.org/maven2/com/cloudbees/diff4j/1.2/diff4j-1.2.jar (52 KB at 227.4 KB/sec)
[INFO] Downloading: https://repo.maven.apache.org/maven2/org/eclipse/core/org.eclipse.core.contenttype/3.4.100.v20100505-1235/org.eclipse.core.contenttype-3.4.100.v20100505-1235.jar
[INFO] Downloaded: https://repo.maven.apache.org/maven2/org/eclipse/core/org.eclipse.core.runtime/3.6.0.v20100505/org.eclipse.core.runtime-3.6.0.v20100505.jar (70 KB at 257.5 KB/sec)
[INFO] Downloading: https://repo.maven.apache.org/maven2/org/eclipse/equinox/org.eclipse.equinox.preferences/3.3.0.v20100503/org.eclipse.equinox.preferences-3.3.0.v20100503.jar
[INFO] Downloaded: https://repo.maven.apache.org/maven2/log4j/log4j/1.2.17/log4j-1.2.17.jar (479 KB at 1666.9 KB/sec)
[INFO] Downloading: https://repo.maven.apache.org/maven2/org/eclipse/equinox/org.eclipse.equinox.registry/3.5.0.v20100503/org.eclipse.equinox.registry-3.5.0.v20100503.jar
[INFO] Downloaded: https://repo.maven.apache.org/maven2/fr/inria/gforge/spoon/spoon-core/5.8.0/spoon-core-5.8.0.jar (1110 KB at 3684.5 KB/sec)
[INFO] Downloading: https://repo.maven.apache.org/maven2/org/eclipse/core/org.eclipse.core.jobs/3.5.0.v20100515/org.eclipse.core.jobs-3.5.0.v20100515.jar
[INFO] Downloaded: https://repo.maven.apache.org/maven2/org/eclipse/core/org.eclipse.core.contenttype/3.4.100.v20100505-1235/org.eclipse.core.contenttype-3.4.100.v20100505-1235.jar (90 KB at 266.4 KB/sec)
[INFO] Downloading: https://repo.maven.apache.org/maven2/org/eclipse/equinox/org.eclipse.equinox.common/3.6.0.v20100503/org.eclipse.equinox.common-3.6.0.v20100503.jar
[INFO] Downloaded: https://repo.maven.apache.org/maven2/org/eclipse/equinox/org.eclipse.equinox.preferences/3.3.0.v20100503/org.eclipse.equinox.preferences-3.3.0.v20100503.jar (109 KB at 299.7 KB/sec)
[INFO] Downloading: https://repo.maven.apache.org/maven2/org/eclipse/equinox/org.eclipse.equinox.app/1.3.0.v20100512/org.eclipse.equinox.app-1.3.0.v20100512.jar
[INFO] Downloaded: https://repo.maven.apache.org/maven2/org/eclipse/core/org.eclipse.core.jobs/3.5.0.v20100515/org.eclipse.core.jobs-3.5.0.v20100515.jar (89 KB at 237.8 KB/sec)
[INFO] Downloading: https://repo.maven.apache.org/maven2/org/eclipse/osgi/org.eclipse.osgi.services/3.2.100.v20100503/org.eclipse.osgi.services-3.2.100.v20100503.jar
[INFO] Downloaded: https://repo.maven.apache.org/maven2/org/eclipse/equinox/org.eclipse.equinox.common/3.6.0.v20100503/org.eclipse.equinox.common-3.6.0.v20100503.jar (100 KB at 262.0 KB/sec)
[INFO] Downloading: https://repo.maven.apache.org/maven2/org/eclipse/osgi/org.eclipse.osgi/3.6.0.v20100517/org.eclipse.osgi-3.6.0.v20100517.jar
[INFO] Downloaded: https://repo.maven.apache.org/maven2/org/eclipse/equinox/org.eclipse.equinox.registry/3.5.0.v20100503/org.eclipse.equinox.registry-3.5.0.v20100503.jar (179 KB at 465.6 KB/sec)
[INFO] Downloading: https://repo.maven.apache.org/maven2/javax/servlet/servlet-api/2.5/servlet-api-2.5.jar
[INFO] Downloaded: https://repo.maven.apache.org/maven2/org/eclipse/equinox/org.eclipse.equinox.app/1.3.0.v20100512/org.eclipse.equinox.app-1.3.0.v20100512.jar (82 KB at 207.2 KB/sec)
[INFO] Downloading: https://repo.maven.apache.org/maven2/org/apache/felix/org.osgi.foundation/1.2.0/org.osgi.foundation-1.2.0.jar
[INFO] Downloaded: https://repo.maven.apache.org/maven2/org/eclipse/osgi/org.eclipse.osgi.services/3.2.100.v20100503/org.eclipse.osgi.services-3.2.100.v20100503.jar (66 KB at 159.1 KB/sec)
[INFO] Downloading: https://repo.maven.apache.org/maven2/org/eclipse/core/org.eclipse.core.resources/3.6.0.v20100526-0737/org.eclipse.core.resources-3.6.0.v20100526-0737.jar
[INFO] Downloaded: https://repo.maven.apache.org/maven2/javax/servlet/servlet-api/2.5/servlet-api-2.5.jar (103 KB at 229.1 KB/sec)
[INFO] Downloading: https://repo.maven.apache.org/maven2/org/eclipse/core/org.eclipse.core.expressions/3.4.200.v20100505/org.eclipse.core.expressions-3.4.200.v20100505.jar
[INFO] Downloaded: https://repo.maven.apache.org/maven2/org/apache/felix/org.osgi.foundation/1.2.0/org.osgi.foundation-1.2.0.jar (254 KB at 523.6 KB/sec)
[INFO] Downloading: https://repo.maven.apache.org/maven2/org/eclipse/core/org.eclipse.core.filesystem/1.3.0.v20100526-0737/org.eclipse.core.filesystem-1.3.0.v20100526-0737.jar
[INFO] Downloaded: https://repo.maven.apache.org/maven2/org/eclipse/core/org.eclipse.core.filesystem/1.3.0.v20100526-0737/org.eclipse.core.filesystem-1.3.0.v20100526-0737.jar (52 KB at 95.0 KB/sec)
[INFO] Downloading: https://repo.maven.apache.org/maven2/org/glassfish/tyrus/bundles/tyrus-standalone-client/1.13.1/tyrus-standalone-client-1.13.1.jar
[INFO] Downloaded: https://repo.maven.apache.org/maven2/org/eclipse/core/org.eclipse.core.expressions/3.4.200.v20100505/org.eclipse.core.expressions-3.4.200.v20100505.jar (85 KB at 156.4 KB/sec)
[INFO] Downloaded: https://repo.maven.apache.org/maven2/org/eclipse/osgi/org.eclipse.osgi/3.6.0.v20100517/org.eclipse.osgi-3.6.0.v20100517.jar (1121 KB at 1911.8 KB/sec)
[INFO] Downloaded: https://repo.maven.apache.org/maven2/org/eclipse/core/org.eclipse.core.resources/3.6.0.v20100526-0737/org.eclipse.core.resources-3.6.0.v20100526-0737.jar (752 KB at 1108.9 KB/sec)
[INFO] Downloaded: https://repo.maven.apache.org/maven2/org/eclipse/tycho/org.eclipse.jdt.core/3.12.0.v20160516-2131/org.eclipse.jdt.core-3.12.0.v20160516-2131.jar (5684 KB at 7429.6 KB/sec)
[INFO] Downloaded: https://repo.maven.apache.org/maven2/org/glassfish/tyrus/bundles/tyrus-standalone-client/1.13.1/tyrus-standalone-client-1.13.1.jar (2028 KB at 2556.9 KB/sec)
[INFO] Downloading: https://tdurieux.github.io/maven-repository/snapshots/fr/inria/spirals/npefix/0.5/npefix-0.5.jar
[INFO] Downloading: https://tdurieux.github.io/maven-repository/releases/fr/inria/spirals/npefix/0.5/npefix-0.5.jar
[INFO] Downloaded: https://tdurieux.github.io/maven-repository/releases/fr/inria/spirals/npefix/0.5/npefix-0.5.jar (364 KB at 346.7 KB/sec)
/root/workspace/xetorthio/jedis/291610330/target/test-classes:/root/workspace/xetorthio/jedis/291610330/target/classes:/root/./workspace/xetorthio/jedis/291610330/.m2/org/slf4j/slf4j-api/1.7.22/slf4j-api-1.7.22.jar:/root/./workspace/xetorthio/jedis/291610330/.m2/org/apache/commons/commons-pool2/2.4.2/commons-pool2-2.4.2.jar:/root/./workspace/xetorthio/jedis/291610330/.m2/junit/junit/4.11/junit-4.11.jar:/root/./workspace/xetorthio/jedis/291610330/.m2/org/hamcrest/hamcrest-core/1.3/hamcrest-core-1.3.jar:/root/./workspace/xetorthio/jedis/291610330/.m2/org/apache/logging/log4j/log4j-core/2.8/log4j-core-2.8.jar:/root/./workspace/xetorthio/jedis/291610330/.m2/org/apache/logging/log4j/log4j-api/2.8/log4j-api-2.8.jar:/root/./workspace/xetorthio/jedis/291610330/.m2/org/apache/logging/log4j/log4j-slf4j-impl/2.8/log4j-slf4j-impl-2.8.jar:/root/./workspace/xetorthio/jedis/291610330/.m2/fr/inria/spirals/npefix/0.5/npefix-0.5.jar
[INFO] ------------------------------------------------------------------------
[INFO] BUILD FAILURE
[INFO] ------------------------------------------------------------------------
[INFO] Total time: 8.194 s
[INFO] Finished at: 2017-10-23T18:07:59+02:00
[INFO] Final Memory: 14M/351M
[INFO] ------------------------------------------------------------------------
[ERROR] Failed to execute goal fr.inria.gforge.spirals:npefix-maven:1.3:npefix (default-cli) on project jedis: Execution default-cli of goal fr.inria.gforge.spirals:npefix-maven:1.3:npefix failed: No failing test with NullPointerException or the NPE occurred outside the source. -> [Help 1]
[ERROR] 
[ERROR] To see the full stack trace of the errors, re-run Maven with the -e switch.
[ERROR] Re-run Maven using the -X switch to enable full debug logging.
[ERROR] 
[ERROR] For more information about the errors and possible solutions, please read the following articles:
[ERROR] [Help 1] http://cwiki.apache.org/confluence/display/MAVEN/PluginExecutionException
