[INFO] Scanning for projects...
[INFO]                                                                         
[INFO] ------------------------------------------------------------------------
[INFO] Building Dari: Utility 3.3-SNAPSHOT
[INFO] ------------------------------------------------------------------------
[INFO] Downloading: https://artifactory.psdops.com/public/com/psddev/dari-asm/3.3-SNAPSHOT/maven-metadata.xml
[INFO] Downloaded: https://artifactory.psdops.com/public/com/psddev/dari-asm/3.3-SNAPSHOT/maven-metadata.xml (744 B at 1.1 KB/sec)
[INFO] Downloading: https://artifactory.psdops.com/public/com/psddev/dari/3.3-SNAPSHOT/maven-metadata.xml
[INFO] Downloaded: https://artifactory.psdops.com/public/com/psddev/dari/3.3-SNAPSHOT/maven-metadata.xml (994 B at 5.3 KB/sec)
[INFO] Downloading: https://artifactory.psdops.com/public/com/psddev/dari-grandparent/3.3-SNAPSHOT/maven-metadata.xml
[INFO] Downloaded: https://artifactory.psdops.com/public/com/psddev/dari-grandparent/3.3-SNAPSHOT/maven-metadata.xml (793 B at 4.2 KB/sec)
[INFO] Downloading: https://artifactory.psdops.com/public/com/psddev/dari-reflections/3.3-SNAPSHOT/maven-metadata.xml
[INFO] Downloaded: https://artifactory.psdops.com/public/com/psddev/dari-reflections/3.3-SNAPSHOT/maven-metadata.xml (752 B at 4.0 KB/sec)
[INFO] 
[INFO] --- maven-dependency-plugin:2.8:build-classpath (default-cli) @ dari-util ---
[INFO] Wrote classpath file '/root/workspace/perfectsense/dari/223397217/util/classpath.info'.
[INFO] ------------------------------------------------------------------------
[INFO] BUILD SUCCESS
[INFO] ------------------------------------------------------------------------
[INFO] Total time: 2.567 s
[INFO] Finished at: 2017-04-19T09:14:55+02:00
[INFO] Final Memory: 21M/308M
[INFO] ------------------------------------------------------------------------
