[INFO ] fr.inria.main.evolution.AstorMain.setupLogging(AstorMain.java:280) - Log file at: ./workspace/xetorthio/jedis/291610330/repairnator.astor.log
[INFO ] fr.inria.astor.core.manipulation.MutationSupporter.buildModel(MutationSupporter.java:76) - building model: /root/./output_astor/AstorMain-291610330//src//default, compliance level: 8
[INFO ] fr.inria.astor.core.manipulation.MutationSupporter.buildModel(MutationSupporter.java:85) - Classpath for building SpoonModel [/root/./workspace/xetorthio/jedis/291610330/.m2/org/slf4j/slf4j-api/1.7.22/slf4j-api-1.7.22.jar, /root/./workspace/xetorthio/jedis/291610330/.m2/org/apache/commons/commons-pool2/2.4.2/commons-pool2-2.4.2.jar, /root/./workspace/xetorthio/jedis/291610330/.m2/junit/junit/4.11/junit-4.11.jar, /root/./workspace/xetorthio/jedis/291610330/.m2/org/hamcrest/hamcrest-core/1.3/hamcrest-core-1.3.jar, /root/./workspace/xetorthio/jedis/291610330/.m2/org/apache/logging/log4j/log4j-core/2.8/log4j-core-2.8.jar, /root/./workspace/xetorthio/jedis/291610330/.m2/org/apache/logging/log4j/log4j-api/2.8/log4j-api-2.8.jar, /root/./workspace/xetorthio/jedis/291610330/.m2/org/apache/logging/log4j/log4j-slf4j-impl/2.8/log4j-slf4j-impl-2.8.jar]
[INFO ] fr.inria.astor.core.setup.ProjectRepairFacade.calculateSuspicious(ProjectRepairFacade.java:215) - -Executing Gzoltar classpath: /root/./output_astor/AstorMain-291610330//bin//default from 45 classes with test cases
[INFO ] fr.inria.astor.core.faultlocalization.GZoltarFaultLocalization.searchSuspicious(GZoltarFaultLocalization.java:38) - Gzoltar fault localization: min susp value parameter: 0.1
[INFO ] fr.inria.astor.core.faultlocalization.GZoltarFaultLocalization.searchSuspicious(GZoltarFaultLocalization.java:58) - -gz-Adding classpath: [/root/./workspace/xetorthio/jedis/291610330/.m2/org/apache/logging/log4j/log4j-slf4j-impl/2.8/log4j-slf4j-impl-2.8.jar, /root/./workspace/xetorthio/jedis/291610330/.m2/org/apache/commons/commons-pool2/2.4.2/commons-pool2-2.4.2.jar, /root/./workspace/xetorthio/jedis/291610330/.m2/org/apache/logging/log4j/log4j-core/2.8/log4j-core-2.8.jar, /root/./workspace/xetorthio/jedis/291610330/.m2/org/apache/logging/log4j/log4j-api/2.8/log4j-api-2.8.jar, /root/./workspace/xetorthio/jedis/291610330/.m2/org/hamcrest/hamcrest-core/1.3/hamcrest-core-1.3.jar, /root/./output_astor/AstorMain-291610330//bin//default, /root/./workspace/xetorthio/jedis/291610330/.m2/org/slf4j/slf4j-api/1.7.22/slf4j-api-1.7.22.jar, /root/./workspace/xetorthio/jedis/291610330/.m2/junit/junit/4.11/junit-4.11.jar]
[INFO ] fr.inria.astor.core.faultlocalization.GZoltarFaultLocalization.searchSuspicious(GZoltarFaultLocalization.java:77) - Test failt: redis.clients.jedis.tests.commands.SortingCommandsTest#sortGet
[INFO ] fr.inria.astor.core.faultlocalization.GZoltarFaultLocalization.searchSuspicious(GZoltarFaultLocalization.java:77) - Test failt: redis.clients.jedis.tests.commands.SortingCommandsTest#sortBy
[INFO ] fr.inria.astor.core.faultlocalization.GZoltarFaultLocalization.searchSuspicious(GZoltarFaultLocalization.java:77) - Test failt: redis.clients.jedis.tests.commands.SortingCommandsTest#sortAlpha
[INFO ] fr.inria.astor.core.faultlocalization.GZoltarFaultLocalization.searchSuspicious(GZoltarFaultLocalization.java:77) - Test failt: redis.clients.jedis.tests.commands.SortingCommandsTest#sortLimit
[INFO ] fr.inria.astor.core.faultlocalization.GZoltarFaultLocalization.searchSuspicious(GZoltarFaultLocalization.java:77) - Test failt: redis.clients.jedis.tests.commands.SortingCommandsTest#sortStore
[INFO ] fr.inria.astor.core.faultlocalization.GZoltarFaultLocalization.searchSuspicious(GZoltarFaultLocalization.java:77) - Test failt: redis.clients.jedis.tests.commands.SortingCommandsTest#sort
[INFO ] fr.inria.astor.core.faultlocalization.GZoltarFaultLocalization.searchSuspicious(GZoltarFaultLocalization.java:77) - Test failt: redis.clients.jedis.tests.commands.SortingCommandsTest#sortDesc
[INFO ] fr.inria.astor.core.faultlocalization.GZoltarFaultLocalization.searchSuspicious(GZoltarFaultLocalization.java:77) - Test failt: redis.clients.jedis.tests.commands.ScriptingCommandsTest#scriptExists
[INFO ] fr.inria.astor.core.faultlocalization.GZoltarFaultLocalization.searchSuspicious(GZoltarFaultLocalization.java:77) - Test failt: redis.clients.jedis.tests.commands.ScriptingCommandsTest#scriptExistsWithBrokenConnection
[INFO ] fr.inria.astor.core.faultlocalization.GZoltarFaultLocalization.searchSuspicious(GZoltarFaultLocalization.java:77) - Test failt: redis.clients.jedis.tests.commands.ScriptingCommandsTest#scriptLoadBinary
[INFO ] fr.inria.astor.core.faultlocalization.GZoltarFaultLocalization.searchSuspicious(GZoltarFaultLocalization.java:77) - Test failt: redis.clients.jedis.tests.commands.ScriptingCommandsTest#evalMultiBulkWithBinaryJedis
[INFO ] fr.inria.astor.core.faultlocalization.GZoltarFaultLocalization.searchSuspicious(GZoltarFaultLocalization.java:77) - Test failt: redis.clients.jedis.tests.commands.ScriptingCommandsTest#scriptExistsBinary
[INFO ] fr.inria.astor.core.faultlocalization.GZoltarFaultLocalization.searchSuspicious(GZoltarFaultLocalization.java:77) - Test failt: redis.clients.jedis.tests.commands.ScriptingCommandsTest#evalInt
[INFO ] fr.inria.astor.core.faultlocalization.GZoltarFaultLocalization.searchSuspicious(GZoltarFaultLocalization.java:77) - Test failt: redis.clients.jedis.tests.commands.ScriptingCommandsTest#evalsha
[INFO ] fr.inria.astor.core.faultlocalization.GZoltarFaultLocalization.searchSuspicious(GZoltarFaultLocalization.java:77) - Test failt: redis.clients.jedis.tests.commands.ScriptingCommandsTest#scriptKill
[INFO ] fr.inria.astor.core.faultlocalization.GZoltarFaultLocalization.searchSuspicious(GZoltarFaultLocalization.java:77) - Test failt: redis.clients.jedis.tests.commands.ScriptingCommandsTest#scriptLoad
[INFO ] fr.inria.astor.core.faultlocalization.GZoltarFaultLocalization.searchSuspicious(GZoltarFaultLocalization.java:77) - Test failt: redis.clients.jedis.tests.commands.ScriptingCommandsTest#scriptFlush
[INFO ] fr.inria.astor.core.faultlocalization.GZoltarFaultLocalization.searchSuspicious(GZoltarFaultLocalization.java:77) - Test failt: redis.clients.jedis.tests.commands.ScriptingCommandsTest#evalNoArgs
[INFO ] fr.inria.astor.core.faultlocalization.GZoltarFaultLocalization.searchSuspicious(GZoltarFaultLocalization.java:77) - Test failt: redis.clients.jedis.tests.commands.ScriptingCommandsTest#scriptEvalShaReturnNullValues
[INFO ] fr.inria.astor.core.faultlocalization.GZoltarFaultLocalization.searchSuspicious(GZoltarFaultLocalization.java:77) - Test failt: redis.clients.jedis.tests.commands.ScriptingCommandsTest#evalBulk
[INFO ] fr.inria.astor.core.faultlocalization.GZoltarFaultLocalization.searchSuspicious(GZoltarFaultLocalization.java:77) - Test failt: redis.clients.jedis.tests.commands.ScriptingCommandsTest#evalNestedLists
[INFO ] fr.inria.astor.core.faultlocalization.GZoltarFaultLocalization.searchSuspicious(GZoltarFaultLocalization.java:77) - Test failt: redis.clients.jedis.tests.commands.ScriptingCommandsTest#scriptEvalReturnNullValues
[INFO ] fr.inria.astor.core.faultlocalization.GZoltarFaultLocalization.searchSuspicious(GZoltarFaultLocalization.java:77) - Test failt: redis.clients.jedis.tests.commands.ScriptingCommandsTest#evalMultiBulk
[INFO ] fr.inria.astor.core.faultlocalization.GZoltarFaultLocalization.searchSuspicious(GZoltarFaultLocalization.java:77) - Test failt: redis.clients.jedis.tests.commands.ScriptingCommandsTest#evalshaShaNotFound
[INFO ] fr.inria.astor.core.faultlocalization.GZoltarFaultLocalization.searchSuspicious(GZoltarFaultLocalization.java:77) - Test failt: redis.clients.jedis.tests.commands.ControlCommandsTest#lastsave
[INFO ] fr.inria.astor.core.faultlocalization.GZoltarFaultLocalization.searchSuspicious(GZoltarFaultLocalization.java:77) - Test failt: redis.clients.jedis.tests.commands.ControlCommandsTest#bgsave
[INFO ] fr.inria.astor.core.faultlocalization.GZoltarFaultLocalization.searchSuspicious(GZoltarFaultLocalization.java:77) - Test failt: redis.clients.jedis.tests.commands.ControlCommandsTest#bgrewriteaof
[INFO ] fr.inria.astor.core.faultlocalization.GZoltarFaultLocalization.searchSuspicious(GZoltarFaultLocalization.java:77) - Test failt: redis.clients.jedis.tests.commands.ControlCommandsTest#readonly
[INFO ] fr.inria.astor.core.faultlocalization.GZoltarFaultLocalization.searchSuspicious(GZoltarFaultLocalization.java:77) - Test failt: redis.clients.jedis.tests.commands.ControlCommandsTest#configGet
[INFO ] fr.inria.astor.core.faultlocalization.GZoltarFaultLocalization.searchSuspicious(GZoltarFaultLocalization.java:77) - Test failt: redis.clients.jedis.tests.commands.ControlCommandsTest#configSet
[INFO ] fr.inria.astor.core.faultlocalization.GZoltarFaultLocalization.searchSuspicious(GZoltarFaultLocalization.java:77) - Test failt: redis.clients.jedis.tests.commands.ControlCommandsTest#info
[INFO ] fr.inria.astor.core.faultlocalization.GZoltarFaultLocalization.searchSuspicious(GZoltarFaultLocalization.java:77) - Test failt: redis.clients.jedis.tests.commands.ControlCommandsTest#save
[INFO ] fr.inria.astor.core.faultlocalization.GZoltarFaultLocalization.searchSuspicious(GZoltarFaultLocalization.java:77) - Test failt: redis.clients.jedis.tests.commands.ControlCommandsTest#sync
[INFO ] fr.inria.astor.core.faultlocalization.GZoltarFaultLocalization.searchSuspicious(GZoltarFaultLocalization.java:77) - Test failt: redis.clients.jedis.tests.commands.ControlCommandsTest#debug
[INFO ] fr.inria.astor.core.faultlocalization.GZoltarFaultLocalization.searchSuspicious(GZoltarFaultLocalization.java:77) - Test failt: redis.clients.jedis.tests.commands.ControlCommandsTest#waitReplicas
[INFO ] fr.inria.astor.core.faultlocalization.GZoltarFaultLocalization.searchSuspicious(GZoltarFaultLocalization.java:77) - Test failt: redis.clients.jedis.tests.commands.ControlCommandsTest#monitor
[INFO ] fr.inria.astor.core.faultlocalization.GZoltarFaultLocalization.searchSuspicious(GZoltarFaultLocalization.java:77) - Test failt: redis.clients.jedis.tests.commands.StringValuesCommandsTest#incrByWrongValue
[INFO ] fr.inria.astor.core.faultlocalization.GZoltarFaultLocalization.searchSuspicious(GZoltarFaultLocalization.java:77) - Test failt: redis.clients.jedis.tests.commands.StringValuesCommandsTest#append
[INFO ] fr.inria.astor.core.faultlocalization.GZoltarFaultLocalization.searchSuspicious(GZoltarFaultLocalization.java:77) - Test failt: redis.clients.jedis.tests.commands.StringValuesCommandsTest#decrBy
[INFO ] fr.inria.astor.core.faultlocalization.GZoltarFaultLocalization.searchSuspicious(GZoltarFaultLocalization.java:77) - Test failt: redis.clients.jedis.tests.commands.StringValuesCommandsTest#getSet
[INFO ] fr.inria.astor.core.faultlocalization.GZoltarFaultLocalization.searchSuspicious(GZoltarFaultLocalization.java:77) - Test failt: redis.clients.jedis.tests.commands.StringValuesCommandsTest#incrBy
[INFO ] fr.inria.astor.core.faultlocalization.GZoltarFaultLocalization.searchSuspicious(GZoltarFaultLocalization.java:77) - Test failt: redis.clients.jedis.tests.commands.StringValuesCommandsTest#incrLargeNumbers
[INFO ] fr.inria.astor.core.faultlocalization.GZoltarFaultLocalization.searchSuspicious(GZoltarFaultLocalization.java:77) - Test failt: redis.clients.jedis.tests.commands.StringValuesCommandsTest#msetnx
[INFO ] fr.inria.astor.core.faultlocalization.GZoltarFaultLocalization.searchSuspicious(GZoltarFaultLocalization.java:77) - Test failt: redis.clients.jedis.tests.commands.StringValuesCommandsTest#psetex
[INFO ] fr.inria.astor.core.faultlocalization.GZoltarFaultLocalization.searchSuspicious(GZoltarFaultLocalization.java:77) - Test failt: redis.clients.jedis.tests.commands.StringValuesCommandsTest#strlen
[INFO ] fr.inria.astor.core.faultlocalization.GZoltarFaultLocalization.searchSuspicious(GZoltarFaultLocalization.java:77) - Test failt: redis.clients.jedis.tests.commands.StringValuesCommandsTest#substr
[INFO ] fr.inria.astor.core.faultlocalization.GZoltarFaultLocalization.searchSuspicious(GZoltarFaultLocalization.java:77) - Test failt: redis.clients.jedis.tests.commands.StringValuesCommandsTest#incrWrongValue
[INFO ] fr.inria.astor.core.faultlocalization.GZoltarFaultLocalization.searchSuspicious(GZoltarFaultLocalization.java:77) - Test failt: redis.clients.jedis.tests.commands.StringValuesCommandsTest#incrReallyLargeNumbers
[INFO ] fr.inria.astor.core.faultlocalization.GZoltarFaultLocalization.searchSuspicious(GZoltarFaultLocalization.java:77) - Test failt: redis.clients.jedis.tests.commands.StringValuesCommandsTest#decr
[INFO ] fr.inria.astor.core.faultlocalization.GZoltarFaultLocalization.searchSuspicious(GZoltarFaultLocalization.java:77) - Test failt: redis.clients.jedis.tests.commands.StringValuesCommandsTest#incr
[INFO ] fr.inria.astor.core.faultlocalization.GZoltarFaultLocalization.searchSuspicious(GZoltarFaultLocalization.java:77) - Test failt: redis.clients.jedis.tests.commands.StringValuesCommandsTest#mget
[INFO ] fr.inria.astor.core.faultlocalization.GZoltarFaultLocalization.searchSuspicious(GZoltarFaultLocalization.java:77) - Test failt: redis.clients.jedis.tests.commands.StringValuesCommandsTest#mset
[INFO ] fr.inria.astor.core.faultlocalization.GZoltarFaultLocalization.searchSuspicious(GZoltarFaultLocalization.java:77) - Test failt: redis.clients.jedis.tests.commands.StringValuesCommandsTest#decrByWrongValue
[INFO ] fr.inria.astor.core.faultlocalization.GZoltarFaultLocalization.searchSuspicious(GZoltarFaultLocalization.java:77) - Test failt: redis.clients.jedis.tests.commands.StringValuesCommandsTest#setAndGet
[INFO ] fr.inria.astor.core.faultlocalization.GZoltarFaultLocalization.searchSuspicious(GZoltarFaultLocalization.java:77) - Test failt: redis.clients.jedis.tests.commands.StringValuesCommandsTest#setex
[INFO ] fr.inria.astor.core.faultlocalization.GZoltarFaultLocalization.searchSuspicious(GZoltarFaultLocalization.java:77) - Test failt: redis.clients.jedis.tests.commands.StringValuesCommandsTest#setnx
[INFO ] fr.inria.astor.core.faultlocalization.GZoltarFaultLocalization.searchSuspicious(GZoltarFaultLocalization.java:77) - Test failt: redis.clients.jedis.tests.commands.StringValuesCommandsTest#incrByFloat
[INFO ] fr.inria.astor.core.faultlocalization.GZoltarFaultLocalization.searchSuspicious(GZoltarFaultLocalization.java:77) - Test failt: redis.clients.jedis.tests.commands.StringValuesCommandsTest#decrWrongValue
[INFO ] fr.inria.astor.core.faultlocalization.GZoltarFaultLocalization.searchSuspicious(GZoltarFaultLocalization.java:77) - Test failt: redis.clients.jedis.tests.commands.StringValuesCommandsTest#incrByFloatWrongValue
[INFO ] fr.inria.astor.core.faultlocalization.GZoltarFaultLocalization.searchSuspicious(GZoltarFaultLocalization.java:77) - Test failt: redis.clients.jedis.tests.commands.SortedSetCommandsTest#zrangeByLex
[INFO ] fr.inria.astor.core.faultlocalization.GZoltarFaultLocalization.searchSuspicious(GZoltarFaultLocalization.java:77) - Test failt: redis.clients.jedis.tests.commands.SortedSetCommandsTest#zremrangeByLexBinary
[INFO ] fr.inria.astor.core.faultlocalization.GZoltarFaultLocalization.searchSuspicious(GZoltarFaultLocalization.java:77) - Test failt: redis.clients.jedis.tests.commands.SortedSetCommandsTest#zinterstore
[INFO ] fr.inria.astor.core.faultlocalization.GZoltarFaultLocalization.searchSuspicious(GZoltarFaultLocalization.java:77) - Test failt: redis.clients.jedis.tests.commands.SortedSetCommandsTest#zrevrange
[INFO ] fr.inria.astor.core.faultlocalization.GZoltarFaultLocalization.searchSuspicious(GZoltarFaultLocalization.java:77) - Test failt: redis.clients.jedis.tests.commands.SortedSetCommandsTest#zunionstore
[INFO ] fr.inria.astor.core.faultlocalization.GZoltarFaultLocalization.searchSuspicious(GZoltarFaultLocalization.java:77) - Test failt: redis.clients.jedis.tests.commands.SortedSetCommandsTest#zrangebyscoreWithScores
[INFO ] fr.inria.astor.core.faultlocalization.GZoltarFaultLocalization.searchSuspicious(GZoltarFaultLocalization.java:77) - Test failt: redis.clients.jedis.tests.commands.SortedSetCommandsTest#zrevrangebyscoreWithScores
[INFO ] fr.inria.astor.core.faultlocalization.GZoltarFaultLocalization.searchSuspicious(GZoltarFaultLocalization.java:77) - Test failt: redis.clients.jedis.tests.commands.SortedSetCommandsTest#zrevrank
[INFO ] fr.inria.astor.core.faultlocalization.GZoltarFaultLocalization.searchSuspicious(GZoltarFaultLocalization.java:77) - Test failt: redis.clients.jedis.tests.commands.SortedSetCommandsTest#zcount
[INFO ] fr.inria.astor.core.faultlocalization.GZoltarFaultLocalization.searchSuspicious(GZoltarFaultLocalization.java:77) - Test failt: redis.clients.jedis.tests.commands.SortedSetCommandsTest#zrange
[INFO ] fr.inria.astor.core.faultlocalization.GZoltarFaultLocalization.searchSuspicious(GZoltarFaultLocalization.java:77) - Test failt: redis.clients.jedis.tests.commands.SortedSetCommandsTest#zscore
[INFO ] fr.inria.astor.core.faultlocalization.GZoltarFaultLocalization.searchSuspicious(GZoltarFaultLocalization.java:77) - Test failt: redis.clients.jedis.tests.commands.SortedSetCommandsTest#zremrangeByLex
[INFO ] fr.inria.astor.core.faultlocalization.GZoltarFaultLocalization.searchSuspicious(GZoltarFaultLocalization.java:77) - Test failt: redis.clients.jedis.tests.commands.SortedSetCommandsTest#zincrby
[INFO ] fr.inria.astor.core.faultlocalization.GZoltarFaultLocalization.searchSuspicious(GZoltarFaultLocalization.java:77) - Test failt: redis.clients.jedis.tests.commands.SortedSetCommandsTest#zscanCount
[INFO ] fr.inria.astor.core.faultlocalization.GZoltarFaultLocalization.searchSuspicious(GZoltarFaultLocalization.java:77) - Test failt: redis.clients.jedis.tests.commands.SortedSetCommandsTest#zscanMatch
[INFO ] fr.inria.astor.core.faultlocalization.GZoltarFaultLocalization.searchSuspicious(GZoltarFaultLocalization.java:77) - Test failt: redis.clients.jedis.tests.commands.SortedSetCommandsTest#zadd
[INFO ] fr.inria.astor.core.faultlocalization.GZoltarFaultLocalization.searchSuspicious(GZoltarFaultLocalization.java:77) - Test failt: redis.clients.jedis.tests.commands.SortedSetCommandsTest#zrem
[INFO ] fr.inria.astor.core.faultlocalization.GZoltarFaultLocalization.searchSuspicious(GZoltarFaultLocalization.java:77) - Test failt: redis.clients.jedis.tests.commands.SortedSetCommandsTest#zcard
[INFO ] fr.inria.astor.core.faultlocalization.GZoltarFaultLocalization.searchSuspicious(GZoltarFaultLocalization.java:77) - Test failt: redis.clients.jedis.tests.commands.SortedSetCommandsTest#zrank
[INFO ] fr.inria.astor.core.faultlocalization.GZoltarFaultLocalization.searchSuspicious(GZoltarFaultLocalization.java:77) - Test failt: redis.clients.jedis.tests.commands.SortedSetCommandsTest#zscan
[INFO ] fr.inria.astor.core.faultlocalization.GZoltarFaultLocalization.searchSuspicious(GZoltarFaultLocalization.java:77) - Test failt: redis.clients.jedis.tests.commands.SortedSetCommandsTest#zunionstoreParams
[INFO ] fr.inria.astor.core.faultlocalization.GZoltarFaultLocalization.searchSuspicious(GZoltarFaultLocalization.java:77) - Test failt: redis.clients.jedis.tests.commands.SortedSetCommandsTest#zrevrangeByLex
[INFO ] fr.inria.astor.core.faultlocalization.GZoltarFaultLocalization.searchSuspicious(GZoltarFaultLocalization.java:77) - Test failt: redis.clients.jedis.tests.commands.SortedSetCommandsTest#zremrangeByScore
[INFO ] fr.inria.astor.core.faultlocalization.GZoltarFaultLocalization.searchSuspicious(GZoltarFaultLocalization.java:77) - Test failt: redis.clients.jedis.tests.commands.SortedSetCommandsTest#zrevrangebyscore
[INFO ] fr.inria.astor.core.faultlocalization.GZoltarFaultLocalization.searchSuspicious(GZoltarFaultLocalization.java:77) - Test failt: redis.clients.jedis.tests.commands.SortedSetCommandsTest#zrangeByLexBinary
[INFO ] fr.inria.astor.core.faultlocalization.GZoltarFaultLocalization.searchSuspicious(GZoltarFaultLocalization.java:77) - Test failt: redis.clients.jedis.tests.commands.SortedSetCommandsTest#zaddWithParams
[INFO ] fr.inria.astor.core.faultlocalization.GZoltarFaultLocalization.searchSuspicious(GZoltarFaultLocalization.java:77) - Test failt: redis.clients.jedis.tests.commands.SortedSetCommandsTest#zlexcountBinary
[INFO ] fr.inria.astor.core.faultlocalization.GZoltarFaultLocalization.searchSuspicious(GZoltarFaultLocalization.java:77) - Test failt: redis.clients.jedis.tests.commands.SortedSetCommandsTest#zlexcount
[INFO ] fr.inria.astor.core.faultlocalization.GZoltarFaultLocalization.searchSuspicious(GZoltarFaultLocalization.java:77) - Test failt: redis.clients.jedis.tests.commands.SortedSetCommandsTest#zrangebyscore
[INFO ] fr.inria.astor.core.faultlocalization.GZoltarFaultLocalization.searchSuspicious(GZoltarFaultLocalization.java:77) - Test failt: redis.clients.jedis.tests.commands.SortedSetCommandsTest#zrevrangeWithScores
[INFO ] fr.inria.astor.core.faultlocalization.GZoltarFaultLocalization.searchSuspicious(GZoltarFaultLocalization.java:77) - Test failt: redis.clients.jedis.tests.commands.SortedSetCommandsTest#zrevrangeByLexBinary
[INFO ] fr.inria.astor.core.faultlocalization.GZoltarFaultLocalization.searchSuspicious(GZoltarFaultLocalization.java:77) - Test failt: redis.clients.jedis.tests.commands.SortedSetCommandsTest#zrangeWithScores
[INFO ] fr.inria.astor.core.faultlocalization.GZoltarFaultLocalization.searchSuspicious(GZoltarFaultLocalization.java:77) - Test failt: redis.clients.jedis.tests.commands.SortedSetCommandsTest#zincrbyWithParams
[INFO ] fr.inria.astor.core.faultlocalization.GZoltarFaultLocalization.searchSuspicious(GZoltarFaultLocalization.java:77) - Test failt: redis.clients.jedis.tests.commands.SortedSetCommandsTest#zintertoreParams
[INFO ] fr.inria.astor.core.faultlocalization.GZoltarFaultLocalization.searchSuspicious(GZoltarFaultLocalization.java:77) - Test failt: redis.clients.jedis.tests.commands.SortedSetCommandsTest#zremrangeByRank
[INFO ] fr.inria.astor.core.faultlocalization.GZoltarFaultLocalization.searchSuspicious(GZoltarFaultLocalization.java:77) - Test failt: redis.clients.jedis.tests.ShardedJedisPoolTest#checkJedisIsReusedWhenReturned
[INFO ] fr.inria.astor.core.faultlocalization.GZoltarFaultLocalization.searchSuspicious(GZoltarFaultLocalization.java:77) - Test failt: redis.clients.jedis.tests.ShardedJedisPoolTest#checkPoolRepairedWhenJedisIsBroken
[INFO ] fr.inria.astor.core.faultlocalization.GZoltarFaultLocalization.searchSuspicious(GZoltarFaultLocalization.java:77) - Test failt: redis.clients.jedis.tests.ShardedJedisPoolTest#returnResourceShouldResetState
[INFO ] fr.inria.astor.core.faultlocalization.GZoltarFaultLocalization.searchSuspicious(GZoltarFaultLocalization.java:77) - Test failt: redis.clients.jedis.tests.ShardedJedisPoolTest#checkCloseableConnections
[INFO ] fr.inria.astor.core.faultlocalization.GZoltarFaultLocalization.searchSuspicious(GZoltarFaultLocalization.java:77) - Test failt: redis.clients.jedis.tests.ShardedJedisPoolTest#checkPoolOverflow
[INFO ] fr.inria.astor.core.faultlocalization.GZoltarFaultLocalization.searchSuspicious(GZoltarFaultLocalization.java:77) - Test failt: redis.clients.jedis.tests.ShardedJedisPoolTest#startWithUrlString
[INFO ] fr.inria.astor.core.faultlocalization.GZoltarFaultLocalization.searchSuspicious(GZoltarFaultLocalization.java:77) - Test failt: redis.clients.jedis.tests.ShardedJedisPoolTest#checkConnections
[INFO ] fr.inria.astor.core.faultlocalization.GZoltarFaultLocalization.searchSuspicious(GZoltarFaultLocalization.java:77) - Test failt: redis.clients.jedis.tests.ShardedJedisPoolTest#shouldNotShareInstances
[INFO ] fr.inria.astor.core.faultlocalization.GZoltarFaultLocalization.searchSuspicious(GZoltarFaultLocalization.java:77) - Test failt: redis.clients.jedis.tests.ShardedJedisPoolTest#checkFailedJedisServer
[INFO ] fr.inria.astor.core.faultlocalization.GZoltarFaultLocalization.searchSuspicious(GZoltarFaultLocalization.java:77) - Test failt: redis.clients.jedis.tests.ShardedJedisPoolTest#startWithUrl
[INFO ] fr.inria.astor.core.faultlocalization.GZoltarFaultLocalization.searchSuspicious(GZoltarFaultLocalization.java:77) - Test failt: redis.clients.jedis.tests.ShardedJedisPoolTest#checkResourceIsCloseable
[INFO ] fr.inria.astor.core.faultlocalization.GZoltarFaultLocalization.searchSuspicious(GZoltarFaultLocalization.java:77) - Test failt: redis.clients.jedis.tests.ShardedJedisPoolTest#shouldReturnActiveShardsWhenOneGoesOffline
[INFO ] fr.inria.astor.core.faultlocalization.GZoltarFaultLocalization.searchSuspicious(GZoltarFaultLocalization.java:77) - Test failt: redis.clients.jedis.tests.ShardedJedisPoolTest#checkConnectionWithDefaultPort
[INFO ] fr.inria.astor.core.faultlocalization.GZoltarFaultLocalization.searchSuspicious(GZoltarFaultLocalization.java:77) - Test failt: redis.clients.jedis.tests.commands.ListCommandsTest#brpoplpush
[INFO ] fr.inria.astor.core.faultlocalization.GZoltarFaultLocalization.searchSuspicious(GZoltarFaultLocalization.java:77) - Test failt: redis.clients.jedis.tests.commands.ListCommandsTest#lindex
[INFO ] fr.inria.astor.core.faultlocalization.GZoltarFaultLocalization.searchSuspicious(GZoltarFaultLocalization.java:77) - Test failt: redis.clients.jedis.tests.commands.ListCommandsTest#lpushx
[INFO ] fr.inria.astor.core.faultlocalization.GZoltarFaultLocalization.searchSuspicious(GZoltarFaultLocalization.java:77) - Test failt: redis.clients.jedis.tests.commands.ListCommandsTest#lrange
[INFO ] fr.inria.astor.core.faultlocalization.GZoltarFaultLocalization.searchSuspicious(GZoltarFaultLocalization.java:77) - Test failt: redis.clients.jedis.tests.commands.ListCommandsTest#rpushx
[INFO ] fr.inria.astor.core.faultlocalization.GZoltarFaultLocalization.searchSuspicious(GZoltarFaultLocalization.java:77) - Test failt: redis.clients.jedis.tests.commands.ListCommandsTest#llen
[INFO ] fr.inria.astor.core.faultlocalization.GZoltarFaultLocalization.searchSuspicious(GZoltarFaultLocalization.java:77) - Test failt: redis.clients.jedis.tests.commands.ListCommandsTest#lpop
[INFO ] fr.inria.astor.core.faultlocalization.GZoltarFaultLocalization.searchSuspicious(GZoltarFaultLocalization.java:77) - Test failt: redis.clients.jedis.tests.commands.ListCommandsTest#lrem
[INFO ] fr.inria.astor.core.faultlocalization.GZoltarFaultLocalization.searchSuspicious(GZoltarFaultLocalization.java:77) - Test failt: redis.clients.jedis.tests.commands.ListCommandsTest#lset
[INFO ] fr.inria.astor.core.faultlocalization.GZoltarFaultLocalization.searchSuspicious(GZoltarFaultLocalization.java:77) - Test failt: redis.clients.jedis.tests.commands.ListCommandsTest#rpop
[INFO ] fr.inria.astor.core.faultlocalization.GZoltarFaultLocalization.searchSuspicious(GZoltarFaultLocalization.java:77) - Test failt: redis.clients.jedis.tests.commands.ListCommandsTest#blpop
[INFO ] fr.inria.astor.core.faultlocalization.GZoltarFaultLocalization.searchSuspicious(GZoltarFaultLocalization.java:77) - Test failt: redis.clients.jedis.tests.commands.ListCommandsTest#brpop
[INFO ] fr.inria.astor.core.faultlocalization.GZoltarFaultLocalization.searchSuspicious(GZoltarFaultLocalization.java:77) - Test failt: redis.clients.jedis.tests.commands.ListCommandsTest#lpush
[INFO ] fr.inria.astor.core.faultlocalization.GZoltarFaultLocalization.searchSuspicious(GZoltarFaultLocalization.java:77) - Test failt: redis.clients.jedis.tests.commands.ListCommandsTest#ltrim
[INFO ] fr.inria.astor.core.faultlocalization.GZoltarFaultLocalization.searchSuspicious(GZoltarFaultLocalization.java:77) - Test failt: redis.clients.jedis.tests.commands.ListCommandsTest#rpush
[INFO ] fr.inria.astor.core.faultlocalization.GZoltarFaultLocalization.searchSuspicious(GZoltarFaultLocalization.java:77) - Test failt: redis.clients.jedis.tests.commands.ListCommandsTest#linsert
[INFO ] fr.inria.astor.core.faultlocalization.GZoltarFaultLocalization.searchSuspicious(GZoltarFaultLocalization.java:77) - Test failt: redis.clients.jedis.tests.commands.ListCommandsTest#rpoplpush
[INFO ] fr.inria.astor.core.faultlocalization.GZoltarFaultLocalization.searchSuspicious(GZoltarFaultLocalization.java:77) - Test failt: redis.clients.jedis.tests.commands.ListCommandsTest#llenNotOnList
[INFO ] fr.inria.astor.core.faultlocalization.GZoltarFaultLocalization.searchSuspicious(GZoltarFaultLocalization.java:77) - Test failt: redis.clients.jedis.tests.commands.TransactionCommandsTest#transactionResponseWithError
[INFO ] fr.inria.astor.core.faultlocalization.GZoltarFaultLocalization.searchSuspicious(GZoltarFaultLocalization.java:77) - Test failt: redis.clients.jedis.tests.commands.TransactionCommandsTest#transactionResponse
[INFO ] fr.inria.astor.core.faultlocalization.GZoltarFaultLocalization.searchSuspicious(GZoltarFaultLocalization.java:77) - Test failt: redis.clients.jedis.tests.commands.TransactionCommandsTest#select
[INFO ] fr.inria.astor.core.faultlocalization.GZoltarFaultLocalization.searchSuspicious(GZoltarFaultLocalization.java:77) - Test failt: redis.clients.jedis.tests.commands.TransactionCommandsTest#testResetStateWithFullyExecutedTransaction
[INFO ] fr.inria.astor.core.faultlocalization.GZoltarFaultLocalization.searchSuspicious(GZoltarFaultLocalization.java:77) - Test failt: redis.clients.jedis.tests.commands.TransactionCommandsTest#testResetStateWhenInMulti
[INFO ] fr.inria.astor.core.faultlocalization.GZoltarFaultLocalization.searchSuspicious(GZoltarFaultLocalization.java:77) - Test failt: redis.clients.jedis.tests.commands.TransactionCommandsTest#testResetStateWhenInWatch
[INFO ] fr.inria.astor.core.faultlocalization.GZoltarFaultLocalization.searchSuspicious(GZoltarFaultLocalization.java:77) - Test failt: redis.clients.jedis.tests.commands.TransactionCommandsTest#unwatch
[INFO ] fr.inria.astor.core.faultlocalization.GZoltarFaultLocalization.searchSuspicious(GZoltarFaultLocalization.java:77) - Test failt: redis.clients.jedis.tests.commands.TransactionCommandsTest#multi
[INFO ] fr.inria.astor.core.faultlocalization.GZoltarFaultLocalization.searchSuspicious(GZoltarFaultLocalization.java:77) - Test failt: redis.clients.jedis.tests.commands.TransactionCommandsTest#watch
[INFO ] fr.inria.astor.core.faultlocalization.GZoltarFaultLocalization.searchSuspicious(GZoltarFaultLocalization.java:77) - Test failt: redis.clients.jedis.tests.commands.TransactionCommandsTest#testCloseable
[INFO ] fr.inria.astor.core.faultlocalization.GZoltarFaultLocalization.searchSuspicious(GZoltarFaultLocalization.java:77) - Test failt: redis.clients.jedis.tests.commands.TransactionCommandsTest#execGetResponse
[INFO ] fr.inria.astor.core.faultlocalization.GZoltarFaultLocalization.searchSuspicious(GZoltarFaultLocalization.java:77) - Test failt: redis.clients.jedis.tests.commands.TransactionCommandsTest#transactionResponseWithinPipeline
[INFO ] fr.inria.astor.core.faultlocalization.GZoltarFaultLocalization.searchSuspicious(GZoltarFaultLocalization.java:77) - Test failt: redis.clients.jedis.tests.commands.TransactionCommandsTest#transactionResponseBinary
[INFO ] fr.inria.astor.core.faultlocalization.GZoltarFaultLocalization.searchSuspicious(GZoltarFaultLocalization.java:77) - Test failt: redis.clients.jedis.tests.commands.TransactionCommandsTest#testResetStateWhenInMultiWithinPipeline
[INFO ] fr.inria.astor.core.faultlocalization.GZoltarFaultLocalization.searchSuspicious(GZoltarFaultLocalization.java:77) - Test failt: redis.clients.jedis.tests.commands.TransactionCommandsTest#discard
[INFO ] fr.inria.astor.core.faultlocalization.GZoltarFaultLocalization.searchSuspicious(GZoltarFaultLocalization.java:77) - Test failt: redis.clients.jedis.tests.commands.TransactionCommandsTest#validateWhenInMulti
[INFO ] fr.inria.astor.core.faultlocalization.GZoltarFaultLocalization.searchSuspicious(GZoltarFaultLocalization.java:77) - Test failt: redis.clients.jedis.tests.JedisClusterTest#testClusterCountKeysInSlot
[INFO ] fr.inria.astor.core.faultlocalization.GZoltarFaultLocalization.searchSuspicious(GZoltarFaultLocalization.java:77) - Test failt: redis.clients.jedis.tests.JedisClusterTest#testRedisClusterMaxRedirections
[INFO ] fr.inria.astor.core.faultlocalization.GZoltarFaultLocalization.searchSuspicious(GZoltarFaultLocalization.java:77) - Test failt: redis.clients.jedis.tests.JedisClusterTest#testClusterKeySlot
[INFO ] fr.inria.astor.core.faultlocalization.GZoltarFaultLocalization.searchSuspicious(GZoltarFaultLocalization.java:77) - Test failt: redis.clients.jedis.tests.JedisClusterTest#testSetClientName
[INFO ] fr.inria.astor.core.faultlocalization.GZoltarFaultLocalization.searchSuspicious(GZoltarFaultLocalization.java:77) - Test failt: redis.clients.jedis.tests.JedisClusterTest#testRedisHashtag
[INFO ] fr.inria.astor.core.faultlocalization.GZoltarFaultLocalization.searchSuspicious(GZoltarFaultLocalization.java:77) - Test failt: redis.clients.jedis.tests.JedisClusterTest#testAskResponse
[INFO ] fr.inria.astor.core.faultlocalization.GZoltarFaultLocalization.searchSuspicious(GZoltarFaultLocalization.java:77) - Test failt: redis.clients.jedis.tests.JedisClusterTest#testIfPoolConfigAppliesToClusterPools
[INFO ] fr.inria.astor.core.faultlocalization.GZoltarFaultLocalization.searchSuspicious(GZoltarFaultLocalization.java:77) - Test failt: redis.clients.jedis.tests.JedisClusterTest#testReadonly
[INFO ] fr.inria.astor.core.faultlocalization.GZoltarFaultLocalization.searchSuspicious(GZoltarFaultLocalization.java:77) - Test failt: redis.clients.jedis.tests.JedisClusterTest#testDiscoverNodesAutomatically
[INFO ] fr.inria.astor.core.faultlocalization.GZoltarFaultLocalization.searchSuspicious(GZoltarFaultLocalization.java:77) - Test failt: redis.clients.jedis.tests.JedisClusterTest#testMigrateToNewNode
[INFO ] fr.inria.astor.core.faultlocalization.GZoltarFaultLocalization.searchSuspicious(GZoltarFaultLocalization.java:77) - Test failt: redis.clients.jedis.tests.JedisClusterTest#testMovedExceptionParameters
[INFO ] fr.inria.astor.core.faultlocalization.GZoltarFaultLocalization.searchSuspicious(GZoltarFaultLocalization.java:77) - Test failt: redis.clients.jedis.tests.JedisClusterTest#testThrowMovedException
[INFO ] fr.inria.astor.core.faultlocalization.GZoltarFaultLocalization.searchSuspicious(GZoltarFaultLocalization.java:77) - Test failt: redis.clients.jedis.tests.JedisClusterTest#testCloseable
[INFO ] fr.inria.astor.core.faultlocalization.GZoltarFaultLocalization.searchSuspicious(GZoltarFaultLocalization.java:77) - Test failt: redis.clients.jedis.tests.JedisClusterTest#testLocalhostNodeNotAddedWhen127Present
[INFO ] fr.inria.astor.core.faultlocalization.GZoltarFaultLocalization.searchSuspicious(GZoltarFaultLocalization.java:77) - Test failt: redis.clients.jedis.tests.JedisClusterTest#testClusterFlushSlots
[INFO ] fr.inria.astor.core.faultlocalization.GZoltarFaultLocalization.searchSuspicious(GZoltarFaultLocalization.java:77) - Test failt: redis.clients.jedis.tests.JedisClusterTest#testClusterForgetNode
[INFO ] fr.inria.astor.core.faultlocalization.GZoltarFaultLocalization.searchSuspicious(GZoltarFaultLocalization.java:77) - Test failt: redis.clients.jedis.tests.JedisClusterTest#testInvalidStartNodeNotAdded
[INFO ] fr.inria.astor.core.faultlocalization.GZoltarFaultLocalization.searchSuspicious(GZoltarFaultLocalization.java:77) - Test failt: redis.clients.jedis.tests.JedisClusterTest#testCalculateConnectionPerSlot
[INFO ] fr.inria.astor.core.faultlocalization.GZoltarFaultLocalization.searchSuspicious(GZoltarFaultLocalization.java:77) - Test failt: redis.clients.jedis.tests.JedisClusterTest#testMigrate
[INFO ] fr.inria.astor.core.faultlocalization.GZoltarFaultLocalization.searchSuspicious(GZoltarFaultLocalization.java:77) - Test failt: redis.clients.jedis.tests.JedisClusterTest#testReturnConnectionOnJedisConnectionException
[INFO ] fr.inria.astor.core.faultlocalization.GZoltarFaultLocalization.searchSuspicious(GZoltarFaultLocalization.java:77) - Test failt: redis.clients.jedis.tests.JedisClusterTest#testThrowAskException
[INFO ] fr.inria.astor.core.faultlocalization.GZoltarFaultLocalization.searchSuspicious(GZoltarFaultLocalization.java:77) - Test failt: redis.clients.jedis.tests.JedisClusterTest#testStableSlotWhenMigratingNodeOrImportingNodeIsNotSpecified
[INFO ] fr.inria.astor.core.faultlocalization.GZoltarFaultLocalization.searchSuspicious(GZoltarFaultLocalization.java:77) - Test failt: redis.clients.jedis.tests.JedisClusterTest#testReturnConnectionOnRedirection
[INFO ] fr.inria.astor.core.faultlocalization.GZoltarFaultLocalization.searchSuspicious(GZoltarFaultLocalization.java:77) - Test failt: redis.clients.jedis.tests.JedisClusterTest#testJedisClusterTimeout
[INFO ] fr.inria.astor.core.faultlocalization.GZoltarFaultLocalization.searchSuspicious(GZoltarFaultLocalization.java:77) - Test failt: redis.clients.jedis.tests.JedisClusterTest#testRecalculateSlotsWhenMoved
[INFO ] fr.inria.astor.core.faultlocalization.GZoltarFaultLocalization.searchSuspicious(GZoltarFaultLocalization.java:77) - Test failt: redis.clients.jedis.tests.JedisClusterTest#testJedisClusterRunsWithMultithreaded
[INFO ] fr.inria.astor.core.faultlocalization.GZoltarFaultLocalization.searchSuspicious(GZoltarFaultLocalization.java:77) - Test failt: redis.clients.jedis.tests.commands.HyperLogLogCommandsTest#pfcountBinary
[INFO ] fr.inria.astor.core.faultlocalization.GZoltarFaultLocalization.searchSuspicious(GZoltarFaultLocalization.java:77) - Test failt: redis.clients.jedis.tests.commands.HyperLogLogCommandsTest#pfcount
[INFO ] fr.inria.astor.core.faultlocalization.GZoltarFaultLocalization.searchSuspicious(GZoltarFaultLocalization.java:77) - Test failt: redis.clients.jedis.tests.commands.HyperLogLogCommandsTest#pfmerge
[INFO ] fr.inria.astor.core.faultlocalization.GZoltarFaultLocalization.searchSuspicious(GZoltarFaultLocalization.java:77) - Test failt: redis.clients.jedis.tests.commands.HyperLogLogCommandsTest#pfadd
[INFO ] fr.inria.astor.core.faultlocalization.GZoltarFaultLocalization.searchSuspicious(GZoltarFaultLocalization.java:77) - Test failt: redis.clients.jedis.tests.commands.HyperLogLogCommandsTest#pfcounts
[INFO ] fr.inria.astor.core.faultlocalization.GZoltarFaultLocalization.searchSuspicious(GZoltarFaultLocalization.java:77) - Test failt: redis.clients.jedis.tests.commands.HyperLogLogCommandsTest#pfmergeBinary
[INFO ] fr.inria.astor.core.faultlocalization.GZoltarFaultLocalization.searchSuspicious(GZoltarFaultLocalization.java:77) - Test failt: redis.clients.jedis.tests.commands.HyperLogLogCommandsTest#pfaddBinary
[INFO ] fr.inria.astor.core.faultlocalization.GZoltarFaultLocalization.searchSuspicious(GZoltarFaultLocalization.java:77) - Test failt: redis.clients.jedis.tests.ShardedJedisPipelineTest#pipeline
[INFO ] fr.inria.astor.core.faultlocalization.GZoltarFaultLocalization.searchSuspicious(GZoltarFaultLocalization.java:77) - Test failt: redis.clients.jedis.tests.ShardedJedisPipelineTest#pipelineResponseWithinPipeline
[INFO ] fr.inria.astor.core.faultlocalization.GZoltarFaultLocalization.searchSuspicious(GZoltarFaultLocalization.java:77) - Test failt: redis.clients.jedis.tests.ShardedJedisPipelineTest#canRetrieveUnsetKey
[INFO ] fr.inria.astor.core.faultlocalization.GZoltarFaultLocalization.searchSuspicious(GZoltarFaultLocalization.java:77) - Test failt: redis.clients.jedis.tests.ShardedJedisPipelineTest#testSyncWithNoCommandQueued
[INFO ] fr.inria.astor.core.faultlocalization.GZoltarFaultLocalization.searchSuspicious(GZoltarFaultLocalization.java:77) - Test failt: redis.clients.jedis.tests.ShardedJedisPipelineTest#pipelineResponse
[INFO ] fr.inria.astor.core.faultlocalization.GZoltarFaultLocalization.searchSuspicious(GZoltarFaultLocalization.java:77) - Test failt: redis.clients.jedis.tests.ConnectionCloseTest#connectIfNotConnectedWhenSettingTimeoutInfinite
[INFO ] fr.inria.astor.core.faultlocalization.GZoltarFaultLocalization.searchSuspicious(GZoltarFaultLocalization.java:77) - Test failt: redis.clients.jedis.tests.commands.SetCommandsTest#sinterstore
[INFO ] fr.inria.astor.core.faultlocalization.GZoltarFaultLocalization.searchSuspicious(GZoltarFaultLocalization.java:77) - Test failt: redis.clients.jedis.tests.commands.SetCommandsTest#sunionstore
[INFO ] fr.inria.astor.core.faultlocalization.GZoltarFaultLocalization.searchSuspicious(GZoltarFaultLocalization.java:77) - Test failt: redis.clients.jedis.tests.commands.SetCommandsTest#spopWithCount
[INFO ] fr.inria.astor.core.faultlocalization.GZoltarFaultLocalization.searchSuspicious(GZoltarFaultLocalization.java:77) - Test failt: redis.clients.jedis.tests.commands.SetCommandsTest#sismember
[INFO ] fr.inria.astor.core.faultlocalization.GZoltarFaultLocalization.searchSuspicious(GZoltarFaultLocalization.java:77) - Test failt: redis.clients.jedis.tests.commands.SetCommandsTest#sinter
[INFO ] fr.inria.astor.core.faultlocalization.GZoltarFaultLocalization.searchSuspicious(GZoltarFaultLocalization.java:77) - Test failt: redis.clients.jedis.tests.commands.SetCommandsTest#sunion
[INFO ] fr.inria.astor.core.faultlocalization.GZoltarFaultLocalization.searchSuspicious(GZoltarFaultLocalization.java:77) - Test failt: redis.clients.jedis.tests.commands.SetCommandsTest#smembers
[INFO ] fr.inria.astor.core.faultlocalization.GZoltarFaultLocalization.searchSuspicious(GZoltarFaultLocalization.java:77) - Test failt: redis.clients.jedis.tests.commands.SetCommandsTest#srandmember
[INFO ] fr.inria.astor.core.faultlocalization.GZoltarFaultLocalization.searchSuspicious(GZoltarFaultLocalization.java:77) - Test failt: redis.clients.jedis.tests.commands.SetCommandsTest#sadd
[INFO ] fr.inria.astor.core.faultlocalization.GZoltarFaultLocalization.searchSuspicious(GZoltarFaultLocalization.java:77) - Test failt: redis.clients.jedis.tests.commands.SetCommandsTest#spop
[INFO ] fr.inria.astor.core.faultlocalization.GZoltarFaultLocalization.searchSuspicious(GZoltarFaultLocalization.java:77) - Test failt: redis.clients.jedis.tests.commands.SetCommandsTest#srem
[INFO ] fr.inria.astor.core.faultlocalization.GZoltarFaultLocalization.searchSuspicious(GZoltarFaultLocalization.java:77) - Test failt: redis.clients.jedis.tests.commands.SetCommandsTest#scard
[INFO ] fr.inria.astor.core.faultlocalization.GZoltarFaultLocalization.searchSuspicious(GZoltarFaultLocalization.java:77) - Test failt: redis.clients.jedis.tests.commands.SetCommandsTest#sdiff
[INFO ] fr.inria.astor.core.faultlocalization.GZoltarFaultLocalization.searchSuspicious(GZoltarFaultLocalization.java:77) - Test failt: redis.clients.jedis.tests.commands.SetCommandsTest#smove
[INFO ] fr.inria.astor.core.faultlocalization.GZoltarFaultLocalization.searchSuspicious(GZoltarFaultLocalization.java:77) - Test failt: redis.clients.jedis.tests.commands.SetCommandsTest#sscan
[INFO ] fr.inria.astor.core.faultlocalization.GZoltarFaultLocalization.searchSuspicious(GZoltarFaultLocalization.java:77) - Test failt: redis.clients.jedis.tests.commands.SetCommandsTest#sdiffstore
[INFO ] fr.inria.astor.core.faultlocalization.GZoltarFaultLocalization.searchSuspicious(GZoltarFaultLocalization.java:77) - Test failt: redis.clients.jedis.tests.commands.SetCommandsTest#sscanCount
[INFO ] fr.inria.astor.core.faultlocalization.GZoltarFaultLocalization.searchSuspicious(GZoltarFaultLocalization.java:77) - Test failt: redis.clients.jedis.tests.commands.SetCommandsTest#sscanMatch
[INFO ] fr.inria.astor.core.faultlocalization.GZoltarFaultLocalization.searchSuspicious(GZoltarFaultLocalization.java:77) - Test failt: redis.clients.jedis.tests.commands.PublishSubscribeCommandsTest#binarySubscribeLazily
[INFO ] fr.inria.astor.core.faultlocalization.GZoltarFaultLocalization.searchSuspicious(GZoltarFaultLocalization.java:77) - Test failt: redis.clients.jedis.tests.commands.PublishSubscribeCommandsTest#subscribeLazily
[INFO ] fr.inria.astor.core.faultlocalization.GZoltarFaultLocalization.searchSuspicious(GZoltarFaultLocalization.java:77) - Test failt: redis.clients.jedis.tests.commands.PublishSubscribeCommandsTest#handleClientOutputBufferLimitForSubscribeTooSlow
[INFO ] fr.inria.astor.core.faultlocalization.GZoltarFaultLocalization.searchSuspicious(GZoltarFaultLocalization.java:77) - Test failt: redis.clients.jedis.tests.commands.PublishSubscribeCommandsTest#binarySubscribe
[INFO ] fr.inria.astor.core.faultlocalization.GZoltarFaultLocalization.searchSuspicious(GZoltarFaultLocalization.java:77) - Test failt: redis.clients.jedis.tests.commands.PublishSubscribeCommandsTest#pubSubChannels
[INFO ] fr.inria.astor.core.faultlocalization.GZoltarFaultLocalization.searchSuspicious(GZoltarFaultLocalization.java:77) - Test failt: redis.clients.jedis.tests.commands.PublishSubscribeCommandsTest#binarySubscribeMany
[INFO ] fr.inria.astor.core.faultlocalization.GZoltarFaultLocalization.searchSuspicious(GZoltarFaultLocalization.java:77) - Test failt: redis.clients.jedis.tests.commands.PublishSubscribeCommandsTest#binaryPsubscribe
[INFO ] fr.inria.astor.core.faultlocalization.GZoltarFaultLocalization.searchSuspicious(GZoltarFaultLocalization.java:77) - Test failt: redis.clients.jedis.tests.commands.PublishSubscribeCommandsTest#binaryPsubscribeMany
[INFO ] fr.inria.astor.core.faultlocalization.GZoltarFaultLocalization.searchSuspicious(GZoltarFaultLocalization.java:77) - Test failt: redis.clients.jedis.tests.commands.PublishSubscribeCommandsTest#unsubscribeWhenNotSusbscribed
[INFO ] fr.inria.astor.core.faultlocalization.GZoltarFaultLocalization.searchSuspicious(GZoltarFaultLocalization.java:77) - Test failt: redis.clients.jedis.tests.commands.PublishSubscribeCommandsTest#psubscribe
[INFO ] fr.inria.astor.core.faultlocalization.GZoltarFaultLocalization.searchSuspicious(GZoltarFaultLocalization.java:77) - Test failt: redis.clients.jedis.tests.commands.PublishSubscribeCommandsTest#subscribe
[INFO ] fr.inria.astor.core.faultlocalization.GZoltarFaultLocalization.searchSuspicious(GZoltarFaultLocalization.java:77) - Test failt: redis.clients.jedis.tests.commands.PublishSubscribeCommandsTest#psubscribeMany
[INFO ] fr.inria.astor.core.faultlocalization.GZoltarFaultLocalization.searchSuspicious(GZoltarFaultLocalization.java:77) - Test failt: redis.clients.jedis.tests.commands.PublishSubscribeCommandsTest#pubSubNumPat
[INFO ] fr.inria.astor.core.faultlocalization.GZoltarFaultLocalization.searchSuspicious(GZoltarFaultLocalization.java:77) - Test failt: redis.clients.jedis.tests.commands.PublishSubscribeCommandsTest#pubSubNumSub
[INFO ] fr.inria.astor.core.faultlocalization.GZoltarFaultLocalization.searchSuspicious(GZoltarFaultLocalization.java:77) - Test failt: redis.clients.jedis.tests.commands.PublishSubscribeCommandsTest#subscribeMany
[INFO ] fr.inria.astor.core.faultlocalization.GZoltarFaultLocalization.searchSuspicious(GZoltarFaultLocalization.java:77) - Test failt: redis.clients.jedis.tests.commands.PublishSubscribeCommandsTest#pubSubChannelWithPingPong
[INFO ] fr.inria.astor.core.faultlocalization.GZoltarFaultLocalization.searchSuspicious(GZoltarFaultLocalization.java:77) - Test failt: redis.clients.jedis.tests.commands.VariadicCommandsTest#hdel
[INFO ] fr.inria.astor.core.faultlocalization.GZoltarFaultLocalization.searchSuspicious(GZoltarFaultLocalization.java:77) - Test failt: redis.clients.jedis.tests.commands.VariadicCommandsTest#sadd
[INFO ] fr.inria.astor.core.faultlocalization.GZoltarFaultLocalization.searchSuspicious(GZoltarFaultLocalization.java:77) - Test failt: redis.clients.jedis.tests.commands.VariadicCommandsTest#zadd
[INFO ] fr.inria.astor.core.faultlocalization.GZoltarFaultLocalization.searchSuspicious(GZoltarFaultLocalization.java:77) - Test failt: redis.clients.jedis.tests.commands.VariadicCommandsTest#zrem
[INFO ] fr.inria.astor.core.faultlocalization.GZoltarFaultLocalization.searchSuspicious(GZoltarFaultLocalization.java:77) - Test failt: redis.clients.jedis.tests.commands.VariadicCommandsTest#lpush
[INFO ] fr.inria.astor.core.faultlocalization.GZoltarFaultLocalization.searchSuspicious(GZoltarFaultLocalization.java:77) - Test failt: redis.clients.jedis.tests.commands.VariadicCommandsTest#rpush
[INFO ] fr.inria.astor.core.faultlocalization.GZoltarFaultLocalization.searchSuspicious(GZoltarFaultLocalization.java:77) - Test failt: redis.clients.jedis.tests.commands.ClusterBinaryJedisCommandsTest#testBinaryGetAndSet
[INFO ] fr.inria.astor.core.faultlocalization.GZoltarFaultLocalization.searchSuspicious(GZoltarFaultLocalization.java:77) - Test failt: redis.clients.jedis.tests.commands.ClusterBinaryJedisCommandsTest#testHmset
[INFO ] fr.inria.astor.core.faultlocalization.GZoltarFaultLocalization.searchSuspicious(GZoltarFaultLocalization.java:77) - Test failt: redis.clients.jedis.tests.commands.ClusterBinaryJedisCommandsTest#testRpush
[INFO ] fr.inria.astor.core.faultlocalization.GZoltarFaultLocalization.searchSuspicious(GZoltarFaultLocalization.java:77) - Test failt: redis.clients.jedis.tests.commands.ClusterBinaryJedisCommandsTest#testIncr
[INFO ] fr.inria.astor.core.faultlocalization.GZoltarFaultLocalization.searchSuspicious(GZoltarFaultLocalization.java:77) - Test failt: redis.clients.jedis.tests.commands.ClusterBinaryJedisCommandsTest#testSadd
[INFO ] fr.inria.astor.core.faultlocalization.GZoltarFaultLocalization.searchSuspicious(GZoltarFaultLocalization.java:77) - Test failt: redis.clients.jedis.tests.commands.ClusterBinaryJedisCommandsTest#testGetSlot
[INFO ] fr.inria.astor.core.faultlocalization.GZoltarFaultLocalization.searchSuspicious(GZoltarFaultLocalization.java:77) - Test failt: redis.clients.jedis.tests.JedisSentinelPoolTest#returnResourceShouldResetState
[INFO ] fr.inria.astor.core.faultlocalization.GZoltarFaultLocalization.searchSuspicious(GZoltarFaultLocalization.java:77) - Test failt: redis.clients.jedis.tests.JedisSentinelPoolTest#checkCloseableConnections
[INFO ] fr.inria.astor.core.faultlocalization.GZoltarFaultLocalization.searchSuspicious(GZoltarFaultLocalization.java:77) - Test failt: redis.clients.jedis.tests.JedisSentinelPoolTest#testResetInvalidPassword
[INFO ] fr.inria.astor.core.faultlocalization.GZoltarFaultLocalization.searchSuspicious(GZoltarFaultLocalization.java:77) - Test failt: redis.clients.jedis.tests.JedisSentinelPoolTest#customClientName
[INFO ] fr.inria.astor.core.faultlocalization.GZoltarFaultLocalization.searchSuspicious(GZoltarFaultLocalization.java:77) - Test failt: redis.clients.jedis.tests.JedisSentinelPoolTest#checkResourceIsCloseable
[INFO ] fr.inria.astor.core.faultlocalization.GZoltarFaultLocalization.searchSuspicious(GZoltarFaultLocalization.java:77) - Test failt: redis.clients.jedis.tests.JedisSentinelPoolTest#ensureSafeTwiceFailover
[INFO ] fr.inria.astor.core.faultlocalization.GZoltarFaultLocalization.searchSuspicious(GZoltarFaultLocalization.java:77) - Test failt: redis.clients.jedis.tests.JedisSentinelPoolTest#testResetValidPassword
[INFO ] fr.inria.astor.core.faultlocalization.GZoltarFaultLocalization.searchSuspicious(GZoltarFaultLocalization.java:77) - Test failt: redis.clients.jedis.tests.commands.ClusterCommandsTest#clusterDelSlots
[INFO ] fr.inria.astor.core.faultlocalization.GZoltarFaultLocalization.searchSuspicious(GZoltarFaultLocalization.java:77) - Test failt: redis.clients.jedis.tests.commands.ClusterCommandsTest#testClusterHardReset
[INFO ] fr.inria.astor.core.faultlocalization.GZoltarFaultLocalization.searchSuspicious(GZoltarFaultLocalization.java:77) - Test failt: redis.clients.jedis.tests.commands.ClusterCommandsTest#clusterInfo
[INFO ] fr.inria.astor.core.faultlocalization.GZoltarFaultLocalization.searchSuspicious(GZoltarFaultLocalization.java:77) - Test failt: redis.clients.jedis.tests.commands.ClusterCommandsTest#clusterMeet
[INFO ] fr.inria.astor.core.faultlocalization.GZoltarFaultLocalization.searchSuspicious(GZoltarFaultLocalization.java:77) - Test failt: redis.clients.jedis.tests.commands.ClusterCommandsTest#clusterGetKeysInSlot
[INFO ] fr.inria.astor.core.faultlocalization.GZoltarFaultLocalization.searchSuspicious(GZoltarFaultLocalization.java:77) - Test failt: redis.clients.jedis.tests.commands.ClusterCommandsTest#clusterNodes
[INFO ] fr.inria.astor.core.faultlocalization.GZoltarFaultLocalization.searchSuspicious(GZoltarFaultLocalization.java:77) - Test failt: redis.clients.jedis.tests.commands.ClusterCommandsTest#clusterSlots
[INFO ] fr.inria.astor.core.faultlocalization.GZoltarFaultLocalization.searchSuspicious(GZoltarFaultLocalization.java:77) - Test failt: redis.clients.jedis.tests.commands.ClusterCommandsTest#clusterSetSlotMigrating
[INFO ] fr.inria.astor.core.faultlocalization.GZoltarFaultLocalization.searchSuspicious(GZoltarFaultLocalization.java:77) - Test failt: redis.clients.jedis.tests.commands.ClusterCommandsTest#clusterSetSlotNode
[INFO ] fr.inria.astor.core.faultlocalization.GZoltarFaultLocalization.searchSuspicious(GZoltarFaultLocalization.java:77) - Test failt: redis.clients.jedis.tests.commands.ClusterCommandsTest#clusterAddSlots
[INFO ] fr.inria.astor.core.faultlocalization.GZoltarFaultLocalization.searchSuspicious(GZoltarFaultLocalization.java:77) - Test failt: redis.clients.jedis.tests.commands.ClusterCommandsTest#clusterSetSlotImporting
[INFO ] fr.inria.astor.core.faultlocalization.GZoltarFaultLocalization.searchSuspicious(GZoltarFaultLocalization.java:77) - Test failt: redis.clients.jedis.tests.commands.ClusterCommandsTest#testClusterSoftReset
[INFO ] fr.inria.astor.core.faultlocalization.GZoltarFaultLocalization.searchSuspicious(GZoltarFaultLocalization.java:77) - Test failt: redis.clients.jedis.tests.commands.ConnectionHandlingCommandsTest#binary_quit
[INFO ] fr.inria.astor.core.faultlocalization.GZoltarFaultLocalization.searchSuspicious(GZoltarFaultLocalization.java:77) - Test failt: redis.clients.jedis.tests.commands.ConnectionHandlingCommandsTest#quit
[INFO ] fr.inria.astor.core.faultlocalization.GZoltarFaultLocalization.searchSuspicious(GZoltarFaultLocalization.java:77) - Test failt: redis.clients.jedis.tests.ShardedJedisTest#testAvoidLeaksUponDisconnect
[INFO ] fr.inria.astor.core.faultlocalization.GZoltarFaultLocalization.searchSuspicious(GZoltarFaultLocalization.java:77) - Test failt: redis.clients.jedis.tests.ShardedJedisTest#tryShardingWithMurmure
[INFO ] fr.inria.astor.core.faultlocalization.GZoltarFaultLocalization.searchSuspicious(GZoltarFaultLocalization.java:77) - Test failt: redis.clients.jedis.tests.ShardedJedisTest#trySharding
[INFO ] fr.inria.astor.core.faultlocalization.GZoltarFaultLocalization.searchSuspicious(GZoltarFaultLocalization.java:77) - Test failt: redis.clients.jedis.tests.ShardedJedisTest#checkCloseable
[INFO ] fr.inria.astor.core.faultlocalization.GZoltarFaultLocalization.searchSuspicious(GZoltarFaultLocalization.java:77) - Test failt: redis.clients.jedis.tests.commands.ClusterScriptingCommandsTest#testEvalsha
[INFO ] fr.inria.astor.core.faultlocalization.GZoltarFaultLocalization.searchSuspicious(GZoltarFaultLocalization.java:77) - Test failt: redis.clients.jedis.tests.commands.ClusterScriptingCommandsTest#testBinaryEval
[INFO ] fr.inria.astor.core.faultlocalization.GZoltarFaultLocalization.searchSuspicious(GZoltarFaultLocalization.java:77) - Test failt: redis.clients.jedis.tests.commands.ClusterScriptingCommandsTest#testEval2
[INFO ] fr.inria.astor.core.faultlocalization.GZoltarFaultLocalization.searchSuspicious(GZoltarFaultLocalization.java:77) - Test failt: redis.clients.jedis.tests.commands.ClusterScriptingCommandsTest#testBinaryScriptExists
[INFO ] fr.inria.astor.core.faultlocalization.GZoltarFaultLocalization.searchSuspicious(GZoltarFaultLocalization.java:77) - Test failt: redis.clients.jedis.tests.commands.ClusterScriptingCommandsTest#testScriptLoadAndScriptExists
[INFO ] fr.inria.astor.core.faultlocalization.GZoltarFaultLocalization.searchSuspicious(GZoltarFaultLocalization.java:77) - Test failt: redis.clients.jedis.tests.commands.ClusterScriptingCommandsTest#testJedisClusterException
[INFO ] fr.inria.astor.core.faultlocalization.GZoltarFaultLocalization.searchSuspicious(GZoltarFaultLocalization.java:77) - Test failt: redis.clients.jedis.tests.commands.ClusterScriptingCommandsTest#testJedisClusterException2
[INFO ] fr.inria.astor.core.faultlocalization.GZoltarFaultLocalization.searchSuspicious(GZoltarFaultLocalization.java:77) - Test failt: redis.clients.jedis.tests.commands.ClusterScriptingCommandsTest#testBinaryScriptFlush
[INFO ] fr.inria.astor.core.faultlocalization.GZoltarFaultLocalization.searchSuspicious(GZoltarFaultLocalization.java:77) - Test failt: redis.clients.jedis.tests.commands.ClusterScriptingCommandsTest#testBinaryScriptKill
[INFO ] fr.inria.astor.core.faultlocalization.GZoltarFaultLocalization.searchSuspicious(GZoltarFaultLocalization.java:77) - Test failt: redis.clients.jedis.tests.commands.AllKindOfValuesCommandsTest#flushAll
[INFO ] fr.inria.astor.core.faultlocalization.GZoltarFaultLocalization.searchSuspicious(GZoltarFaultLocalization.java:77) - Test failt: redis.clients.jedis.tests.commands.AllKindOfValuesCommandsTest#expireAt
[INFO ] fr.inria.astor.core.faultlocalization.GZoltarFaultLocalization.searchSuspicious(GZoltarFaultLocalization.java:77) - Test failt: redis.clients.jedis.tests.commands.AllKindOfValuesCommandsTest#scanCount
[INFO ] fr.inria.astor.core.faultlocalization.GZoltarFaultLocalization.searchSuspicious(GZoltarFaultLocalization.java:77) - Test failt: redis.clients.jedis.tests.commands.AllKindOfValuesCommandsTest#scanMatch
[INFO ] fr.inria.astor.core.faultlocalization.GZoltarFaultLocalization.searchSuspicious(GZoltarFaultLocalization.java:77) - Test failt: redis.clients.jedis.tests.commands.AllKindOfValuesCommandsTest#dumpAndRestore
[INFO ] fr.inria.astor.core.faultlocalization.GZoltarFaultLocalization.searchSuspicious(GZoltarFaultLocalization.java:77) - Test failt: redis.clients.jedis.tests.commands.AllKindOfValuesCommandsTest#dbSize
[INFO ] fr.inria.astor.core.faultlocalization.GZoltarFaultLocalization.searchSuspicious(GZoltarFaultLocalization.java:77) - Test failt: redis.clients.jedis.tests.commands.AllKindOfValuesCommandsTest#exists
[INFO ] fr.inria.astor.core.faultlocalization.GZoltarFaultLocalization.searchSuspicious(GZoltarFaultLocalization.java:77) - Test failt: redis.clients.jedis.tests.commands.AllKindOfValuesCommandsTest#expire
[INFO ] fr.inria.astor.core.faultlocalization.GZoltarFaultLocalization.searchSuspicious(GZoltarFaultLocalization.java:77) - Test failt: redis.clients.jedis.tests.commands.AllKindOfValuesCommandsTest#psetex
[INFO ] fr.inria.astor.core.faultlocalization.GZoltarFaultLocalization.searchSuspicious(GZoltarFaultLocalization.java:77) - Test failt: redis.clients.jedis.tests.commands.AllKindOfValuesCommandsTest#rename
[INFO ] fr.inria.astor.core.faultlocalization.GZoltarFaultLocalization.searchSuspicious(GZoltarFaultLocalization.java:77) - Test failt: redis.clients.jedis.tests.commands.AllKindOfValuesCommandsTest#select
[INFO ] fr.inria.astor.core.faultlocalization.GZoltarFaultLocalization.searchSuspicious(GZoltarFaultLocalization.java:77) - Test failt: redis.clients.jedis.tests.commands.AllKindOfValuesCommandsTest#swapDB
[INFO ] fr.inria.astor.core.faultlocalization.GZoltarFaultLocalization.searchSuspicious(GZoltarFaultLocalization.java:77) - Test failt: redis.clients.jedis.tests.commands.AllKindOfValuesCommandsTest#randomKey
[INFO ] fr.inria.astor.core.faultlocalization.GZoltarFaultLocalization.searchSuspicious(GZoltarFaultLocalization.java:77) - Test failt: redis.clients.jedis.tests.commands.AllKindOfValuesCommandsTest#flushDB
[INFO ] fr.inria.astor.core.faultlocalization.GZoltarFaultLocalization.searchSuspicious(GZoltarFaultLocalization.java:77) - Test failt: redis.clients.jedis.tests.commands.AllKindOfValuesCommandsTest#setNxExAndGet
[INFO ] fr.inria.astor.core.faultlocalization.GZoltarFaultLocalization.searchSuspicious(GZoltarFaultLocalization.java:77) - Test failt: redis.clients.jedis.tests.commands.AllKindOfValuesCommandsTest#persist
[INFO ] fr.inria.astor.core.faultlocalization.GZoltarFaultLocalization.searchSuspicious(GZoltarFaultLocalization.java:77) - Test failt: redis.clients.jedis.tests.commands.AllKindOfValuesCommandsTest#pexpire
[INFO ] fr.inria.astor.core.faultlocalization.GZoltarFaultLocalization.searchSuspicious(GZoltarFaultLocalization.java:77) - Test failt: redis.clients.jedis.tests.commands.AllKindOfValuesCommandsTest#renamenx
[INFO ] fr.inria.astor.core.faultlocalization.GZoltarFaultLocalization.searchSuspicious(GZoltarFaultLocalization.java:77) - Test failt: redis.clients.jedis.tests.commands.AllKindOfValuesCommandsTest#renameOldAndNewAreTheSame
[INFO ] fr.inria.astor.core.faultlocalization.GZoltarFaultLocalization.searchSuspicious(GZoltarFaultLocalization.java:77) - Test failt: redis.clients.jedis.tests.commands.AllKindOfValuesCommandsTest#del
[INFO ] fr.inria.astor.core.faultlocalization.GZoltarFaultLocalization.searchSuspicious(GZoltarFaultLocalization.java:77) - Test failt: redis.clients.jedis.tests.commands.AllKindOfValuesCommandsTest#ttl
[INFO ] fr.inria.astor.core.faultlocalization.GZoltarFaultLocalization.searchSuspicious(GZoltarFaultLocalization.java:77) - Test failt: redis.clients.jedis.tests.commands.AllKindOfValuesCommandsTest#echo
[INFO ] fr.inria.astor.core.faultlocalization.GZoltarFaultLocalization.searchSuspicious(GZoltarFaultLocalization.java:77) - Test failt: redis.clients.jedis.tests.commands.AllKindOfValuesCommandsTest#keys
[INFO ] fr.inria.astor.core.faultlocalization.GZoltarFaultLocalization.searchSuspicious(GZoltarFaultLocalization.java:77) - Test failt: redis.clients.jedis.tests.commands.AllKindOfValuesCommandsTest#move
[INFO ] fr.inria.astor.core.faultlocalization.GZoltarFaultLocalization.searchSuspicious(GZoltarFaultLocalization.java:77) - Test failt: redis.clients.jedis.tests.commands.AllKindOfValuesCommandsTest#ping
[INFO ] fr.inria.astor.core.faultlocalization.GZoltarFaultLocalization.searchSuspicious(GZoltarFaultLocalization.java:77) - Test failt: redis.clients.jedis.tests.commands.AllKindOfValuesCommandsTest#pttl
[INFO ] fr.inria.astor.core.faultlocalization.GZoltarFaultLocalization.searchSuspicious(GZoltarFaultLocalization.java:77) - Test failt: redis.clients.jedis.tests.commands.AllKindOfValuesCommandsTest#scan
[INFO ] fr.inria.astor.core.faultlocalization.GZoltarFaultLocalization.searchSuspicious(GZoltarFaultLocalization.java:77) - Test failt: redis.clients.jedis.tests.commands.AllKindOfValuesCommandsTest#type
[INFO ] fr.inria.astor.core.faultlocalization.GZoltarFaultLocalization.searchSuspicious(GZoltarFaultLocalization.java:77) - Test failt: redis.clients.jedis.tests.commands.AllKindOfValuesCommandsTest#getDB
[INFO ] fr.inria.astor.core.faultlocalization.GZoltarFaultLocalization.searchSuspicious(GZoltarFaultLocalization.java:77) - Test failt: redis.clients.jedis.tests.commands.AllKindOfValuesCommandsTest#touch
[INFO ] fr.inria.astor.core.faultlocalization.GZoltarFaultLocalization.searchSuspicious(GZoltarFaultLocalization.java:77) - Test failt: redis.clients.jedis.tests.commands.AllKindOfValuesCommandsTest#existsMany
[INFO ] fr.inria.astor.core.faultlocalization.GZoltarFaultLocalization.searchSuspicious(GZoltarFaultLocalization.java:77) - Test failt: redis.clients.jedis.tests.commands.AllKindOfValuesCommandsTest#scanIsCompleteIteration
[INFO ] fr.inria.astor.core.faultlocalization.GZoltarFaultLocalization.searchSuspicious(GZoltarFaultLocalization.java:77) - Test failt: redis.clients.jedis.tests.commands.AllKindOfValuesCommandsTest#pingWithMessage
[INFO ] fr.inria.astor.core.faultlocalization.GZoltarFaultLocalization.searchSuspicious(GZoltarFaultLocalization.java:77) - Test failt: redis.clients.jedis.tests.commands.AllKindOfValuesCommandsTest#pexpireAt
[INFO ] fr.inria.astor.core.faultlocalization.GZoltarFaultLocalization.searchSuspicious(GZoltarFaultLocalization.java:77) - Test failt: redis.clients.jedis.tests.SSLJedisTest#connectWithUrl
[INFO ] fr.inria.astor.core.faultlocalization.GZoltarFaultLocalization.searchSuspicious(GZoltarFaultLocalization.java:77) - Test failt: redis.clients.jedis.tests.SSLJedisTest#connectWithoutShardInfo
[INFO ] fr.inria.astor.core.faultlocalization.GZoltarFaultLocalization.searchSuspicious(GZoltarFaultLocalization.java:77) - Test failt: redis.clients.jedis.tests.SSLJedisTest#connectWithShardInfoAndCustomHostnameVerifierByIpAddress
[INFO ] fr.inria.astor.core.faultlocalization.GZoltarFaultLocalization.searchSuspicious(GZoltarFaultLocalization.java:77) - Test failt: redis.clients.jedis.tests.SSLJedisTest#connectWithShardInfoByIpAddress
[INFO ] fr.inria.astor.core.faultlocalization.GZoltarFaultLocalization.searchSuspicious(GZoltarFaultLocalization.java:77) - Test failt: redis.clients.jedis.tests.SSLJedisTest#connectWithShardInfo
[INFO ] fr.inria.astor.core.faultlocalization.GZoltarFaultLocalization.searchSuspicious(GZoltarFaultLocalization.java:77) - Test failt: redis.clients.jedis.tests.SSLJedisTest#connectWithShardInfoAndEmptyTrustStore
[INFO ] fr.inria.astor.core.faultlocalization.GZoltarFaultLocalization.searchSuspicious(GZoltarFaultLocalization.java:77) - Test failt: redis.clients.jedis.tests.SSLJedisTest#connectWithShardInfoAndCustomHostnameVerifier
[INFO ] fr.inria.astor.core.faultlocalization.GZoltarFaultLocalization.searchSuspicious(GZoltarFaultLocalization.java:77) - Test failt: redis.clients.jedis.tests.SSLJedisTest#connectWithShardInfoAndCustomSocketFactory
[INFO ] fr.inria.astor.core.faultlocalization.GZoltarFaultLocalization.searchSuspicious(GZoltarFaultLocalization.java:77) - Test failt: redis.clients.jedis.tests.JedisSentinelTest#sentinelRemove
[INFO ] fr.inria.astor.core.faultlocalization.GZoltarFaultLocalization.searchSuspicious(GZoltarFaultLocalization.java:77) - Test failt: redis.clients.jedis.tests.JedisSentinelTest#sentinelFailover
[INFO ] fr.inria.astor.core.faultlocalization.GZoltarFaultLocalization.searchSuspicious(GZoltarFaultLocalization.java:77) - Test failt: redis.clients.jedis.tests.JedisSentinelTest#sentinel
[INFO ] fr.inria.astor.core.faultlocalization.GZoltarFaultLocalization.searchSuspicious(GZoltarFaultLocalization.java:77) - Test failt: redis.clients.jedis.tests.JedisSentinelTest#sentinelMonitor
[INFO ] fr.inria.astor.core.faultlocalization.GZoltarFaultLocalization.searchSuspicious(GZoltarFaultLocalization.java:77) - Test failt: redis.clients.jedis.tests.JedisSentinelTest#sentinelSet
[INFO ] fr.inria.astor.core.faultlocalization.GZoltarFaultLocalization.searchSuspicious(GZoltarFaultLocalization.java:77) - Test failt: redis.clients.jedis.tests.TupleSortedSetTest#testBinary
[INFO ] fr.inria.astor.core.faultlocalization.GZoltarFaultLocalization.searchSuspicious(GZoltarFaultLocalization.java:77) - Test failt: redis.clients.jedis.tests.TupleSortedSetTest#testString
[INFO ] fr.inria.astor.core.faultlocalization.GZoltarFaultLocalization.searchSuspicious(GZoltarFaultLocalization.java:77) - Test failt: redis.clients.jedis.tests.JedisPoolTest#checkJedisIsReusedWhenReturned
[INFO ] fr.inria.astor.core.faultlocalization.GZoltarFaultLocalization.searchSuspicious(GZoltarFaultLocalization.java:77) - Test failt: redis.clients.jedis.tests.JedisPoolTest#checkPoolRepairedWhenJedisIsBroken
[INFO ] fr.inria.astor.core.faultlocalization.GZoltarFaultLocalization.searchSuspicious(GZoltarFaultLocalization.java:77) - Test failt: redis.clients.jedis.tests.JedisPoolTest#testCloseConnectionOnMakeObject
[INFO ] fr.inria.astor.core.faultlocalization.GZoltarFaultLocalization.searchSuspicious(GZoltarFaultLocalization.java:77) - Test failt: redis.clients.jedis.tests.JedisPoolTest#selectDatabaseOnActivation
[INFO ] fr.inria.astor.core.faultlocalization.GZoltarFaultLocalization.searchSuspicious(GZoltarFaultLocalization.java:77) - Test failt: redis.clients.jedis.tests.JedisPoolTest#returnResourceShouldResetState
[INFO ] fr.inria.astor.core.faultlocalization.GZoltarFaultLocalization.searchSuspicious(GZoltarFaultLocalization.java:77) - Test failt: redis.clients.jedis.tests.JedisPoolTest#checkCloseableConnections
[INFO ] fr.inria.astor.core.faultlocalization.GZoltarFaultLocalization.searchSuspicious(GZoltarFaultLocalization.java:77) - Test failt: redis.clients.jedis.tests.JedisPoolTest#checkPoolOverflow
[INFO ] fr.inria.astor.core.faultlocalization.GZoltarFaultLocalization.searchSuspicious(GZoltarFaultLocalization.java:77) - Test failt: redis.clients.jedis.tests.JedisPoolTest#getNumActiveReturnsTheCorrectNumber
[INFO ] fr.inria.astor.core.faultlocalization.GZoltarFaultLocalization.searchSuspicious(GZoltarFaultLocalization.java:77) - Test failt: redis.clients.jedis.tests.JedisPoolTest#startWithUrlString
[INFO ] fr.inria.astor.core.faultlocalization.GZoltarFaultLocalization.searchSuspicious(GZoltarFaultLocalization.java:77) - Test failt: redis.clients.jedis.tests.JedisPoolTest#nonDefaultDatabase
[INFO ] fr.inria.astor.core.faultlocalization.GZoltarFaultLocalization.searchSuspicious(GZoltarFaultLocalization.java:77) - Test failt: redis.clients.jedis.tests.JedisPoolTest#testResetInvalidPassword
[INFO ] fr.inria.astor.core.faultlocalization.GZoltarFaultLocalization.searchSuspicious(GZoltarFaultLocalization.java:77) - Test failt: redis.clients.jedis.tests.JedisPoolTest#checkConnections
[INFO ] fr.inria.astor.core.faultlocalization.GZoltarFaultLocalization.searchSuspicious(GZoltarFaultLocalization.java:77) - Test failt: redis.clients.jedis.tests.JedisPoolTest#testAddObject
[INFO ] fr.inria.astor.core.faultlocalization.GZoltarFaultLocalization.searchSuspicious(GZoltarFaultLocalization.java:77) - Test failt: redis.clients.jedis.tests.JedisPoolTest#startWithUrl
[INFO ] fr.inria.astor.core.faultlocalization.GZoltarFaultLocalization.searchSuspicious(GZoltarFaultLocalization.java:77) - Test failt: redis.clients.jedis.tests.JedisPoolTest#customClientName
[INFO ] fr.inria.astor.core.faultlocalization.GZoltarFaultLocalization.searchSuspicious(GZoltarFaultLocalization.java:77) - Test failt: redis.clients.jedis.tests.JedisPoolTest#checkResourceIsCloseable
[INFO ] fr.inria.astor.core.faultlocalization.GZoltarFaultLocalization.searchSuspicious(GZoltarFaultLocalization.java:77) - Test failt: redis.clients.jedis.tests.JedisPoolTest#testResetValidPassword
[INFO ] fr.inria.astor.core.faultlocalization.GZoltarFaultLocalization.searchSuspicious(GZoltarFaultLocalization.java:77) - Test failt: redis.clients.jedis.tests.JedisPoolTest#securePool
[INFO ] fr.inria.astor.core.faultlocalization.GZoltarFaultLocalization.searchSuspicious(GZoltarFaultLocalization.java:77) - Test failt: redis.clients.jedis.tests.JedisPoolTest#checkConnectionWithDefaultPort
[INFO ] fr.inria.astor.core.faultlocalization.GZoltarFaultLocalization.searchSuspicious(GZoltarFaultLocalization.java:77) - Test failt: redis.clients.jedis.tests.ConnectionTest#connectIfNotConnectedWhenSettingTimeoutInfinite
[INFO ] fr.inria.astor.core.faultlocalization.GZoltarFaultLocalization.searchSuspicious(GZoltarFaultLocalization.java:77) - Test failt: redis.clients.jedis.tests.ConnectionTest#getErrorAfterConnectionReset
[INFO ] fr.inria.astor.core.faultlocalization.GZoltarFaultLocalization.searchSuspicious(GZoltarFaultLocalization.java:77) - Test failt: redis.clients.jedis.tests.ConnectionTest#checkCloseable
[INFO ] fr.inria.astor.core.faultlocalization.GZoltarFaultLocalization.searchSuspicious(GZoltarFaultLocalization.java:77) - Test failt: redis.clients.jedis.tests.commands.BitCommandsTest#setAndgetbit
[INFO ] fr.inria.astor.core.faultlocalization.GZoltarFaultLocalization.searchSuspicious(GZoltarFaultLocalization.java:77) - Test failt: redis.clients.jedis.tests.commands.BitCommandsTest#bitpos
[INFO ] fr.inria.astor.core.faultlocalization.GZoltarFaultLocalization.searchSuspicious(GZoltarFaultLocalization.java:77) - Test failt: redis.clients.jedis.tests.commands.BitCommandsTest#bitposWithNoMatchingBitExist
[INFO ] fr.inria.astor.core.faultlocalization.GZoltarFaultLocalization.searchSuspicious(GZoltarFaultLocalization.java:77) - Test failt: redis.clients.jedis.tests.commands.BitCommandsTest#bitposBinary
[INFO ] fr.inria.astor.core.faultlocalization.GZoltarFaultLocalization.searchSuspicious(GZoltarFaultLocalization.java:77) - Test failt: redis.clients.jedis.tests.commands.BitCommandsTest#testBinaryBitfield
[INFO ] fr.inria.astor.core.faultlocalization.GZoltarFaultLocalization.searchSuspicious(GZoltarFaultLocalization.java:77) - Test failt: redis.clients.jedis.tests.commands.BitCommandsTest#bitOp
[INFO ] fr.inria.astor.core.faultlocalization.GZoltarFaultLocalization.searchSuspicious(GZoltarFaultLocalization.java:77) - Test failt: redis.clients.jedis.tests.commands.BitCommandsTest#setAndgetrange
[INFO ] fr.inria.astor.core.faultlocalization.GZoltarFaultLocalization.searchSuspicious(GZoltarFaultLocalization.java:77) - Test failt: redis.clients.jedis.tests.commands.BitCommandsTest#bitCount
[INFO ] fr.inria.astor.core.faultlocalization.GZoltarFaultLocalization.searchSuspicious(GZoltarFaultLocalization.java:77) - Test failt: redis.clients.jedis.tests.commands.BitCommandsTest#bitOpNot
[INFO ] fr.inria.astor.core.faultlocalization.GZoltarFaultLocalization.searchSuspicious(GZoltarFaultLocalization.java:77) - Test failt: redis.clients.jedis.tests.commands.BitCommandsTest#bitposWithNoMatchingBitExistWithinRange
[INFO ] fr.inria.astor.core.faultlocalization.GZoltarFaultLocalization.searchSuspicious(GZoltarFaultLocalization.java:77) - Test failt: redis.clients.jedis.tests.commands.BitCommandsTest#testBitfield
[INFO ] fr.inria.astor.core.faultlocalization.GZoltarFaultLocalization.searchSuspicious(GZoltarFaultLocalization.java:77) - Test failt: redis.clients.jedis.tests.commands.GeoCommandsTest#georadiusByMemberBinary
[INFO ] fr.inria.astor.core.faultlocalization.GZoltarFaultLocalization.searchSuspicious(GZoltarFaultLocalization.java:77) - Test failt: redis.clients.jedis.tests.commands.GeoCommandsTest#geoadd
[INFO ] fr.inria.astor.core.faultlocalization.GZoltarFaultLocalization.searchSuspicious(GZoltarFaultLocalization.java:77) - Test failt: redis.clients.jedis.tests.commands.GeoCommandsTest#geopos
[INFO ] fr.inria.astor.core.faultlocalization.GZoltarFaultLocalization.searchSuspicious(GZoltarFaultLocalization.java:77) - Test failt: redis.clients.jedis.tests.commands.GeoCommandsTest#geodist
[INFO ] fr.inria.astor.core.faultlocalization.GZoltarFaultLocalization.searchSuspicious(GZoltarFaultLocalization.java:77) - Test failt: redis.clients.jedis.tests.commands.GeoCommandsTest#geohash
[INFO ] fr.inria.astor.core.faultlocalization.GZoltarFaultLocalization.searchSuspicious(GZoltarFaultLocalization.java:77) - Test failt: redis.clients.jedis.tests.commands.GeoCommandsTest#georadiusByMember
[INFO ] fr.inria.astor.core.faultlocalization.GZoltarFaultLocalization.searchSuspicious(GZoltarFaultLocalization.java:77) - Test failt: redis.clients.jedis.tests.commands.GeoCommandsTest#georadius
[INFO ] fr.inria.astor.core.faultlocalization.GZoltarFaultLocalization.searchSuspicious(GZoltarFaultLocalization.java:77) - Test failt: redis.clients.jedis.tests.commands.GeoCommandsTest#georadiusBinary
[INFO ] fr.inria.astor.core.faultlocalization.GZoltarFaultLocalization.searchSuspicious(GZoltarFaultLocalization.java:77) - Test failt: redis.clients.jedis.tests.commands.SlowlogCommandsTest#slowlog
[INFO ] fr.inria.astor.core.faultlocalization.GZoltarFaultLocalization.searchSuspicious(GZoltarFaultLocalization.java:77) - Test failt: redis.clients.jedis.tests.JedisTest#shouldNotUpdateDbIndexIfSelectFails
[INFO ] fr.inria.astor.core.faultlocalization.GZoltarFaultLocalization.searchSuspicious(GZoltarFaultLocalization.java:77) - Test failt: redis.clients.jedis.tests.JedisTest#checkDisconnectOnQuit
[INFO ] fr.inria.astor.core.faultlocalization.GZoltarFaultLocalization.searchSuspicious(GZoltarFaultLocalization.java:77) - Test failt: redis.clients.jedis.tests.JedisTest#useWithoutConnecting
[INFO ] fr.inria.astor.core.faultlocalization.GZoltarFaultLocalization.searchSuspicious(GZoltarFaultLocalization.java:77) - Test failt: redis.clients.jedis.tests.JedisTest#connectWithShardInfo
[INFO ] fr.inria.astor.core.faultlocalization.GZoltarFaultLocalization.searchSuspicious(GZoltarFaultLocalization.java:77) - Test failt: redis.clients.jedis.tests.JedisTest#startWithUrlString
[INFO ] fr.inria.astor.core.faultlocalization.GZoltarFaultLocalization.searchSuspicious(GZoltarFaultLocalization.java:77) - Test failt: redis.clients.jedis.tests.JedisTest#allowUrlWithNoDBAndNoPassword
[INFO ] fr.inria.astor.core.faultlocalization.GZoltarFaultLocalization.searchSuspicious(GZoltarFaultLocalization.java:77) - Test failt: redis.clients.jedis.tests.JedisTest#checkBinaryData
[INFO ] fr.inria.astor.core.faultlocalization.GZoltarFaultLocalization.searchSuspicious(GZoltarFaultLocalization.java:77) - Test failt: redis.clients.jedis.tests.JedisTest#timeoutConnection
[INFO ] fr.inria.astor.core.faultlocalization.GZoltarFaultLocalization.searchSuspicious(GZoltarFaultLocalization.java:77) - Test failt: redis.clients.jedis.tests.JedisTest#shouldReconnectToSameDB
[INFO ] fr.inria.astor.core.faultlocalization.GZoltarFaultLocalization.searchSuspicious(GZoltarFaultLocalization.java:77) - Test failt: redis.clients.jedis.tests.JedisTest#failWhenSendingNullValues
[INFO ] fr.inria.astor.core.faultlocalization.GZoltarFaultLocalization.searchSuspicious(GZoltarFaultLocalization.java:77) - Test failt: redis.clients.jedis.tests.JedisTest#startWithUrl
[INFO ] fr.inria.astor.core.faultlocalization.GZoltarFaultLocalization.searchSuspicious(GZoltarFaultLocalization.java:77) - Test failt: redis.clients.jedis.tests.JedisTest#shouldThrowInvalidURIExceptionForInvalidURI
[INFO ] fr.inria.astor.core.faultlocalization.GZoltarFaultLocalization.searchSuspicious(GZoltarFaultLocalization.java:77) - Test failt: redis.clients.jedis.tests.JedisTest#timeoutConnectionWithURI
[INFO ] fr.inria.astor.core.faultlocalization.GZoltarFaultLocalization.searchSuspicious(GZoltarFaultLocalization.java:77) - Test failt: redis.clients.jedis.tests.JedisTest#checkCloseable
[INFO ] fr.inria.astor.core.faultlocalization.GZoltarFaultLocalization.searchSuspicious(GZoltarFaultLocalization.java:77) - Test failt: redis.clients.jedis.tests.ModuleTest#testModules
[INFO ] fr.inria.astor.core.faultlocalization.GZoltarFaultLocalization.searchSuspicious(GZoltarFaultLocalization.java:77) - Test failt: redis.clients.jedis.tests.PipeliningTest#testPipelinedTransactionResponse
[INFO ] fr.inria.astor.core.faultlocalization.GZoltarFaultLocalization.searchSuspicious(GZoltarFaultLocalization.java:77) - Test failt: redis.clients.jedis.tests.PipeliningTest#testEvalKeyAndArgWithBinary
[INFO ] fr.inria.astor.core.faultlocalization.GZoltarFaultLocalization.searchSuspicious(GZoltarFaultLocalization.java:77) - Test failt: redis.clients.jedis.tests.PipeliningTest#testJedisThowExceptionWhenInPipeline
[INFO ] fr.inria.astor.core.faultlocalization.GZoltarFaultLocalization.searchSuspicious(GZoltarFaultLocalization.java:77) - Test failt: redis.clients.jedis.tests.PipeliningTest#testEvalsha
[INFO ] fr.inria.astor.core.faultlocalization.GZoltarFaultLocalization.searchSuspicious(GZoltarFaultLocalization.java:77) - Test failt: redis.clients.jedis.tests.PipeliningTest#multiWithMassiveRequests
[INFO ] fr.inria.astor.core.faultlocalization.GZoltarFaultLocalization.searchSuspicious(GZoltarFaultLocalization.java:77) - Test failt: redis.clients.jedis.tests.PipeliningTest#pipelineSelect
[INFO ] fr.inria.astor.core.faultlocalization.GZoltarFaultLocalization.searchSuspicious(GZoltarFaultLocalization.java:77) - Test failt: redis.clients.jedis.tests.PipeliningTest#pipelineResponseWithData
[INFO ] fr.inria.astor.core.faultlocalization.GZoltarFaultLocalization.searchSuspicious(GZoltarFaultLocalization.java:77) - Test failt: redis.clients.jedis.tests.PipeliningTest#testEval
[INFO ] fr.inria.astor.core.faultlocalization.GZoltarFaultLocalization.searchSuspicious(GZoltarFaultLocalization.java:77) - Test failt: redis.clients.jedis.tests.PipeliningTest#testResetStateWhenInPipeline
[INFO ] fr.inria.astor.core.faultlocalization.GZoltarFaultLocalization.searchSuspicious(GZoltarFaultLocalization.java:77) - Test failt: redis.clients.jedis.tests.PipeliningTest#testEvalshaKeyAndArg
[INFO ] fr.inria.astor.core.faultlocalization.GZoltarFaultLocalization.searchSuspicious(GZoltarFaultLocalization.java:77) - Test failt: redis.clients.jedis.tests.PipeliningTest#pipelineResponseWithoutData
[INFO ] fr.inria.astor.core.faultlocalization.GZoltarFaultLocalization.searchSuspicious(GZoltarFaultLocalization.java:77) - Test failt: redis.clients.jedis.tests.PipeliningTest#pipeline
[INFO ] fr.inria.astor.core.faultlocalization.GZoltarFaultLocalization.searchSuspicious(GZoltarFaultLocalization.java:77) - Test failt: redis.clients.jedis.tests.PipeliningTest#pipelineResponseWithinPipeline
[INFO ] fr.inria.astor.core.faultlocalization.GZoltarFaultLocalization.searchSuspicious(GZoltarFaultLocalization.java:77) - Test failt: redis.clients.jedis.tests.PipeliningTest#testReuseJedisWhenPipelineIsEmpty
[INFO ] fr.inria.astor.core.faultlocalization.GZoltarFaultLocalization.searchSuspicious(GZoltarFaultLocalization.java:77) - Test failt: redis.clients.jedis.tests.PipeliningTest#canRetrieveUnsetKey
[INFO ] fr.inria.astor.core.faultlocalization.GZoltarFaultLocalization.searchSuspicious(GZoltarFaultLocalization.java:77) - Test failt: redis.clients.jedis.tests.PipeliningTest#pipelineMultiShoudThrowJedisDataExceptionWhenAlreadyInMulti
[INFO ] fr.inria.astor.core.faultlocalization.GZoltarFaultLocalization.searchSuspicious(GZoltarFaultLocalization.java:77) - Test failt: redis.clients.jedis.tests.PipeliningTest#multi
[INFO ] fr.inria.astor.core.faultlocalization.GZoltarFaultLocalization.searchSuspicious(GZoltarFaultLocalization.java:77) - Test failt: redis.clients.jedis.tests.PipeliningTest#testCloseable
[INFO ] fr.inria.astor.core.faultlocalization.GZoltarFaultLocalization.searchSuspicious(GZoltarFaultLocalization.java:77) - Test failt: redis.clients.jedis.tests.PipeliningTest#testEvalshaKeyAndArgWithBinary
[INFO ] fr.inria.astor.core.faultlocalization.GZoltarFaultLocalization.searchSuspicious(GZoltarFaultLocalization.java:77) - Test failt: redis.clients.jedis.tests.PipeliningTest#testEvalNestedLists
[INFO ] fr.inria.astor.core.faultlocalization.GZoltarFaultLocalization.searchSuspicious(GZoltarFaultLocalization.java:77) - Test failt: redis.clients.jedis.tests.PipeliningTest#testCloseableWithMulti
[INFO ] fr.inria.astor.core.faultlocalization.GZoltarFaultLocalization.searchSuspicious(GZoltarFaultLocalization.java:77) - Test failt: redis.clients.jedis.tests.PipeliningTest#testSyncWithNoCommandQueued
[INFO ] fr.inria.astor.core.faultlocalization.GZoltarFaultLocalization.searchSuspicious(GZoltarFaultLocalization.java:77) - Test failt: redis.clients.jedis.tests.PipeliningTest#pipelineExecShoudThrowJedisDataExceptionWhenNotInMulti
[INFO ] fr.inria.astor.core.faultlocalization.GZoltarFaultLocalization.searchSuspicious(GZoltarFaultLocalization.java:77) - Test failt: redis.clients.jedis.tests.PipeliningTest#piplineWithError
[INFO ] fr.inria.astor.core.faultlocalization.GZoltarFaultLocalization.searchSuspicious(GZoltarFaultLocalization.java:77) - Test failt: redis.clients.jedis.tests.PipeliningTest#pipelineResponse
[INFO ] fr.inria.astor.core.faultlocalization.GZoltarFaultLocalization.searchSuspicious(GZoltarFaultLocalization.java:77) - Test failt: redis.clients.jedis.tests.PipeliningTest#multiWithSync
[INFO ] fr.inria.astor.core.faultlocalization.GZoltarFaultLocalization.searchSuspicious(GZoltarFaultLocalization.java:77) - Test failt: redis.clients.jedis.tests.PipeliningTest#pipelineDiscardShoudThrowJedisDataExceptionWhenNotInMulti
[INFO ] fr.inria.astor.core.faultlocalization.GZoltarFaultLocalization.searchSuspicious(GZoltarFaultLocalization.java:77) - Test failt: redis.clients.jedis.tests.PipeliningTest#testEvalNestedListsWithBinary
[INFO ] fr.inria.astor.core.faultlocalization.GZoltarFaultLocalization.searchSuspicious(GZoltarFaultLocalization.java:77) - Test failt: redis.clients.jedis.tests.PipeliningTest#pipelineWithPubSub
[INFO ] fr.inria.astor.core.faultlocalization.GZoltarFaultLocalization.searchSuspicious(GZoltarFaultLocalization.java:77) - Test failt: redis.clients.jedis.tests.PipeliningTest#testEvalWithBinary
[INFO ] fr.inria.astor.core.faultlocalization.GZoltarFaultLocalization.searchSuspicious(GZoltarFaultLocalization.java:77) - Test failt: redis.clients.jedis.tests.PipeliningTest#pipelineBinarySafeHashCommands
[INFO ] fr.inria.astor.core.faultlocalization.GZoltarFaultLocalization.searchSuspicious(GZoltarFaultLocalization.java:77) - Test failt: redis.clients.jedis.tests.PipeliningTest#testEvalKeyAndArg
[INFO ] fr.inria.astor.core.faultlocalization.GZoltarFaultLocalization.searchSuspicious(GZoltarFaultLocalization.java:77) - Test failt: redis.clients.jedis.tests.PipeliningTest#testDiscardInPipeline
[INFO ] fr.inria.astor.core.faultlocalization.GZoltarFaultLocalization.searchSuspicious(GZoltarFaultLocalization.java:77) - Test failt: redis.clients.jedis.tests.commands.BinaryValuesCommandsTest#incrByWrongValue
[INFO ] fr.inria.astor.core.faultlocalization.GZoltarFaultLocalization.searchSuspicious(GZoltarFaultLocalization.java:77) - Test failt: redis.clients.jedis.tests.commands.BinaryValuesCommandsTest#setAndExpireMillis
[INFO ] fr.inria.astor.core.faultlocalization.GZoltarFaultLocalization.searchSuspicious(GZoltarFaultLocalization.java:77) - Test failt: redis.clients.jedis.tests.commands.BinaryValuesCommandsTest#append
[INFO ] fr.inria.astor.core.faultlocalization.GZoltarFaultLocalization.searchSuspicious(GZoltarFaultLocalization.java:77) - Test failt: redis.clients.jedis.tests.commands.BinaryValuesCommandsTest#decrBy
[INFO ] fr.inria.astor.core.faultlocalization.GZoltarFaultLocalization.searchSuspicious(GZoltarFaultLocalization.java:77) - Test failt: redis.clients.jedis.tests.commands.BinaryValuesCommandsTest#getSet
[INFO ] fr.inria.astor.core.faultlocalization.GZoltarFaultLocalization.searchSuspicious(GZoltarFaultLocalization.java:77) - Test failt: redis.clients.jedis.tests.commands.BinaryValuesCommandsTest#incrBy
[INFO ] fr.inria.astor.core.faultlocalization.GZoltarFaultLocalization.searchSuspicious(GZoltarFaultLocalization.java:77) - Test failt: redis.clients.jedis.tests.commands.BinaryValuesCommandsTest#setIfExistAndGet
[INFO ] fr.inria.astor.core.faultlocalization.GZoltarFaultLocalization.searchSuspicious(GZoltarFaultLocalization.java:77) - Test failt: redis.clients.jedis.tests.commands.BinaryValuesCommandsTest#msetnx
[INFO ] fr.inria.astor.core.faultlocalization.GZoltarFaultLocalization.searchSuspicious(GZoltarFaultLocalization.java:77) - Test failt: redis.clients.jedis.tests.commands.BinaryValuesCommandsTest#strlen
[INFO ] fr.inria.astor.core.faultlocalization.GZoltarFaultLocalization.searchSuspicious(GZoltarFaultLocalization.java:77) - Test failt: redis.clients.jedis.tests.commands.BinaryValuesCommandsTest#substr
[INFO ] fr.inria.astor.core.faultlocalization.GZoltarFaultLocalization.searchSuspicious(GZoltarFaultLocalization.java:77) - Test failt: redis.clients.jedis.tests.commands.BinaryValuesCommandsTest#setNxExAndGet
[INFO ] fr.inria.astor.core.faultlocalization.GZoltarFaultLocalization.searchSuspicious(GZoltarFaultLocalization.java:77) - Test failt: redis.clients.jedis.tests.commands.BinaryValuesCommandsTest#setIfNotExistAndGet
[INFO ] fr.inria.astor.core.faultlocalization.GZoltarFaultLocalization.searchSuspicious(GZoltarFaultLocalization.java:77) - Test failt: redis.clients.jedis.tests.commands.BinaryValuesCommandsTest#incrWrongValue
[INFO ] fr.inria.astor.core.faultlocalization.GZoltarFaultLocalization.searchSuspicious(GZoltarFaultLocalization.java:77) - Test failt: redis.clients.jedis.tests.commands.BinaryValuesCommandsTest#decr
[INFO ] fr.inria.astor.core.faultlocalization.GZoltarFaultLocalization.searchSuspicious(GZoltarFaultLocalization.java:77) - Test failt: redis.clients.jedis.tests.commands.BinaryValuesCommandsTest#incr
[INFO ] fr.inria.astor.core.faultlocalization.GZoltarFaultLocalization.searchSuspicious(GZoltarFaultLocalization.java:77) - Test failt: redis.clients.jedis.tests.commands.BinaryValuesCommandsTest#mget
[INFO ] fr.inria.astor.core.faultlocalization.GZoltarFaultLocalization.searchSuspicious(GZoltarFaultLocalization.java:77) - Test failt: redis.clients.jedis.tests.commands.BinaryValuesCommandsTest#mset
[INFO ] fr.inria.astor.core.faultlocalization.GZoltarFaultLocalization.searchSuspicious(GZoltarFaultLocalization.java:77) - Test failt: redis.clients.jedis.tests.commands.BinaryValuesCommandsTest#decrByWrongValue
[INFO ] fr.inria.astor.core.faultlocalization.GZoltarFaultLocalization.searchSuspicious(GZoltarFaultLocalization.java:77) - Test failt: redis.clients.jedis.tests.commands.BinaryValuesCommandsTest#setAndGet
[INFO ] fr.inria.astor.core.faultlocalization.GZoltarFaultLocalization.searchSuspicious(GZoltarFaultLocalization.java:77) - Test failt: redis.clients.jedis.tests.commands.BinaryValuesCommandsTest#setex
[INFO ] fr.inria.astor.core.faultlocalization.GZoltarFaultLocalization.searchSuspicious(GZoltarFaultLocalization.java:77) - Test failt: redis.clients.jedis.tests.commands.BinaryValuesCommandsTest#setnx
[INFO ] fr.inria.astor.core.faultlocalization.GZoltarFaultLocalization.searchSuspicious(GZoltarFaultLocalization.java:77) - Test failt: redis.clients.jedis.tests.commands.BinaryValuesCommandsTest#decrWrongValue
[INFO ] fr.inria.astor.core.faultlocalization.GZoltarFaultLocalization.searchSuspicious(GZoltarFaultLocalization.java:77) - Test failt: redis.clients.jedis.tests.commands.BinaryValuesCommandsTest#setAndExpire
[INFO ] fr.inria.astor.core.faultlocalization.GZoltarFaultLocalization.searchSuspicious(GZoltarFaultLocalization.java:77) - Test failt: redis.clients.jedis.tests.commands.BinaryValuesCommandsTest#setFailIfNotExistAndGet
[INFO ] fr.inria.astor.core.faultlocalization.GZoltarFaultLocalization.searchSuspicious(GZoltarFaultLocalization.java:77) - Test failt: redis.clients.jedis.tests.commands.HashesCommandsTest#hsetnx
[INFO ] fr.inria.astor.core.faultlocalization.GZoltarFaultLocalization.searchSuspicious(GZoltarFaultLocalization.java:77) - Test failt: redis.clients.jedis.tests.commands.HashesCommandsTest#hscanCount
[INFO ] fr.inria.astor.core.faultlocalization.GZoltarFaultLocalization.searchSuspicious(GZoltarFaultLocalization.java:77) - Test failt: redis.clients.jedis.tests.commands.HashesCommandsTest#hscanMatch
[INFO ] fr.inria.astor.core.faultlocalization.GZoltarFaultLocalization.searchSuspicious(GZoltarFaultLocalization.java:77) - Test failt: redis.clients.jedis.tests.commands.HashesCommandsTest#hdel
[INFO ] fr.inria.astor.core.faultlocalization.GZoltarFaultLocalization.searchSuspicious(GZoltarFaultLocalization.java:77) - Test failt: redis.clients.jedis.tests.commands.HashesCommandsTest#hget
[INFO ] fr.inria.astor.core.faultlocalization.GZoltarFaultLocalization.searchSuspicious(GZoltarFaultLocalization.java:77) - Test failt: redis.clients.jedis.tests.commands.HashesCommandsTest#hlen
[INFO ] fr.inria.astor.core.faultlocalization.GZoltarFaultLocalization.searchSuspicious(GZoltarFaultLocalization.java:77) - Test failt: redis.clients.jedis.tests.commands.HashesCommandsTest#hset
[INFO ] fr.inria.astor.core.faultlocalization.GZoltarFaultLocalization.searchSuspicious(GZoltarFaultLocalization.java:77) - Test failt: redis.clients.jedis.tests.commands.HashesCommandsTest#hkeys
[INFO ] fr.inria.astor.core.faultlocalization.GZoltarFaultLocalization.searchSuspicious(GZoltarFaultLocalization.java:77) - Test failt: redis.clients.jedis.tests.commands.HashesCommandsTest#hmget
[INFO ] fr.inria.astor.core.faultlocalization.GZoltarFaultLocalization.searchSuspicious(GZoltarFaultLocalization.java:77) - Test failt: redis.clients.jedis.tests.commands.HashesCommandsTest#hmset
[INFO ] fr.inria.astor.core.faultlocalization.GZoltarFaultLocalization.searchSuspicious(GZoltarFaultLocalization.java:77) - Test failt: redis.clients.jedis.tests.commands.HashesCommandsTest#hscan
[INFO ] fr.inria.astor.core.faultlocalization.GZoltarFaultLocalization.searchSuspicious(GZoltarFaultLocalization.java:77) - Test failt: redis.clients.jedis.tests.commands.HashesCommandsTest#hvals
[INFO ] fr.inria.astor.core.faultlocalization.GZoltarFaultLocalization.searchSuspicious(GZoltarFaultLocalization.java:77) - Test failt: redis.clients.jedis.tests.commands.HashesCommandsTest#hexists
[INFO ] fr.inria.astor.core.faultlocalization.GZoltarFaultLocalization.searchSuspicious(GZoltarFaultLocalization.java:77) - Test failt: redis.clients.jedis.tests.commands.HashesCommandsTest#testHstrLen
[INFO ] fr.inria.astor.core.faultlocalization.GZoltarFaultLocalization.searchSuspicious(GZoltarFaultLocalization.java:77) - Test failt: redis.clients.jedis.tests.commands.HashesCommandsTest#hgetAll
[INFO ] fr.inria.astor.core.faultlocalization.GZoltarFaultLocalization.searchSuspicious(GZoltarFaultLocalization.java:77) - Test failt: redis.clients.jedis.tests.commands.HashesCommandsTest#hincrBy
[INFO ] fr.inria.astor.core.faultlocalization.GZoltarFaultLocalization.searchSuspicious(GZoltarFaultLocalization.java:77) - Test failt: redis.clients.jedis.tests.commands.HashesCommandsTest#hincrByFloat
[INFO ] fr.inria.astor.core.faultlocalization.GZoltarFaultLocalization.searchSuspicious(GZoltarFaultLocalization.java:77) - Test failt: redis.clients.jedis.tests.commands.HashesCommandsTest#testBinaryHstrLen
[INFO ] fr.inria.astor.core.faultlocalization.GZoltarFaultLocalization.searchSuspicious(GZoltarFaultLocalization.java:77) - Test failt: redis.clients.jedis.tests.commands.HashesCommandsTest#hgetAllPipeline
[INFO ] fr.inria.astor.core.faultlocalization.GZoltarFaultLocalization.searchSuspicious(GZoltarFaultLocalization.java:77) - Test failt: redis.clients.jedis.tests.commands.HashesCommandsTest#testHstrLen_EmptyHash
[INFO ] fr.inria.astor.core.faultlocalization.GZoltarFaultLocalization.searchSuspicious(GZoltarFaultLocalization.java:77) - Test failt: redis.clients.jedis.tests.commands.ObjectCommandsTest#objectRefcount
[INFO ] fr.inria.astor.core.faultlocalization.GZoltarFaultLocalization.searchSuspicious(GZoltarFaultLocalization.java:77) - Test failt: redis.clients.jedis.tests.commands.ObjectCommandsTest#objectIdletime
[INFO ] fr.inria.astor.core.faultlocalization.GZoltarFaultLocalization.searchSuspicious(GZoltarFaultLocalization.java:77) - Test failt: redis.clients.jedis.tests.commands.ObjectCommandsTest#objectEncoding
[INFO ] fr.inria.astor.core.faultlocalization.GZoltarFaultLocalization.searchSuspicious(GZoltarFaultLocalization.java:85) - Gzoltar Test Result Total:496, fails: 446, GZoltar suspicious 0, with positive susp 0
[INFO ] fr.inria.astor.core.faultlocalization.GZoltarFaultLocalization.searchSuspicious(GZoltarFaultLocalization.java:133) - Gzoltar found: 0 with susp > 0.1, we consider: 0
