#
# There is insufficient memory for the Java Runtime Environment to continue.
# Native memory allocation (mmap) failed to map 352321536 bytes for committing reserved memory.
# Possible reasons:
#   The system is out of physical RAM or swap space
#   In 32 bit mode, the process size limit was hit
# Possible solutions:
#   Reduce memory load on the system
#   Increase physical memory or swap space
#   Check if swap backing store is full
#   Use 64 bit Java on a 64 bit OS
#   Decrease Java heap size (-Xmx/-Xms)
#   Decrease number of Java threads
#   Decrease Java thread stack sizes (-Xss)
#   Set larger code cache with -XX:ReservedCodeCacheSize=
# This output file may be truncated or incomplete.
#
#  Out of Memory Error (os_linux.cpp:2630), pid=483, tid=0x00007fe1e34ab700
#
# JRE version:  (8.0_121-b13) (build )
# Java VM: OpenJDK 64-Bit Server VM (25.121-b13 mixed mode linux-amd64 compressed oops)
# Core dump written. Default location: /root/workspace/zolyfarkas/spf4j/289124061/spf4j-core/core or core.483
#

---------------  T H R E A D  ---------------

Current thread (0x00007fe1dc010800):  JavaThread "Unknown thread" [_thread_in_vm, id=486, stack(0x00007fe1e33ab000,0x00007fe1e34ac000)]

Stack: [0x00007fe1e33ab000,0x00007fe1e34ac000],  sp=0x00007fe1e34aa620,  free space=1021k
Native frames: (J=compiled Java code, j=interpreted, Vv=VM code, C=native code)
V  [libjvm.so+0xa9700d]
V  [libjvm.so+0x4ea26c]
V  [libjvm.so+0x8e2b90]
V  [libjvm.so+0x8dd27e]
V  [libjvm.so+0x95a25b]
V  [libjvm.so+0x94ac13]
V  [libjvm.so+0x2ca571]
V  [libjvm.so+0x9097ab]
V  [libjvm.so+0xa5ad19]
V  [libjvm.so+0xa5af32]
V  [libjvm.so+0x6372ef]
V  [libjvm.so+0xa3dc3a]
V  [libjvm.so+0x6ad815]  JNI_CreateJavaVM+0x65
C  [libjli.so+0x2f6e]
C  [libjli.so+0x74bd]
C  [libpthread.so.0+0x8064]  start_thread+0xc4


---------------  P R O C E S S  ---------------

Java Threads: ( => current thread )

Other Threads:

=>0x00007fe1dc010800 (exited) JavaThread "Unknown thread" [_thread_in_vm, id=486, stack(0x00007fe1e33ab000,0x00007fe1e34ac000)]

VM state:not at safepoint (not fully initialized)

VM Mutex/Monitor currently owned by a thread: None

GC Heap History (0 events):
No events

Deoptimization events (0 events):
No events

Internal exceptions (0 events):
No events

Events (0 events):
No events


Dynamic libraries:
00400000-00401000 r-xp 00000000 00:26 90                                 /usr/lib/jvm/java-8-openjdk-amd64/jre/bin/java
00600000-00601000 r--p 00000000 00:26 90                                 /usr/lib/jvm/java-8-openjdk-amd64/jre/bin/java
00601000-00602000 rw-p 00001000 00:26 90                                 /usr/lib/jvm/java-8-openjdk-amd64/jre/bin/java
020b0000-020d1000 rw-p 00000000 00:00 0                                  [heap]
5dd200000-718100000 ---p 00000000 00:00 0 
718100000-722900000 rw-p 00000000 00:00 0 
722900000-7c0000000 ---p 00000000 00:00 0 
7fe1cba77000-7fe1cc4f6000 ---p 00000000 00:00 0 
7fe1cc4f6000-7fe1cc54b000 rw-p 00000000 00:00 0 
7fe1cc54b000-7fe1cca36000 ---p 00000000 00:00 0 
7fe1cca36000-7fe1cca41000 rw-p 00000000 00:00 0 
7fe1cca41000-7fe1ccdf7000 ---p 00000000 00:00 0 
7fe1ccdf7000-7fe1cd067000 rwxp 00000000 00:00 0 
7fe1cd067000-7fe1dbdf7000 ---p 00000000 00:00 0 
7fe1dbdf7000-7fe1dbdff000 r-xp 00000000 00:26 117                        /usr/lib/jvm/java-8-openjdk-amd64/jre/lib/amd64/libzip.so
7fe1dbdff000-7fe1dbffe000 ---p 00008000 00:26 117                        /usr/lib/jvm/java-8-openjdk-amd64/jre/lib/amd64/libzip.so
7fe1dbffe000-7fe1dbfff000 r--p 00007000 00:26 117                        /usr/lib/jvm/java-8-openjdk-amd64/jre/lib/amd64/libzip.so
7fe1dbfff000-7fe1dc000000 rw-p 00008000 00:26 117                        /usr/lib/jvm/java-8-openjdk-amd64/jre/lib/amd64/libzip.so
7fe1dc000000-7fe1dc035000 rw-p 00000000 00:00 0 
7fe1dc035000-7fe1e0000000 ---p 00000000 00:00 0 
7fe1e006a000-7fe1e0075000 r-xp 00000000 00:26 82                         /lib/x86_64-linux-gnu/libnss_files-2.19.so
7fe1e0075000-7fe1e0274000 ---p 0000b000 00:26 82                         /lib/x86_64-linux-gnu/libnss_files-2.19.so
7fe1e0274000-7fe1e0275000 r--p 0000a000 00:26 82                         /lib/x86_64-linux-gnu/libnss_files-2.19.so
7fe1e0275000-7fe1e0276000 rw-p 0000b000 00:26 82                         /lib/x86_64-linux-gnu/libnss_files-2.19.so
7fe1e0276000-7fe1e0280000 r-xp 00000000 00:26 80                         /lib/x86_64-linux-gnu/libnss_nis-2.19.so
7fe1e0280000-7fe1e047f000 ---p 0000a000 00:26 80                         /lib/x86_64-linux-gnu/libnss_nis-2.19.so
7fe1e047f000-7fe1e0480000 r--p 00009000 00:26 80                         /lib/x86_64-linux-gnu/libnss_nis-2.19.so
7fe1e0480000-7fe1e0481000 rw-p 0000a000 00:26 80                         /lib/x86_64-linux-gnu/libnss_nis-2.19.so
7fe1e0481000-7fe1e0496000 r-xp 00000000 00:26 78                         /lib/x86_64-linux-gnu/libnsl-2.19.so
7fe1e0496000-7fe1e0695000 ---p 00015000 00:26 78                         /lib/x86_64-linux-gnu/libnsl-2.19.so
7fe1e0695000-7fe1e0696000 r--p 00014000 00:26 78                         /lib/x86_64-linux-gnu/libnsl-2.19.so
7fe1e0696000-7fe1e0697000 rw-p 00015000 00:26 78                         /lib/x86_64-linux-gnu/libnsl-2.19.so
7fe1e0697000-7fe1e0699000 rw-p 00000000 00:00 0 
7fe1e0699000-7fe1e06a0000 r-xp 00000000 00:26 76                         /lib/x86_64-linux-gnu/libnss_compat-2.19.so
7fe1e06a0000-7fe1e089f000 ---p 00007000 00:26 76                         /lib/x86_64-linux-gnu/libnss_compat-2.19.so
7fe1e089f000-7fe1e08a0000 r--p 00006000 00:26 76                         /lib/x86_64-linux-gnu/libnss_compat-2.19.so
7fe1e08a0000-7fe1e08a1000 rw-p 00007000 00:26 76                         /lib/x86_64-linux-gnu/libnss_compat-2.19.so
7fe1e08a1000-7fe1e08cf000 r-xp 00000000 00:26 99                         /usr/lib/jvm/java-8-openjdk-amd64/jre/lib/amd64/libjava.so
7fe1e08cf000-7fe1e0ace000 ---p 0002e000 00:26 99                         /usr/lib/jvm/java-8-openjdk-amd64/jre/lib/amd64/libjava.so
7fe1e0ace000-7fe1e0acf000 r--p 0002d000 00:26 99                         /usr/lib/jvm/java-8-openjdk-amd64/jre/lib/amd64/libjava.so
7fe1e0acf000-7fe1e0ad1000 rw-p 0002e000 00:26 99                         /usr/lib/jvm/java-8-openjdk-amd64/jre/lib/amd64/libjava.so
7fe1e0ad1000-7fe1e0ae0000 r-xp 00000000 00:26 112                        /usr/lib/jvm/java-8-openjdk-amd64/jre/lib/amd64/libverify.so
7fe1e0ae0000-7fe1e0ce0000 ---p 0000f000 00:26 112                        /usr/lib/jvm/java-8-openjdk-amd64/jre/lib/amd64/libverify.so
7fe1e0ce0000-7fe1e0ce3000 r--p 0000f000 00:26 112                        /usr/lib/jvm/java-8-openjdk-amd64/jre/lib/amd64/libverify.so
7fe1e0ce3000-7fe1e0ce4000 rw-p 00012000 00:26 112                        /usr/lib/jvm/java-8-openjdk-amd64/jre/lib/amd64/libverify.so
7fe1e0ce4000-7fe1e0ceb000 r-xp 00000000 00:26 111                        /lib/x86_64-linux-gnu/librt-2.19.so
7fe1e0ceb000-7fe1e0eea000 ---p 00007000 00:26 111                        /lib/x86_64-linux-gnu/librt-2.19.so
7fe1e0eea000-7fe1e0eeb000 r--p 00006000 00:26 111                        /lib/x86_64-linux-gnu/librt-2.19.so
7fe1e0eeb000-7fe1e0eec000 rw-p 00007000 00:26 111                        /lib/x86_64-linux-gnu/librt-2.19.so
7fe1e0eec000-7fe1e0f02000 r-xp 00000000 00:26 109                        /lib/x86_64-linux-gnu/libgcc_s.so.1
7fe1e0f02000-7fe1e1101000 ---p 00016000 00:26 109                        /lib/x86_64-linux-gnu/libgcc_s.so.1
7fe1e1101000-7fe1e1102000 rw-p 00015000 00:26 109                        /lib/x86_64-linux-gnu/libgcc_s.so.1
7fe1e1102000-7fe1e1202000 r-xp 00000000 00:26 108                        /lib/x86_64-linux-gnu/libm-2.19.so
7fe1e1202000-7fe1e1401000 ---p 00100000 00:26 108                        /lib/x86_64-linux-gnu/libm-2.19.so
7fe1e1401000-7fe1e1402000 r--p 000ff000 00:26 108                        /lib/x86_64-linux-gnu/libm-2.19.so
7fe1e1402000-7fe1e1403000 rw-p 00100000 00:26 108                        /lib/x86_64-linux-gnu/libm-2.19.so
7fe1e1403000-7fe1e14ef000 r-xp 00000000 00:26 106                        /usr/lib/x86_64-linux-gnu/libstdc++.so.6.0.20
7fe1e14ef000-7fe1e16ef000 ---p 000ec000 00:26 106                        /usr/lib/x86_64-linux-gnu/libstdc++.so.6.0.20
7fe1e16ef000-7fe1e16f7000 r--p 000ec000 00:26 106                        /usr/lib/x86_64-linux-gnu/libstdc++.so.6.0.20
7fe1e16f7000-7fe1e16f9000 rw-p 000f4000 00:26 106                        /usr/lib/x86_64-linux-gnu/libstdc++.so.6.0.20
7fe1e16f9000-7fe1e170e000 rw-p 00000000 00:00 0 
7fe1e170e000-7fe1e23a6000 r-xp 00000000 00:26 104                        /usr/lib/jvm/java-8-openjdk-amd64/jre/lib/amd64/server/libjvm.so
7fe1e23a6000-7fe1e25a6000 ---p 00c98000 00:26 104                        /usr/lib/jvm/java-8-openjdk-amd64/jre/lib/amd64/server/libjvm.so
7fe1e25a6000-7fe1e2649000 r--p 00c98000 00:26 104                        /usr/lib/jvm/java-8-openjdk-amd64/jre/lib/amd64/server/libjvm.so
7fe1e2649000-7fe1e2672000 rw-p 00d3b000 00:26 104                        /usr/lib/jvm/java-8-openjdk-amd64/jre/lib/amd64/server/libjvm.so
7fe1e2672000-7fe1e26a3000 rw-p 00000000 00:00 0 
7fe1e26a3000-7fe1e2844000 r-xp 00000000 00:26 34                         /lib/x86_64-linux-gnu/libc-2.19.so
7fe1e2844000-7fe1e2a44000 ---p 001a1000 00:26 34                         /lib/x86_64-linux-gnu/libc-2.19.so
7fe1e2a44000-7fe1e2a48000 r--p 001a1000 00:26 34                         /lib/x86_64-linux-gnu/libc-2.19.so
7fe1e2a48000-7fe1e2a4a000 rw-p 001a5000 00:26 34                         /lib/x86_64-linux-gnu/libc-2.19.so
7fe1e2a4a000-7fe1e2a4e000 rw-p 00000000 00:00 0 
7fe1e2a4e000-7fe1e2a51000 r-xp 00000000 00:26 71                         /lib/x86_64-linux-gnu/libdl-2.19.so
7fe1e2a51000-7fe1e2c50000 ---p 00003000 00:26 71                         /lib/x86_64-linux-gnu/libdl-2.19.so
7fe1e2c50000-7fe1e2c51000 r--p 00002000 00:26 71                         /lib/x86_64-linux-gnu/libdl-2.19.so
7fe1e2c51000-7fe1e2c52000 rw-p 00003000 00:26 71                         /lib/x86_64-linux-gnu/libdl-2.19.so
7fe1e2c52000-7fe1e2c60000 r-xp 00000000 00:26 98                         /usr/lib/jvm/java-8-openjdk-amd64/jre/lib/amd64/jli/libjli.so
7fe1e2c60000-7fe1e2e5f000 ---p 0000e000 00:26 98                         /usr/lib/jvm/java-8-openjdk-amd64/jre/lib/amd64/jli/libjli.so
7fe1e2e5f000-7fe1e2e60000 r--p 0000d000 00:26 98                         /usr/lib/jvm/java-8-openjdk-amd64/jre/lib/amd64/jli/libjli.so
7fe1e2e60000-7fe1e2e61000 rw-p 0000e000 00:26 98                         /usr/lib/jvm/java-8-openjdk-amd64/jre/lib/amd64/jli/libjli.so
7fe1e2e61000-7fe1e2e7b000 r-xp 00000000 00:26 97                         /lib/x86_64-linux-gnu/libz.so.1.2.8
7fe1e2e7b000-7fe1e307a000 ---p 0001a000 00:26 97                         /lib/x86_64-linux-gnu/libz.so.1.2.8
7fe1e307a000-7fe1e307b000 r--p 00019000 00:26 97                         /lib/x86_64-linux-gnu/libz.so.1.2.8
7fe1e307b000-7fe1e307c000 rw-p 0001a000 00:26 97                         /lib/x86_64-linux-gnu/libz.so.1.2.8
7fe1e307c000-7fe1e3094000 r-xp 00000000 00:26 95                         /lib/x86_64-linux-gnu/libpthread-2.19.so
7fe1e3094000-7fe1e3293000 ---p 00018000 00:26 95                         /lib/x86_64-linux-gnu/libpthread-2.19.so
7fe1e3293000-7fe1e3294000 r--p 00017000 00:26 95                         /lib/x86_64-linux-gnu/libpthread-2.19.so
7fe1e3294000-7fe1e3295000 rw-p 00018000 00:26 95                         /lib/x86_64-linux-gnu/libpthread-2.19.so
7fe1e3295000-7fe1e3299000 rw-p 00000000 00:00 0 
7fe1e3299000-7fe1e32b9000 r-xp 00000000 00:26 31                         /lib/x86_64-linux-gnu/ld-2.19.so
7fe1e33a3000-7fe1e33ab000 rw-s 00000000 00:26 7803                       /tmp/hsperfdata_root/483
7fe1e33ab000-7fe1e33ae000 ---p 00000000 00:00 0 
7fe1e33ae000-7fe1e34b1000 rw-p 00000000 00:00 0                          [stack:22653]
7fe1e34b2000-7fe1e34b6000 rw-p 00000000 00:00 0 
7fe1e34b6000-7fe1e34b7000 r--p 00000000 00:00 0 
7fe1e34b7000-7fe1e34b9000 rw-p 00000000 00:00 0 
7fe1e34b9000-7fe1e34ba000 r--p 00020000 00:26 31                         /lib/x86_64-linux-gnu/ld-2.19.so
7fe1e34ba000-7fe1e34bb000 rw-p 00021000 00:26 31                         /lib/x86_64-linux-gnu/ld-2.19.so
7fe1e34bb000-7fe1e34bc000 rw-p 00000000 00:00 0 
7ffc755eb000-7ffc7560f000 rw-p 00000000 00:00 0                          [stack]
7ffc757de000-7ffc757e0000 r-xp 00000000 00:00 0                          [vdso]
7ffc757e0000-7ffc757e2000 r--p 00000000 00:00 0                          [vvar]
ffffffffff600000-ffffffffff601000 r-xp 00000000 00:00 0                  [vsyscall]

VM Arguments:
java_command: org.apache.avro.tool.Main idl2schemata /root/workspace/zolyfarkas/spf4j/289124061/spf4j-core/src/main/avdl/ssdump2.avdl /root/workspace/zolyfarkas/spf4j/289124061/spf4j-core/target/generated-sources/avsc
java_class_path (initial): /root/workspace/zolyfarkas/spf4j/289124061/spf4j-core/target/test-classes:/root/workspace/zolyfarkas/spf4j/289124061/spf4j-core/target/classes:/root/workspace/zolyfarkas/spf4j/289124061/.m2/junit/junit/4.12/junit-4.12.jar:/root/workspace/zolyfarkas/spf4j/289124061/.m2/org/hamcrest/hamcrest-core/1.3/hamcrest-core-1.3.jar:/root/workspace/zolyfarkas/spf4j/289124061/.m2/net/java/dev/jna/jna-platform/4.5.0/jna-platform-4.5.0.jar:/root/workspace/zolyfarkas/spf4j/289124061/.m2/net/java/dev/jna/jna/4.5.0/jna-4.5.0.jar:/root/workspace/zolyfarkas/spf4j/289124061/.m2/args4j/args4j/2.33/args4j-2.33.jar:/root/workspace/zolyfarkas/spf4j/289124061/.m2/com/google/guava/guava/23.0/guava-23.0.jar:/root/workspace/zolyfarkas/spf4j/289124061/.m2/com/google/errorprone/error_prone_annotations/2.0.18/error_prone_annotations-2.0.18.jar:/root/workspace/zolyfarkas/spf4j/289124061/.m2/com/google/j2objc/j2objc-annotations/1.1/j2objc-annotations-1.1.jar:/root/workspace/zolyfarkas/spf4j/289124061/.m2/org/codehaus/mojo/animal-sniffer-annotations/1.14/animal-sniffer-annotations-1.14.jar:/root/workspace/zolyfarkas/spf4j/289124061/.m2/org/slf4j/slf4j-api/1.7.25/slf4j-api-1.7.25.jar:/root/workspace/zolyfarkas/spf4j/289124061/.m2/joda-time/joda-time/2.9.9/joda-time-2.9.9.jar:/root/workspace/zolyfarkas/spf4j/289124061/.m2/org/slf4j/slf4j-simple/1.7.25/slf4j-simple-1.7.25.jar:/root/workspace/zolyfarkas/spf4j/289124061/.m2/commons-pool/commons-pool/1.6/commons-pool-1.6.jar:/root/workspace/zolyfarkas/spf4j/289124061/.m2/com/google/code/findbugs/findbugs-annotations/3.0.1/findbugs-annotations-3.0.1.jar:/root/workspace/zolyfarkas/spf4j/289124061/.m2/com/google/code/findbugs/jsr305/3.0.2/jsr305-3.0.2.jar:/root/workspace/zolyfarkas/spf4j/289124061/.m2/net/sf/trove4j/trove4j/3.0.3/trove4j-3.0.3.jar:/root/workspace/zolyfarkas/spf4j/289124061/.m2/com/netflix/servo/servo-core/0.4.32/servo-core-0.4.32.jar:/root/workspace/zolyfarkas/spf4j/289124061/.m2/com/google/code/findbugs/annotation
Launcher Type: SUN_STANDARD

Environment Variables:
JAVA_HOME=/usr/lib/jvm/java-8-openjdk-amd64
PATH=/usr/local/sbin:/usr/local/bin:/usr/sbin:/usr/bin:/sbin:/bin

Signal Handlers:
SIGSEGV: [libjvm.so+0xa97af0], sa_mask[0]=11111111011111111101111111111110, sa_flags=SA_RESTART|SA_SIGINFO
SIGBUS: [libjvm.so+0xa97af0], sa_mask[0]=11111111011111111101111111111110, sa_flags=SA_RESTART|SA_SIGINFO
SIGFPE: [libjvm.so+0x8de430], sa_mask[0]=11111111011111111101111111111110, sa_flags=SA_RESTART|SA_SIGINFO
SIGPIPE: [libjvm.so+0x8de430], sa_mask[0]=11111111011111111101111111111110, sa_flags=SA_RESTART|SA_SIGINFO
SIGXFSZ: [libjvm.so+0x8de430], sa_mask[0]=11111111011111111101111111111110, sa_flags=SA_RESTART|SA_SIGINFO
SIGILL: [libjvm.so+0x8de430], sa_mask[0]=11111111011111111101111111111110, sa_flags=SA_RESTART|SA_SIGINFO
SIGUSR1: SIG_DFL, sa_mask[0]=00000000000000000000000000000000, sa_flags=none
SIGUSR2: [libjvm.so+0x8de2e0], sa_mask[0]=00100000000000000000000000000000, sa_flags=SA_RESTART|SA_SIGINFO
SIGHUP: SIG_DFL, sa_mask[0]=00000000000000000000000000000000, sa_flags=none
SIGINT: SIG_DFL, sa_mask[0]=00000000000000000000000000000000, sa_flags=none
SIGTERM: SIG_DFL, sa_mask[0]=00000000000000000000000000000000, sa_flags=none
SIGQUIT: SIG_DFL, sa_mask[0]=00000000000000000000000000000000, sa_flags=none


---------------  S Y S T E M  ---------------

OS:PRETTY_NAME="Debian GNU/Linux 8 (jessie)"
NAME="Debian GNU/Linux"
VERSION_ID="8"
VERSION="8 (jessie)"
ID=debian
HOME_URL="http://www.debian.org/"
SUPPORT_URL="http://www.debian.org/support"
BUG_REPORT_URL="https://bugs.debian.org/"

uname:Linux 3.16.0-4-amd64 #1 SMP Debian 3.16.43-2+deb8u2 (2017-06-26) x86_64
libc:glibc 2.19 NPTL 2.19 
rlimit: STACK 8192k, CORE infinity, NPROC infinity, NOFILE 1048576, AS infinity
load average:62.56 36.47 17.33

/proc/meminfo:
MemTotal:       33018848 kB
MemFree:          227868 kB
MemAvailable:     259688 kB
Buffers:           15448 kB
Cached:           156880 kB
SwapCached:        17260 kB
Active:         29916628 kB
Inactive:        2321600 kB
Active(anon):   29891940 kB
Inactive(anon):  2298340 kB
Active(file):      24688 kB
Inactive(file):    23260 kB
Unevictable:           0 kB
Mlocked:               0 kB
SwapTotal:      10484732 kB
SwapFree:              0 kB
Dirty:               628 kB
Writeback:             0 kB
AnonPages:      32049892 kB
Mapped:            43556 kB
Shmem:            122956 kB
Slab:             288264 kB
SReclaimable:     176788 kB
SUnreclaim:       111476 kB
KernelStack:       51152 kB
PageTables:       116484 kB
NFS_Unstable:          0 kB
Bounce:                0 kB
WritebackTmp:          0 kB
CommitLimit:    26994156 kB
Committed_AS:   69898004 kB
VmallocTotal:   34359738367 kB
VmallocUsed:      202776 kB
VmallocChunk:   34359474424 kB
HardwareCorrupted:     0 kB
AnonHugePages:         0 kB
HugePages_Total:       0
HugePages_Free:        0
HugePages_Rsvd:        0
HugePages_Surp:        0
Hugepagesize:       2048 kB
DirectMap4k:       67456 kB
DirectMap2M:    33486848 kB


CPU:total 8 (1 cores per cpu, 1 threads per core) family 6 model 45 stepping 7, cmov, cx8, fxsr, mmx, sse, sse2, sse3, ssse3, sse4.1, sse4.2, popcnt, avx, aes, clmul, tsc, tscinvbit, tscinv

/proc/cpuinfo:
processor	: 0
vendor_id	: GenuineIntel
cpu family	: 6
model		: 45
model name	: Intel(R) Xeon(R) CPU E5-2650L 0 @ 1.80GHz
stepping	: 7
microcode	: 0x710
cpu MHz		: 1800.000
cache size	: 20480 KB
physical id	: 0
siblings	: 1
core id		: 0
cpu cores	: 1
apicid		: 0
initial apicid	: 0
fpu		: yes
fpu_exception	: yes
cpuid level	: 13
wp		: yes
flags		: fpu vme de pse tsc msr pae mce cx8 apic sep mtrr pge mca cmov pat pse36 clflush dts mmx fxsr sse sse2 ss syscall nx rdtscp lm constant_tsc arch_perfmon pebs bts nopl xtopology tsc_reliable nonstop_tsc aperfmperf pni pclmulqdq ssse3 cx16 pcid sse4_1 sse4_2 x2apic popcnt tsc_deadline_timer aes xsave avx hypervisor lahf_lm ida arat pln pts dtherm tsc_adjust
bogomips	: 3600.00
clflush size	: 64
cache_alignment	: 64
address sizes	: 42 bits physical, 48 bits virtual
power management:

processor	: 1
vendor_id	: GenuineIntel
cpu family	: 6
model		: 45
model name	: Intel(R) Xeon(R) CPU E5-2650L 0 @ 1.80GHz
stepping	: 7
microcode	: 0x710
cpu MHz		: 1800.000
cache size	: 20480 KB
physical id	: 2
siblings	: 1
core id		: 0
cpu cores	: 1
apicid		: 2
initial apicid	: 2
fpu		: yes
fpu_exception	: yes
cpuid level	: 13
wp		: yes
flags		: fpu vme de pse tsc msr pae mce cx8 apic sep mtrr pge mca cmov pat pse36 clflush dts mmx fxsr sse sse2 ss syscall nx rdtscp lm constant_tsc arch_perfmon pebs bts nopl xtopology tsc_reliable nonstop_tsc aperfmperf pni pclmulqdq ssse3 cx16 pcid sse4_1 sse4_2 x2apic popcnt tsc_deadline_timer aes xsave avx hypervisor lahf_lm ida arat pln pts dtherm tsc_adjust
bogomips	: 3600.00
clflush size	: 64
cache_alignment	: 64
address sizes	: 42 bits physical, 48 bits virtual
power management:

processor	: 2
vendor_id	: GenuineIntel
cpu family	: 6
model		: 45
model name	: Intel(R) Xeon(R) CPU E5-2650L 0 @ 1.80GHz
stepping	: 7
microcode	: 0x710
cpu MHz		: 1800.000
cache size	: 20480 KB
physical id	: 4
siblings	: 1
core id		: 0
cpu cores	: 1
apicid		: 4
initial apicid	: 4
fpu		: yes
fpu_exception	: yes
cpuid level	: 13
wp		: yes
flags		: fpu vme de pse tsc msr pae mce cx8 apic sep mtrr pge mca cmov pat pse36 clflush dts mmx fxsr sse sse2 ss syscall nx rdtscp lm constant_tsc arch_perfmon pebs bts nopl xtopology tsc_reliable nonstop_tsc aperfmperf pni pclmulqdq ssse3 cx16 pcid sse4_1 sse4_2 x2apic popcnt tsc_deadline_timer aes xsave avx hypervisor lahf_lm ida arat pln pts dtherm tsc_adjust
bogomips	: 3600.00
clflush size	: 64
cache_alignment	: 64
address sizes	: 42 bits physical, 48 bits virtual
power management:

processor	: 3
vendor_id	: GenuineIntel
cpu family	: 6
model		: 45
model name	: Intel(R) Xeon(R) CPU E5-2650L 0 @ 1.80GHz
stepping	: 7
microcode	: 0x710
cpu MHz		: 1800.000
cache size	: 20480 KB
physical id	: 6
siblings	: 1
core id		: 0
cpu cores	: 1
apicid		: 6
initial apicid	: 6
fpu		: yes
fpu_exception	: yes
cpuid level	: 13
wp		: yes
flags		: fpu vme de pse tsc msr pae mce cx8 apic sep mtrr pge mca cmov pat pse36 clflush dts mmx fxsr sse sse2 ss syscall nx rdtscp lm constant_tsc arch_perfmon pebs bts nopl xtopology tsc_reliable nonstop_tsc aperfmperf pni pclmulqdq ssse3 cx16 pcid sse4_1 sse4_2 x2apic popcnt tsc_deadline_timer aes xsave avx hypervisor lahf_lm ida arat pln pts dtherm tsc_adjust
bogomips	: 3600.00
clflush size	: 64
cache_alignment	: 64
address sizes	: 42 bits physical, 48 bits virtual
power management:

processor	: 4
vendor_id	: GenuineIntel
cpu family	: 6
model		: 45
model name	: Intel(R) Xeon(R) CPU E5-2650L 0 @ 1.80GHz
stepping	: 7
microcode	: 0x710
cpu MHz		: 1800.000
cache size	: 20480 KB
physical id	: 8
siblings	: 1
core id		: 0
cpu cores	: 1
apicid		: 8
initial apicid	: 8
fpu		: yes
fpu_exception	: yes
cpuid level	: 13
wp		: yes
flags		: fpu vme de pse tsc msr pae mce cx8 apic sep mtrr pge mca cmov pat pse36 clflush dts mmx fxsr sse sse2 ss syscall nx rdtscp lm constant_tsc arch_perfmon pebs bts nopl xtopology tsc_reliable nonstop_tsc aperfmperf pni pclmulqdq ssse3 cx16 pcid sse4_1 sse4_2 x2apic popcnt tsc_deadline_timer aes xsave avx hypervisor lahf_lm ida arat pln pts dtherm tsc_adjust
bogomips	: 3600.00
clflush size	: 64
cache_alignment	: 64
address sizes	: 42 bits physical, 48 bits virtual
power management:

processor	: 5
vendor_id	: GenuineIntel
cpu family	: 6
model		: 45
model name	: Intel(R) Xeon(R) CPU E5-2650L 0 @ 1.80GHz
stepping	: 7
microcode	: 0x710
cpu MHz		: 1800.000
cache size	: 20480 KB
physical id	: 10
siblings	: 1
core id		: 0
cpu cores	: 1
apicid		: 10
initial apicid	: 10
fpu		: yes
fpu_exception	: yes
cpuid level	: 13
wp		: yes
flags		: fpu vme de pse tsc msr pae mce cx8 apic sep mtrr pge mca cmov pat pse36 clflush dts mmx fxsr sse sse2 ss syscall nx rdtscp lm constant_tsc arch_perfmon pebs bts nopl xtopology tsc_reliable nonstop_tsc aperfmperf pni pclmulqdq ssse3 cx16 pcid sse4_1 sse4_2 x2apic popcnt tsc_deadline_timer aes xsave avx hypervisor lahf_lm ida arat pln pts dtherm tsc_adjust
bogomips	: 3600.00
clflush size	: 64
cache_alignment	: 64
address sizes	: 42 bits physical, 48 bits virtual
power management:

processor	: 6
vendor_id	: GenuineIntel
cpu family	: 6
model		: 45
model name	: Intel(R) Xeon(R) CPU E5-2650L 0 @ 1.80GHz
stepping	: 7
microcode	: 0x710
cpu MHz		: 1800.000
cache size	: 20480 KB
physical id	: 12
siblings	: 1
core id		: 0
cpu cores	: 1
apicid		: 12
initial apicid	: 12
fpu		: yes
fpu_exception	: yes
cpuid level	: 13
wp		: yes
flags		: fpu vme de pse tsc msr pae mce cx8 apic sep mtrr pge mca cmov pat pse36 clflush dts mmx fxsr sse sse2 ss syscall nx rdtscp lm constant_tsc arch_perfmon pebs bts nopl xtopology tsc_reliable nonstop_tsc aperfmperf pni pclmulqdq ssse3 cx16 pcid sse4_1 sse4_2 x2apic popcnt tsc_deadline_timer aes xsave avx hypervisor lahf_lm ida arat pln pts dtherm tsc_adjust
bogomips	: 3600.00
clflush size	: 64
cache_alignment	: 64
address sizes	: 42 bits physical, 48 bits virtual
power management:

processor	: 7
vendor_id	: GenuineIntel
cpu family	: 6
model		: 45
model name	: Intel(R) Xeon(R) CPU E5-2650L 0 @ 1.80GHz
stepping	: 7
microcode	: 0x710
cpu MHz		: 1800.000
cache size	: 20480 KB
physical id	: 14
siblings	: 1
core id		: 0
cpu cores	: 1
apicid		: 14
initial apicid	: 14
fpu		: yes
fpu_exception	: yes
cpuid level	: 13
wp		: yes
flags		: fpu vme de pse tsc msr pae mce cx8 apic sep mtrr pge mca cmov pat pse36 clflush dts mmx fxsr sse sse2 ss syscall nx rdtscp lm constant_tsc arch_perfmon pebs bts nopl xtopology tsc_reliable nonstop_tsc aperfmperf pni pclmulqdq ssse3 cx16 pcid sse4_1 sse4_2 x2apic popcnt tsc_deadline_timer aes xsave avx hypervisor lahf_lm ida arat pln pts dtherm tsc_adjust
bogomips	: 3600.00
clflush size	: 64
cache_alignment	: 64
address sizes	: 42 bits physical, 48 bits virtual
power management:



Memory: 4k page, physical 33018848k(227868k free), swap 10484732k(0k free)

vm_info: OpenJDK 64-Bit Server VM (25.121-b13) for linux-amd64 JRE (1.8.0_121-8u121-b13-1~bpo8+1-b13), built on Jan 24 2017 09:37:46 by "pbuilder" with gcc 4.9.2

time: Tue Oct 17 18:13:48 2017
elapsed time: 1 seconds (0d 0h 0m 1s)

