#
# There is insufficient memory for the Java Runtime Environment to continue.
# Native memory allocation (mmap) failed to map 352321536 bytes for committing reserved memory.
# Possible reasons:
#   The system is out of physical RAM or swap space
#   In 32 bit mode, the process size limit was hit
# Possible solutions:
#   Reduce memory load on the system
#   Increase physical memory or swap space
#   Check if swap backing store is full
#   Use 64 bit Java on a 64 bit OS
#   Decrease Java heap size (-Xmx/-Xms)
#   Decrease number of Java threads
#   Decrease Java thread stack sizes (-Xss)
#   Set larger code cache with -XX:ReservedCodeCacheSize=
# This output file may be truncated or incomplete.
#
#  Out of Memory Error (os_linux.cpp:2630), pid=718, tid=0x00007f573e681700
#
# JRE version:  (8.0_121-b13) (build )
# Java VM: OpenJDK 64-Bit Server VM (25.121-b13 mixed mode linux-amd64 compressed oops)
# Core dump written. Default location: /root/workspace/OpenGrok/OpenGrok/284303799/opengrok-indexer/core or core.718
#

---------------  T H R E A D  ---------------

Current thread (0x00007f573800a000):  JavaThread "Unknown thread" [_thread_in_vm, id=720, stack(0x00007f573e581000,0x00007f573e682000)]

Stack: [0x00007f573e581000,0x00007f573e682000],  sp=0x00007f573e680620,  free space=1021k
Native frames: (J=compiled Java code, j=interpreted, Vv=VM code, C=native code)
V  [libjvm.so+0xa9700d]
V  [libjvm.so+0x4ea26c]
V  [libjvm.so+0x8e2b90]
V  [libjvm.so+0x8dd27e]
V  [libjvm.so+0x95a25b]
V  [libjvm.so+0x94ac13]
V  [libjvm.so+0x2ca571]
V  [libjvm.so+0x9097ab]
V  [libjvm.so+0xa5ad19]
V  [libjvm.so+0xa5af32]
V  [libjvm.so+0x6372ef]
V  [libjvm.so+0xa3dc3a]
V  [libjvm.so+0x6ad815]  JNI_CreateJavaVM+0x65
C  [libjli.so+0x2f6e]
C  [libjli.so+0x74bd]
C  [libpthread.so.0+0x8064]  start_thread+0xc4


---------------  P R O C E S S  ---------------

Java Threads: ( => current thread )

Other Threads:

=>0x00007f573800a000 (exited) JavaThread "Unknown thread" [_thread_in_vm, id=720, stack(0x00007f573e581000,0x00007f573e682000)]

VM state:not at safepoint (not fully initialized)

VM Mutex/Monitor currently owned by a thread: None

GC Heap History (0 events):
No events

Deoptimization events (0 events):
No events

Internal exceptions (0 events):
No events

Events (0 events):
No events


Dynamic libraries:
00400000-00401000 r-xp 00000000 00:8e 90                                 /usr/lib/jvm/java-8-openjdk-amd64/jre/bin/java
00600000-00601000 r--p 00000000 00:8e 90                                 /usr/lib/jvm/java-8-openjdk-amd64/jre/bin/java
00601000-00602000 rw-p 00001000 00:8e 90                                 /usr/lib/jvm/java-8-openjdk-amd64/jre/bin/java
01f28000-01f49000 rw-p 00000000 00:00 0                                  [heap]
5dd200000-718100000 ---p 00000000 00:00 0 
718100000-722900000 rw-p 00000000 00:00 0 
722900000-7c0000000 ---p 00000000 00:00 0 
7f5726bf5000-7f5727674000 ---p 00000000 00:00 0 
7f5727674000-7f57276c9000 rw-p 00000000 00:00 0 
7f57276c9000-7f5727bb4000 ---p 00000000 00:00 0 
7f5727bb4000-7f5727bbf000 rw-p 00000000 00:00 0 
7f5727bbf000-7f5727f75000 ---p 00000000 00:00 0 
7f5727f75000-7f57281e5000 rwxp 00000000 00:00 0 
7f57281e5000-7f5736f75000 ---p 00000000 00:00 0 
7f5736f75000-7f5736f7d000 r-xp 00000000 00:8e 117                        /usr/lib/jvm/java-8-openjdk-amd64/jre/lib/amd64/libzip.so
7f5736f7d000-7f573717c000 ---p 00008000 00:8e 117                        /usr/lib/jvm/java-8-openjdk-amd64/jre/lib/amd64/libzip.so
7f573717c000-7f573717d000 r--p 00007000 00:8e 117                        /usr/lib/jvm/java-8-openjdk-amd64/jre/lib/amd64/libzip.so
7f573717d000-7f573717e000 rw-p 00008000 00:8e 117                        /usr/lib/jvm/java-8-openjdk-amd64/jre/lib/amd64/libzip.so
7f573717e000-7f5737189000 r-xp 00000000 00:8e 82                         /lib/x86_64-linux-gnu/libnss_files-2.19.so
7f5737189000-7f5737388000 ---p 0000b000 00:8e 82                         /lib/x86_64-linux-gnu/libnss_files-2.19.so
7f5737388000-7f5737389000 r--p 0000a000 00:8e 82                         /lib/x86_64-linux-gnu/libnss_files-2.19.so
7f5737389000-7f573738a000 rw-p 0000b000 00:8e 82                         /lib/x86_64-linux-gnu/libnss_files-2.19.so
7f573738a000-7f5737394000 r-xp 00000000 00:8e 80                         /lib/x86_64-linux-gnu/libnss_nis-2.19.so
7f5737394000-7f5737593000 ---p 0000a000 00:8e 80                         /lib/x86_64-linux-gnu/libnss_nis-2.19.so
7f5737593000-7f5737594000 r--p 00009000 00:8e 80                         /lib/x86_64-linux-gnu/libnss_nis-2.19.so
7f5737594000-7f5737595000 rw-p 0000a000 00:8e 80                         /lib/x86_64-linux-gnu/libnss_nis-2.19.so
7f5737595000-7f57375aa000 r-xp 00000000 00:8e 78                         /lib/x86_64-linux-gnu/libnsl-2.19.so
7f57375aa000-7f57377a9000 ---p 00015000 00:8e 78                         /lib/x86_64-linux-gnu/libnsl-2.19.so
7f57377a9000-7f57377aa000 r--p 00014000 00:8e 78                         /lib/x86_64-linux-gnu/libnsl-2.19.so
7f57377aa000-7f57377ab000 rw-p 00015000 00:8e 78                         /lib/x86_64-linux-gnu/libnsl-2.19.so
7f57377ab000-7f57377ad000 rw-p 00000000 00:00 0 
7f57377ad000-7f57377b4000 r-xp 00000000 00:8e 76                         /lib/x86_64-linux-gnu/libnss_compat-2.19.so
7f57377b4000-7f57379b3000 ---p 00007000 00:8e 76                         /lib/x86_64-linux-gnu/libnss_compat-2.19.so
7f57379b3000-7f57379b4000 r--p 00006000 00:8e 76                         /lib/x86_64-linux-gnu/libnss_compat-2.19.so
7f57379b4000-7f57379b5000 rw-p 00007000 00:8e 76                         /lib/x86_64-linux-gnu/libnss_compat-2.19.so
7f57379b5000-7f57379e3000 r-xp 00000000 00:8e 99                         /usr/lib/jvm/java-8-openjdk-amd64/jre/lib/amd64/libjava.so
7f57379e3000-7f5737be2000 ---p 0002e000 00:8e 99                         /usr/lib/jvm/java-8-openjdk-amd64/jre/lib/amd64/libjava.so
7f5737be2000-7f5737be3000 r--p 0002d000 00:8e 99                         /usr/lib/jvm/java-8-openjdk-amd64/jre/lib/amd64/libjava.so
7f5737be3000-7f5737be5000 rw-p 0002e000 00:8e 99                         /usr/lib/jvm/java-8-openjdk-amd64/jre/lib/amd64/libjava.so
7f5737be5000-7f5737bf4000 r-xp 00000000 00:8e 112                        /usr/lib/jvm/java-8-openjdk-amd64/jre/lib/amd64/libverify.so
7f5737bf4000-7f5737df4000 ---p 0000f000 00:8e 112                        /usr/lib/jvm/java-8-openjdk-amd64/jre/lib/amd64/libverify.so
7f5737df4000-7f5737df7000 r--p 0000f000 00:8e 112                        /usr/lib/jvm/java-8-openjdk-amd64/jre/lib/amd64/libverify.so
7f5737df7000-7f5737df8000 rw-p 00012000 00:8e 112                        /usr/lib/jvm/java-8-openjdk-amd64/jre/lib/amd64/libverify.so
7f5737df8000-7f5737dff000 r-xp 00000000 00:8e 111                        /lib/x86_64-linux-gnu/librt-2.19.so
7f5737dff000-7f5737ffe000 ---p 00007000 00:8e 111                        /lib/x86_64-linux-gnu/librt-2.19.so
7f5737ffe000-7f5737fff000 r--p 00006000 00:8e 111                        /lib/x86_64-linux-gnu/librt-2.19.so
7f5737fff000-7f5738000000 rw-p 00007000 00:8e 111                        /lib/x86_64-linux-gnu/librt-2.19.so
7f5738000000-7f573802f000 rw-p 00000000 00:00 0 
7f573802f000-7f573c000000 ---p 00000000 00:00 0 
7f573c0c2000-7f573c0d8000 r-xp 00000000 00:8e 109                        /lib/x86_64-linux-gnu/libgcc_s.so.1
7f573c0d8000-7f573c2d7000 ---p 00016000 00:8e 109                        /lib/x86_64-linux-gnu/libgcc_s.so.1
7f573c2d7000-7f573c2d8000 rw-p 00015000 00:8e 109                        /lib/x86_64-linux-gnu/libgcc_s.so.1
7f573c2d8000-7f573c3d8000 r-xp 00000000 00:8e 108                        /lib/x86_64-linux-gnu/libm-2.19.so
7f573c3d8000-7f573c5d7000 ---p 00100000 00:8e 108                        /lib/x86_64-linux-gnu/libm-2.19.so
7f573c5d7000-7f573c5d8000 r--p 000ff000 00:8e 108                        /lib/x86_64-linux-gnu/libm-2.19.so
7f573c5d8000-7f573c5d9000 rw-p 00100000 00:8e 108                        /lib/x86_64-linux-gnu/libm-2.19.so
7f573c5d9000-7f573c6c5000 r-xp 00000000 00:8e 106                        /usr/lib/x86_64-linux-gnu/libstdc++.so.6.0.20
7f573c6c5000-7f573c8c5000 ---p 000ec000 00:8e 106                        /usr/lib/x86_64-linux-gnu/libstdc++.so.6.0.20
7f573c8c5000-7f573c8cd000 r--p 000ec000 00:8e 106                        /usr/lib/x86_64-linux-gnu/libstdc++.so.6.0.20
7f573c8cd000-7f573c8cf000 rw-p 000f4000 00:8e 106                        /usr/lib/x86_64-linux-gnu/libstdc++.so.6.0.20
7f573c8cf000-7f573c8e4000 rw-p 00000000 00:00 0 
7f573c8e4000-7f573d57c000 r-xp 00000000 00:8e 104                        /usr/lib/jvm/java-8-openjdk-amd64/jre/lib/amd64/server/libjvm.so
7f573d57c000-7f573d77c000 ---p 00c98000 00:8e 104                        /usr/lib/jvm/java-8-openjdk-amd64/jre/lib/amd64/server/libjvm.so
7f573d77c000-7f573d81f000 r--p 00c98000 00:8e 104                        /usr/lib/jvm/java-8-openjdk-amd64/jre/lib/amd64/server/libjvm.so
7f573d81f000-7f573d848000 rw-p 00d3b000 00:8e 104                        /usr/lib/jvm/java-8-openjdk-amd64/jre/lib/amd64/server/libjvm.so
7f573d848000-7f573d879000 rw-p 00000000 00:00 0 
7f573d879000-7f573da1a000 r-xp 00000000 00:8e 34                         /lib/x86_64-linux-gnu/libc-2.19.so
7f573da1a000-7f573dc1a000 ---p 001a1000 00:8e 34                         /lib/x86_64-linux-gnu/libc-2.19.so
7f573dc1a000-7f573dc1e000 r--p 001a1000 00:8e 34                         /lib/x86_64-linux-gnu/libc-2.19.so
7f573dc1e000-7f573dc20000 rw-p 001a5000 00:8e 34                         /lib/x86_64-linux-gnu/libc-2.19.so
7f573dc20000-7f573dc24000 rw-p 00000000 00:00 0 
7f573dc24000-7f573dc27000 r-xp 00000000 00:8e 71                         /lib/x86_64-linux-gnu/libdl-2.19.so
7f573dc27000-7f573de26000 ---p 00003000 00:8e 71                         /lib/x86_64-linux-gnu/libdl-2.19.so
7f573de26000-7f573de27000 r--p 00002000 00:8e 71                         /lib/x86_64-linux-gnu/libdl-2.19.so
7f573de27000-7f573de28000 rw-p 00003000 00:8e 71                         /lib/x86_64-linux-gnu/libdl-2.19.so
7f573de28000-7f573de36000 r-xp 00000000 00:8e 98                         /usr/lib/jvm/java-8-openjdk-amd64/jre/lib/amd64/jli/libjli.so
7f573de36000-7f573e035000 ---p 0000e000 00:8e 98                         /usr/lib/jvm/java-8-openjdk-amd64/jre/lib/amd64/jli/libjli.so
7f573e035000-7f573e036000 r--p 0000d000 00:8e 98                         /usr/lib/jvm/java-8-openjdk-amd64/jre/lib/amd64/jli/libjli.so
7f573e036000-7f573e037000 rw-p 0000e000 00:8e 98                         /usr/lib/jvm/java-8-openjdk-amd64/jre/lib/amd64/jli/libjli.so
7f573e037000-7f573e051000 r-xp 00000000 00:8e 97                         /lib/x86_64-linux-gnu/libz.so.1.2.8
7f573e051000-7f573e250000 ---p 0001a000 00:8e 97                         /lib/x86_64-linux-gnu/libz.so.1.2.8
7f573e250000-7f573e251000 r--p 00019000 00:8e 97                         /lib/x86_64-linux-gnu/libz.so.1.2.8
7f573e251000-7f573e252000 rw-p 0001a000 00:8e 97                         /lib/x86_64-linux-gnu/libz.so.1.2.8
7f573e252000-7f573e26a000 r-xp 00000000 00:8e 95                         /lib/x86_64-linux-gnu/libpthread-2.19.so
7f573e26a000-7f573e469000 ---p 00018000 00:8e 95                         /lib/x86_64-linux-gnu/libpthread-2.19.so
7f573e469000-7f573e46a000 r--p 00017000 00:8e 95                         /lib/x86_64-linux-gnu/libpthread-2.19.so
7f573e46a000-7f573e46b000 rw-p 00018000 00:8e 95                         /lib/x86_64-linux-gnu/libpthread-2.19.so
7f573e46b000-7f573e46f000 rw-p 00000000 00:00 0 
7f573e46f000-7f573e48f000 r-xp 00000000 00:8e 31                         /lib/x86_64-linux-gnu/ld-2.19.so
7f573e579000-7f573e581000 rw-s 00000000 00:8e 5701                       /tmp/hsperfdata_root/718
7f573e581000-7f573e584000 ---p 00000000 00:00 0 
7f573e584000-7f573e687000 rw-p 00000000 00:00 0                          [stack:29444]
7f573e688000-7f573e68c000 rw-p 00000000 00:00 0 
7f573e68c000-7f573e68d000 r--p 00000000 00:00 0 
7f573e68d000-7f573e68f000 rw-p 00000000 00:00 0 
7f573e68f000-7f573e690000 r--p 00020000 00:8e 31                         /lib/x86_64-linux-gnu/ld-2.19.so
7f573e690000-7f573e691000 rw-p 00021000 00:8e 31                         /lib/x86_64-linux-gnu/ld-2.19.so
7f573e691000-7f573e692000 rw-p 00000000 00:00 0 
7ffdff6d2000-7ffdff6f3000 rw-p 00000000 00:00 0                          [stack]
7ffdff719000-7ffdff71b000 r-xp 00000000 00:00 0                          [vdso]
7ffdff71b000-7ffdff71d000 r--p 00000000 00:00 0                          [vvar]
ffffffffff600000-ffffffffff601000 r-xp 00000000 00:00 0                  [vsyscall]

VM Arguments:
java_command: /root/workspace/OpenGrok/OpenGrok/284303799/opengrok-indexer/target/surefire/surefirebooter4947201907964409411.jar /root/workspace/OpenGrok/OpenGrok/284303799/opengrok-indexer/target/surefire 2017-10-06T20-11-45_209-jvmRun1 surefire2981186361974788398tmp surefire_596343211129586217811tmp
java_class_path (initial): /root/workspace/OpenGrok/OpenGrok/284303799/opengrok-indexer/target/surefire/surefirebooter4947201907964409411.jar
Launcher Type: SUN_STANDARD

Environment Variables:
JAVA_HOME=/usr/lib/jvm/java-8-openjdk-amd64
PATH=/usr/local/sbin:/usr/local/bin:/usr/sbin:/usr/bin:/sbin:/bin

Signal Handlers:
SIGSEGV: [libjvm.so+0xa97af0], sa_mask[0]=11111111011111111101111111111110, sa_flags=SA_RESTART|SA_SIGINFO
SIGBUS: [libjvm.so+0xa97af0], sa_mask[0]=11111111011111111101111111111110, sa_flags=SA_RESTART|SA_SIGINFO
SIGFPE: [libjvm.so+0x8de430], sa_mask[0]=11111111011111111101111111111110, sa_flags=SA_RESTART|SA_SIGINFO
SIGPIPE: [libjvm.so+0x8de430], sa_mask[0]=11111111011111111101111111111110, sa_flags=SA_RESTART|SA_SIGINFO
SIGXFSZ: [libjvm.so+0x8de430], sa_mask[0]=11111111011111111101111111111110, sa_flags=SA_RESTART|SA_SIGINFO
SIGILL: [libjvm.so+0x8de430], sa_mask[0]=11111111011111111101111111111110, sa_flags=SA_RESTART|SA_SIGINFO
SIGUSR1: SIG_DFL, sa_mask[0]=00000000000000000000000000000000, sa_flags=none
SIGUSR2: [libjvm.so+0x8de2e0], sa_mask[0]=00100000000000000000000000000000, sa_flags=SA_RESTART|SA_SIGINFO
SIGHUP: SIG_DFL, sa_mask[0]=00000000000000000000000000000000, sa_flags=none
SIGINT: SIG_DFL, sa_mask[0]=00000000000000000000000000000000, sa_flags=none
SIGTERM: SIG_DFL, sa_mask[0]=00000000000000000000000000000000, sa_flags=none
SIGQUIT: SIG_DFL, sa_mask[0]=00000000000000000000000000000000, sa_flags=none


---------------  S Y S T E M  ---------------

OS:PRETTY_NAME="Debian GNU/Linux 8 (jessie)"
NAME="Debian GNU/Linux"
VERSION_ID="8"
VERSION="8 (jessie)"
ID=debian
HOME_URL="http://www.debian.org/"
SUPPORT_URL="http://www.debian.org/support"
BUG_REPORT_URL="https://bugs.debian.org/"

uname:Linux 3.16.0-4-amd64 #1 SMP Debian 3.16.43-2+deb8u2 (2017-06-26) x86_64
libc:glibc 2.19 NPTL 2.19 
rlimit: STACK 8192k, CORE infinity, NPROC infinity, NOFILE 1048576, AS infinity
load average:90.34 78.66 41.74

/proc/meminfo:
MemTotal:       33018848 kB
MemFree:          220272 kB
MemAvailable:     295932 kB
Buffers:           13880 kB
Cached:           134892 kB
SwapCached:         1392 kB
Active:         29868272 kB
Inactive:        2331696 kB
Active(anon):   29828340 kB
Inactive(anon):  2292684 kB
Active(file):      39932 kB
Inactive(file):    39012 kB
Unevictable:           0 kB
Mlocked:               0 kB
SwapTotal:      10484732 kB
SwapFree:              0 kB
Dirty:              5148 kB
Writeback:            52 kB
AnonPages:      32050736 kB
Mapped:            51300 kB
Shmem:             69164 kB
Slab:             330000 kB
SReclaimable:     205132 kB
SUnreclaim:       124868 kB
KernelStack:       47328 kB
PageTables:       120500 kB
NFS_Unstable:          0 kB
Bounce:                0 kB
WritebackTmp:          0 kB
CommitLimit:    26994156 kB
Committed_AS:   75214264 kB
VmallocTotal:   34359738367 kB
VmallocUsed:      202792 kB
VmallocChunk:   34359405600 kB
HardwareCorrupted:     0 kB
AnonHugePages:         0 kB
HugePages_Total:       0
HugePages_Free:        0
HugePages_Rsvd:        0
HugePages_Surp:        0
Hugepagesize:       2048 kB
DirectMap4k:       67456 kB
DirectMap2M:    33486848 kB


CPU:total 8 (1 cores per cpu, 1 threads per core) family 6 model 45 stepping 7, cmov, cx8, fxsr, mmx, sse, sse2, sse3, ssse3, sse4.1, sse4.2, popcnt, avx, aes, clmul, tsc, tscinvbit, tscinv

/proc/cpuinfo:
processor	: 0
vendor_id	: GenuineIntel
cpu family	: 6
model		: 45
model name	: Intel(R) Xeon(R) CPU E5-2650L 0 @ 1.80GHz
stepping	: 7
microcode	: 0x710
cpu MHz		: 1800.000
cache size	: 20480 KB
physical id	: 0
siblings	: 1
core id		: 0
cpu cores	: 1
apicid		: 0
initial apicid	: 0
fpu		: yes
fpu_exception	: yes
cpuid level	: 13
wp		: yes
flags		: fpu vme de pse tsc msr pae mce cx8 apic sep mtrr pge mca cmov pat pse36 clflush dts mmx fxsr sse sse2 ss syscall nx rdtscp lm constant_tsc arch_perfmon pebs bts nopl xtopology tsc_reliable nonstop_tsc aperfmperf pni pclmulqdq ssse3 cx16 pcid sse4_1 sse4_2 x2apic popcnt tsc_deadline_timer aes xsave avx hypervisor lahf_lm ida arat pln pts dtherm tsc_adjust
bogomips	: 3600.00
clflush size	: 64
cache_alignment	: 64
address sizes	: 42 bits physical, 48 bits virtual
power management:

processor	: 1
vendor_id	: GenuineIntel
cpu family	: 6
model		: 45
model name	: Intel(R) Xeon(R) CPU E5-2650L 0 @ 1.80GHz
stepping	: 7
microcode	: 0x710
cpu MHz		: 1800.000
cache size	: 20480 KB
physical id	: 2
siblings	: 1
core id		: 0
cpu cores	: 1
apicid		: 2
initial apicid	: 2
fpu		: yes
fpu_exception	: yes
cpuid level	: 13
wp		: yes
flags		: fpu vme de pse tsc msr pae mce cx8 apic sep mtrr pge mca cmov pat pse36 clflush dts mmx fxsr sse sse2 ss syscall nx rdtscp lm constant_tsc arch_perfmon pebs bts nopl xtopology tsc_reliable nonstop_tsc aperfmperf pni pclmulqdq ssse3 cx16 pcid sse4_1 sse4_2 x2apic popcnt tsc_deadline_timer aes xsave avx hypervisor lahf_lm ida arat pln pts dtherm tsc_adjust
bogomips	: 3600.00
clflush size	: 64
cache_alignment	: 64
address sizes	: 42 bits physical, 48 bits virtual
power management:

processor	: 2
vendor_id	: GenuineIntel
cpu family	: 6
model		: 45
model name	: Intel(R) Xeon(R) CPU E5-2650L 0 @ 1.80GHz
stepping	: 7
microcode	: 0x710
cpu MHz		: 1800.000
cache size	: 20480 KB
physical id	: 4
siblings	: 1
core id		: 0
cpu cores	: 1
apicid		: 4
initial apicid	: 4
fpu		: yes
fpu_exception	: yes
cpuid level	: 13
wp		: yes
flags		: fpu vme de pse tsc msr pae mce cx8 apic sep mtrr pge mca cmov pat pse36 clflush dts mmx fxsr sse sse2 ss syscall nx rdtscp lm constant_tsc arch_perfmon pebs bts nopl xtopology tsc_reliable nonstop_tsc aperfmperf pni pclmulqdq ssse3 cx16 pcid sse4_1 sse4_2 x2apic popcnt tsc_deadline_timer aes xsave avx hypervisor lahf_lm ida arat pln pts dtherm tsc_adjust
bogomips	: 3600.00
clflush size	: 64
cache_alignment	: 64
address sizes	: 42 bits physical, 48 bits virtual
power management:

processor	: 3
vendor_id	: GenuineIntel
cpu family	: 6
model		: 45
model name	: Intel(R) Xeon(R) CPU E5-2650L 0 @ 1.80GHz
stepping	: 7
microcode	: 0x710
cpu MHz		: 1800.000
cache size	: 20480 KB
physical id	: 6
siblings	: 1
core id		: 0
cpu cores	: 1
apicid		: 6
initial apicid	: 6
fpu		: yes
fpu_exception	: yes
cpuid level	: 13
wp		: yes
flags		: fpu vme de pse tsc msr pae mce cx8 apic sep mtrr pge mca cmov pat pse36 clflush dts mmx fxsr sse sse2 ss syscall nx rdtscp lm constant_tsc arch_perfmon pebs bts nopl xtopology tsc_reliable nonstop_tsc aperfmperf pni pclmulqdq ssse3 cx16 pcid sse4_1 sse4_2 x2apic popcnt tsc_deadline_timer aes xsave avx hypervisor lahf_lm ida arat pln pts dtherm tsc_adjust
bogomips	: 3600.00
clflush size	: 64
cache_alignment	: 64
address sizes	: 42 bits physical, 48 bits virtual
power management:

processor	: 4
vendor_id	: GenuineIntel
cpu family	: 6
model		: 45
model name	: Intel(R) Xeon(R) CPU E5-2650L 0 @ 1.80GHz
stepping	: 7
microcode	: 0x710
cpu MHz		: 1800.000
cache size	: 20480 KB
physical id	: 8
siblings	: 1
core id		: 0
cpu cores	: 1
apicid		: 8
initial apicid	: 8
fpu		: yes
fpu_exception	: yes
cpuid level	: 13
wp		: yes
flags		: fpu vme de pse tsc msr pae mce cx8 apic sep mtrr pge mca cmov pat pse36 clflush dts mmx fxsr sse sse2 ss syscall nx rdtscp lm constant_tsc arch_perfmon pebs bts nopl xtopology tsc_reliable nonstop_tsc aperfmperf pni pclmulqdq ssse3 cx16 pcid sse4_1 sse4_2 x2apic popcnt tsc_deadline_timer aes xsave avx hypervisor lahf_lm ida arat pln pts dtherm tsc_adjust
bogomips	: 3600.00
clflush size	: 64
cache_alignment	: 64
address sizes	: 42 bits physical, 48 bits virtual
power management:

processor	: 5
vendor_id	: GenuineIntel
cpu family	: 6
model		: 45
model name	: Intel(R) Xeon(R) CPU E5-2650L 0 @ 1.80GHz
stepping	: 7
microcode	: 0x710
cpu MHz		: 1800.000
cache size	: 20480 KB
physical id	: 10
siblings	: 1
core id		: 0
cpu cores	: 1
apicid		: 10
initial apicid	: 10
fpu		: yes
fpu_exception	: yes
cpuid level	: 13
wp		: yes
flags		: fpu vme de pse tsc msr pae mce cx8 apic sep mtrr pge mca cmov pat pse36 clflush dts mmx fxsr sse sse2 ss syscall nx rdtscp lm constant_tsc arch_perfmon pebs bts nopl xtopology tsc_reliable nonstop_tsc aperfmperf pni pclmulqdq ssse3 cx16 pcid sse4_1 sse4_2 x2apic popcnt tsc_deadline_timer aes xsave avx hypervisor lahf_lm ida arat pln pts dtherm tsc_adjust
bogomips	: 3600.00
clflush size	: 64
cache_alignment	: 64
address sizes	: 42 bits physical, 48 bits virtual
power management:

processor	: 6
vendor_id	: GenuineIntel
cpu family	: 6
model		: 45
model name	: Intel(R) Xeon(R) CPU E5-2650L 0 @ 1.80GHz
stepping	: 7
microcode	: 0x710
cpu MHz		: 1800.000
cache size	: 20480 KB
physical id	: 12
siblings	: 1
core id		: 0
cpu cores	: 1
apicid		: 12
initial apicid	: 12
fpu		: yes
fpu_exception	: yes
cpuid level	: 13
wp		: yes
flags		: fpu vme de pse tsc msr pae mce cx8 apic sep mtrr pge mca cmov pat pse36 clflush dts mmx fxsr sse sse2 ss syscall nx rdtscp lm constant_tsc arch_perfmon pebs bts nopl xtopology tsc_reliable nonstop_tsc aperfmperf pni pclmulqdq ssse3 cx16 pcid sse4_1 sse4_2 x2apic popcnt tsc_deadline_timer aes xsave avx hypervisor lahf_lm ida arat pln pts dtherm tsc_adjust
bogomips	: 3600.00
clflush size	: 64
cache_alignment	: 64
address sizes	: 42 bits physical, 48 bits virtual
power management:

processor	: 7
vendor_id	: GenuineIntel
cpu family	: 6
model		: 45
model name	: Intel(R) Xeon(R) CPU E5-2650L 0 @ 1.80GHz
stepping	: 7
microcode	: 0x710
cpu MHz		: 1800.000
cache size	: 20480 KB
physical id	: 14
siblings	: 1
core id		: 0
cpu cores	: 1
apicid		: 14
initial apicid	: 14
fpu		: yes
fpu_exception	: yes
cpuid level	: 13
wp		: yes
flags		: fpu vme de pse tsc msr pae mce cx8 apic sep mtrr pge mca cmov pat pse36 clflush dts mmx fxsr sse sse2 ss syscall nx rdtscp lm constant_tsc arch_perfmon pebs bts nopl xtopology tsc_reliable nonstop_tsc aperfmperf pni pclmulqdq ssse3 cx16 pcid sse4_1 sse4_2 x2apic popcnt tsc_deadline_timer aes xsave avx hypervisor lahf_lm ida arat pln pts dtherm tsc_adjust
bogomips	: 3600.00
clflush size	: 64
cache_alignment	: 64
address sizes	: 42 bits physical, 48 bits virtual
power management:



Memory: 4k page, physical 33018848k(221636k free), swap 10484732k(0k free)

vm_info: OpenJDK 64-Bit Server VM (25.121-b13) for linux-amd64 JRE (1.8.0_121-8u121-b13-1~bpo8+1-b13), built on Jan 24 2017 09:37:46 by "pbuilder" with gcc 4.9.2

time: Fri Oct  6 18:21:50 2017
elapsed time: 0 seconds (0d 0h 0m 0s)

