#
# There is insufficient memory for the Java Runtime Environment to continue.
# Native memory allocation (mmap) failed to map 352321536 bytes for committing reserved memory.
# Possible reasons:
#   The system is out of physical RAM or swap space
#   In 32 bit mode, the process size limit was hit
# Possible solutions:
#   Reduce memory load on the system
#   Increase physical memory or swap space
#   Check if swap backing store is full
#   Use 64 bit Java on a 64 bit OS
#   Decrease Java heap size (-Xmx/-Xms)
#   Decrease number of Java threads
#   Decrease Java thread stack sizes (-Xss)
#   Set larger code cache with -XX:ReservedCodeCacheSize=
# This output file may be truncated or incomplete.
#
#  Out of Memory Error (os_linux.cpp:2630), pid=374, tid=0x00007f65e5c09700
#
# JRE version:  (8.0_121-b13) (build )
# Java VM: OpenJDK 64-Bit Server VM (25.121-b13 mixed mode linux-amd64 compressed oops)
# Core dump written. Default location: /root/workspace/OpenGrok/OpenGrok/284303799/opengrok-indexer/core or core.374
#

---------------  T H R E A D  ---------------

Current thread (0x00007f65dc00a000):  JavaThread "Unknown thread" [_thread_in_vm, id=377, stack(0x00007f65e5b09000,0x00007f65e5c0a000)]

Stack: [0x00007f65e5b09000,0x00007f65e5c0a000],  sp=0x00007f65e5c08620,  free space=1021k
Native frames: (J=compiled Java code, j=interpreted, Vv=VM code, C=native code)
V  [libjvm.so+0xa9700d]
V  [libjvm.so+0x4ea26c]
V  [libjvm.so+0x8e2b90]
V  [libjvm.so+0x8dd27e]
V  [libjvm.so+0x95a25b]
V  [libjvm.so+0x94ac13]
V  [libjvm.so+0x2ca571]
V  [libjvm.so+0x9097ab]
V  [libjvm.so+0xa5ad19]
V  [libjvm.so+0xa5af32]
V  [libjvm.so+0x6372ef]
V  [libjvm.so+0xa3dc3a]
V  [libjvm.so+0x6ad815]  JNI_CreateJavaVM+0x65
C  [libjli.so+0x2f6e]
C  [libjli.so+0x74bd]
C  [libpthread.so.0+0x8064]  start_thread+0xc4


---------------  P R O C E S S  ---------------

Java Threads: ( => current thread )

Other Threads:

=>0x00007f65dc00a000 (exited) JavaThread "Unknown thread" [_thread_in_vm, id=377, stack(0x00007f65e5b09000,0x00007f65e5c0a000)]

VM state:not at safepoint (not fully initialized)

VM Mutex/Monitor currently owned by a thread: None

GC Heap History (0 events):
No events

Deoptimization events (0 events):
No events

Internal exceptions (0 events):
No events

Events (0 events):
No events


Dynamic libraries:
00400000-00401000 r-xp 00000000 00:8e 90                                 /usr/lib/jvm/java-8-openjdk-amd64/jre/bin/java
00600000-00601000 r--p 00000000 00:8e 90                                 /usr/lib/jvm/java-8-openjdk-amd64/jre/bin/java
00601000-00602000 rw-p 00001000 00:8e 90                                 /usr/lib/jvm/java-8-openjdk-amd64/jre/bin/java
0134a000-0136b000 rw-p 00000000 00:00 0                                  [heap]
5dd200000-718100000 ---p 00000000 00:00 0 
718100000-722900000 rw-p 00000000 00:00 0 
722900000-7c0000000 ---p 00000000 00:00 0 
7f65cd000000-7f65cd270000 rwxp 00000000 00:00 0 
7f65cd270000-7f65dc000000 ---p 00000000 00:00 0 
7f65dc000000-7f65dc02f000 rw-p 00000000 00:00 0 
7f65dc02f000-7f65e0000000 ---p 00000000 00:00 0 
7f65e123f000-7f65e1cbe000 ---p 00000000 00:00 0 
7f65e1cbe000-7f65e1d13000 rw-p 00000000 00:00 0 
7f65e1d13000-7f65e21fe000 ---p 00000000 00:00 0 
7f65e21fe000-7f65e2209000 rw-p 00000000 00:00 0 
7f65e2209000-7f65e25bf000 ---p 00000000 00:00 0 
7f65e25bf000-7f65e25c7000 r-xp 00000000 00:8e 117                        /usr/lib/jvm/java-8-openjdk-amd64/jre/lib/amd64/libzip.so
7f65e25c7000-7f65e27c6000 ---p 00008000 00:8e 117                        /usr/lib/jvm/java-8-openjdk-amd64/jre/lib/amd64/libzip.so
7f65e27c6000-7f65e27c7000 r--p 00007000 00:8e 117                        /usr/lib/jvm/java-8-openjdk-amd64/jre/lib/amd64/libzip.so
7f65e27c7000-7f65e27c8000 rw-p 00008000 00:8e 117                        /usr/lib/jvm/java-8-openjdk-amd64/jre/lib/amd64/libzip.so
7f65e27c8000-7f65e27d3000 r-xp 00000000 00:8e 82                         /lib/x86_64-linux-gnu/libnss_files-2.19.so
7f65e27d3000-7f65e29d2000 ---p 0000b000 00:8e 82                         /lib/x86_64-linux-gnu/libnss_files-2.19.so
7f65e29d2000-7f65e29d3000 r--p 0000a000 00:8e 82                         /lib/x86_64-linux-gnu/libnss_files-2.19.so
7f65e29d3000-7f65e29d4000 rw-p 0000b000 00:8e 82                         /lib/x86_64-linux-gnu/libnss_files-2.19.so
7f65e29d4000-7f65e29de000 r-xp 00000000 00:8e 80                         /lib/x86_64-linux-gnu/libnss_nis-2.19.so
7f65e29de000-7f65e2bdd000 ---p 0000a000 00:8e 80                         /lib/x86_64-linux-gnu/libnss_nis-2.19.so
7f65e2bdd000-7f65e2bde000 r--p 00009000 00:8e 80                         /lib/x86_64-linux-gnu/libnss_nis-2.19.so
7f65e2bde000-7f65e2bdf000 rw-p 0000a000 00:8e 80                         /lib/x86_64-linux-gnu/libnss_nis-2.19.so
7f65e2bdf000-7f65e2bf4000 r-xp 00000000 00:8e 78                         /lib/x86_64-linux-gnu/libnsl-2.19.so
7f65e2bf4000-7f65e2df3000 ---p 00015000 00:8e 78                         /lib/x86_64-linux-gnu/libnsl-2.19.so
7f65e2df3000-7f65e2df4000 r--p 00014000 00:8e 78                         /lib/x86_64-linux-gnu/libnsl-2.19.so
7f65e2df4000-7f65e2df5000 rw-p 00015000 00:8e 78                         /lib/x86_64-linux-gnu/libnsl-2.19.so
7f65e2df5000-7f65e2df7000 rw-p 00000000 00:00 0 
7f65e2df7000-7f65e2dfe000 r-xp 00000000 00:8e 76                         /lib/x86_64-linux-gnu/libnss_compat-2.19.so
7f65e2dfe000-7f65e2ffd000 ---p 00007000 00:8e 76                         /lib/x86_64-linux-gnu/libnss_compat-2.19.so
7f65e2ffd000-7f65e2ffe000 r--p 00006000 00:8e 76                         /lib/x86_64-linux-gnu/libnss_compat-2.19.so
7f65e2ffe000-7f65e2fff000 rw-p 00007000 00:8e 76                         /lib/x86_64-linux-gnu/libnss_compat-2.19.so
7f65e2fff000-7f65e302d000 r-xp 00000000 00:8e 99                         /usr/lib/jvm/java-8-openjdk-amd64/jre/lib/amd64/libjava.so
7f65e302d000-7f65e322c000 ---p 0002e000 00:8e 99                         /usr/lib/jvm/java-8-openjdk-amd64/jre/lib/amd64/libjava.so
7f65e322c000-7f65e322d000 r--p 0002d000 00:8e 99                         /usr/lib/jvm/java-8-openjdk-amd64/jre/lib/amd64/libjava.so
7f65e322d000-7f65e322f000 rw-p 0002e000 00:8e 99                         /usr/lib/jvm/java-8-openjdk-amd64/jre/lib/amd64/libjava.so
7f65e322f000-7f65e323e000 r-xp 00000000 00:8e 112                        /usr/lib/jvm/java-8-openjdk-amd64/jre/lib/amd64/libverify.so
7f65e323e000-7f65e343e000 ---p 0000f000 00:8e 112                        /usr/lib/jvm/java-8-openjdk-amd64/jre/lib/amd64/libverify.so
7f65e343e000-7f65e3441000 r--p 0000f000 00:8e 112                        /usr/lib/jvm/java-8-openjdk-amd64/jre/lib/amd64/libverify.so
7f65e3441000-7f65e3442000 rw-p 00012000 00:8e 112                        /usr/lib/jvm/java-8-openjdk-amd64/jre/lib/amd64/libverify.so
7f65e3442000-7f65e3449000 r-xp 00000000 00:8e 111                        /lib/x86_64-linux-gnu/librt-2.19.so
7f65e3449000-7f65e3648000 ---p 00007000 00:8e 111                        /lib/x86_64-linux-gnu/librt-2.19.so
7f65e3648000-7f65e3649000 r--p 00006000 00:8e 111                        /lib/x86_64-linux-gnu/librt-2.19.so
7f65e3649000-7f65e364a000 rw-p 00007000 00:8e 111                        /lib/x86_64-linux-gnu/librt-2.19.so
7f65e364a000-7f65e3660000 r-xp 00000000 00:8e 109                        /lib/x86_64-linux-gnu/libgcc_s.so.1
7f65e3660000-7f65e385f000 ---p 00016000 00:8e 109                        /lib/x86_64-linux-gnu/libgcc_s.so.1
7f65e385f000-7f65e3860000 rw-p 00015000 00:8e 109                        /lib/x86_64-linux-gnu/libgcc_s.so.1
7f65e3860000-7f65e3960000 r-xp 00000000 00:8e 108                        /lib/x86_64-linux-gnu/libm-2.19.so
7f65e3960000-7f65e3b5f000 ---p 00100000 00:8e 108                        /lib/x86_64-linux-gnu/libm-2.19.so
7f65e3b5f000-7f65e3b60000 r--p 000ff000 00:8e 108                        /lib/x86_64-linux-gnu/libm-2.19.so
7f65e3b60000-7f65e3b61000 rw-p 00100000 00:8e 108                        /lib/x86_64-linux-gnu/libm-2.19.so
7f65e3b61000-7f65e3c4d000 r-xp 00000000 00:8e 106                        /usr/lib/x86_64-linux-gnu/libstdc++.so.6.0.20
7f65e3c4d000-7f65e3e4d000 ---p 000ec000 00:8e 106                        /usr/lib/x86_64-linux-gnu/libstdc++.so.6.0.20
7f65e3e4d000-7f65e3e55000 r--p 000ec000 00:8e 106                        /usr/lib/x86_64-linux-gnu/libstdc++.so.6.0.20
7f65e3e55000-7f65e3e57000 rw-p 000f4000 00:8e 106                        /usr/lib/x86_64-linux-gnu/libstdc++.so.6.0.20
7f65e3e57000-7f65e3e6c000 rw-p 00000000 00:00 0 
7f65e3e6c000-7f65e4b04000 r-xp 00000000 00:8e 104                        /usr/lib/jvm/java-8-openjdk-amd64/jre/lib/amd64/server/libjvm.so
7f65e4b04000-7f65e4d04000 ---p 00c98000 00:8e 104                        /usr/lib/jvm/java-8-openjdk-amd64/jre/lib/amd64/server/libjvm.so
7f65e4d04000-7f65e4da7000 r--p 00c98000 00:8e 104                        /usr/lib/jvm/java-8-openjdk-amd64/jre/lib/amd64/server/libjvm.so
7f65e4da7000-7f65e4dd0000 rw-p 00d3b000 00:8e 104                        /usr/lib/jvm/java-8-openjdk-amd64/jre/lib/amd64/server/libjvm.so
7f65e4dd0000-7f65e4e01000 rw-p 00000000 00:00 0 
7f65e4e01000-7f65e4fa2000 r-xp 00000000 00:8e 34                         /lib/x86_64-linux-gnu/libc-2.19.so
7f65e4fa2000-7f65e51a2000 ---p 001a1000 00:8e 34                         /lib/x86_64-linux-gnu/libc-2.19.so
7f65e51a2000-7f65e51a6000 r--p 001a1000 00:8e 34                         /lib/x86_64-linux-gnu/libc-2.19.so
7f65e51a6000-7f65e51a8000 rw-p 001a5000 00:8e 34                         /lib/x86_64-linux-gnu/libc-2.19.so
7f65e51a8000-7f65e51ac000 rw-p 00000000 00:00 0 
7f65e51ac000-7f65e51af000 r-xp 00000000 00:8e 71                         /lib/x86_64-linux-gnu/libdl-2.19.so
7f65e51af000-7f65e53ae000 ---p 00003000 00:8e 71                         /lib/x86_64-linux-gnu/libdl-2.19.so
7f65e53ae000-7f65e53af000 r--p 00002000 00:8e 71                         /lib/x86_64-linux-gnu/libdl-2.19.so
7f65e53af000-7f65e53b0000 rw-p 00003000 00:8e 71                         /lib/x86_64-linux-gnu/libdl-2.19.so
7f65e53b0000-7f65e53be000 r-xp 00000000 00:8e 98                         /usr/lib/jvm/java-8-openjdk-amd64/jre/lib/amd64/jli/libjli.so
7f65e53be000-7f65e55bd000 ---p 0000e000 00:8e 98                         /usr/lib/jvm/java-8-openjdk-amd64/jre/lib/amd64/jli/libjli.so
7f65e55bd000-7f65e55be000 r--p 0000d000 00:8e 98                         /usr/lib/jvm/java-8-openjdk-amd64/jre/lib/amd64/jli/libjli.so
7f65e55be000-7f65e55bf000 rw-p 0000e000 00:8e 98                         /usr/lib/jvm/java-8-openjdk-amd64/jre/lib/amd64/jli/libjli.so
7f65e55bf000-7f65e55d9000 r-xp 00000000 00:8e 97                         /lib/x86_64-linux-gnu/libz.so.1.2.8
7f65e55d9000-7f65e57d8000 ---p 0001a000 00:8e 97                         /lib/x86_64-linux-gnu/libz.so.1.2.8
7f65e57d8000-7f65e57d9000 r--p 00019000 00:8e 97                         /lib/x86_64-linux-gnu/libz.so.1.2.8
7f65e57d9000-7f65e57da000 rw-p 0001a000 00:8e 97                         /lib/x86_64-linux-gnu/libz.so.1.2.8
7f65e57da000-7f65e57f2000 r-xp 00000000 00:8e 95                         /lib/x86_64-linux-gnu/libpthread-2.19.so
7f65e57f2000-7f65e59f1000 ---p 00018000 00:8e 95                         /lib/x86_64-linux-gnu/libpthread-2.19.so
7f65e59f1000-7f65e59f2000 r--p 00017000 00:8e 95                         /lib/x86_64-linux-gnu/libpthread-2.19.so
7f65e59f2000-7f65e59f3000 rw-p 00018000 00:8e 95                         /lib/x86_64-linux-gnu/libpthread-2.19.so
7f65e59f3000-7f65e59f7000 rw-p 00000000 00:00 0 
7f65e59f7000-7f65e5a17000 r-xp 00000000 00:8e 31                         /lib/x86_64-linux-gnu/ld-2.19.so
7f65e5b01000-7f65e5b09000 rw-s 00000000 00:8e 5501                       /tmp/hsperfdata_root/374
7f65e5b09000-7f65e5b0c000 ---p 00000000 00:00 0 
7f65e5b0c000-7f65e5c0f000 rw-p 00000000 00:00 0                          [stack:28710]
7f65e5c10000-7f65e5c14000 rw-p 00000000 00:00 0 
7f65e5c14000-7f65e5c15000 r--p 00000000 00:00 0 
7f65e5c15000-7f65e5c17000 rw-p 00000000 00:00 0 
7f65e5c17000-7f65e5c18000 r--p 00020000 00:8e 31                         /lib/x86_64-linux-gnu/ld-2.19.so
7f65e5c18000-7f65e5c19000 rw-p 00021000 00:8e 31                         /lib/x86_64-linux-gnu/ld-2.19.so
7f65e5c19000-7f65e5c1a000 rw-p 00000000 00:00 0 
7ffea2af3000-7ffea2b14000 rw-p 00000000 00:00 0                          [stack]
7ffea2bc9000-7ffea2bcb000 r-xp 00000000 00:00 0                          [vdso]
7ffea2bcb000-7ffea2bcd000 r--p 00000000 00:00 0                          [vvar]
ffffffffff600000-ffffffffff601000 r-xp 00000000 00:00 0                  [vsyscall]

VM Arguments:
java_command: /root/workspace/OpenGrok/OpenGrok/284303799/opengrok-indexer/target/surefire/surefirebooter4975036533055833834.jar /root/workspace/OpenGrok/OpenGrok/284303799/opengrok-indexer/target/surefire 2017-10-06T20-11-45_209-jvmRun1 surefire1310389496650311814tmp surefire_105919361010239056229tmp
java_class_path (initial): /root/workspace/OpenGrok/OpenGrok/284303799/opengrok-indexer/target/surefire/surefirebooter4975036533055833834.jar
Launcher Type: SUN_STANDARD

Environment Variables:
JAVA_HOME=/usr/lib/jvm/java-8-openjdk-amd64
PATH=/usr/local/sbin:/usr/local/bin:/usr/sbin:/usr/bin:/sbin:/bin

Signal Handlers:
SIGSEGV: [libjvm.so+0xa97af0], sa_mask[0]=11111111011111111101111111111110, sa_flags=SA_RESTART|SA_SIGINFO
SIGBUS: [libjvm.so+0xa97af0], sa_mask[0]=11111111011111111101111111111110, sa_flags=SA_RESTART|SA_SIGINFO
SIGFPE: [libjvm.so+0x8de430], sa_mask[0]=11111111011111111101111111111110, sa_flags=SA_RESTART|SA_SIGINFO
SIGPIPE: [libjvm.so+0x8de430], sa_mask[0]=11111111011111111101111111111110, sa_flags=SA_RESTART|SA_SIGINFO
SIGXFSZ: [libjvm.so+0x8de430], sa_mask[0]=11111111011111111101111111111110, sa_flags=SA_RESTART|SA_SIGINFO
SIGILL: [libjvm.so+0x8de430], sa_mask[0]=11111111011111111101111111111110, sa_flags=SA_RESTART|SA_SIGINFO
SIGUSR1: SIG_DFL, sa_mask[0]=00000000000000000000000000000000, sa_flags=none
SIGUSR2: [libjvm.so+0x8de2e0], sa_mask[0]=00100000000000000000000000000000, sa_flags=SA_RESTART|SA_SIGINFO
SIGHUP: SIG_DFL, sa_mask[0]=00000000000000000000000000000000, sa_flags=none
SIGINT: SIG_DFL, sa_mask[0]=00000000000000000000000000000000, sa_flags=none
SIGTERM: SIG_DFL, sa_mask[0]=00000000000000000000000000000000, sa_flags=none
SIGQUIT: SIG_DFL, sa_mask[0]=00000000000000000000000000000000, sa_flags=none


---------------  S Y S T E M  ---------------

OS:PRETTY_NAME="Debian GNU/Linux 8 (jessie)"
NAME="Debian GNU/Linux"
VERSION_ID="8"
VERSION="8 (jessie)"
ID=debian
HOME_URL="http://www.debian.org/"
SUPPORT_URL="http://www.debian.org/support"
BUG_REPORT_URL="https://bugs.debian.org/"

uname:Linux 3.16.0-4-amd64 #1 SMP Debian 3.16.43-2+deb8u2 (2017-06-26) x86_64
libc:glibc 2.19 NPTL 2.19 
rlimit: STACK 8192k, CORE infinity, NPROC infinity, NOFILE 1048576, AS infinity
load average:35.22 18.84 11.88

/proc/meminfo:
MemTotal:       33018848 kB
MemFree:          236316 kB
MemAvailable:     278216 kB
Buffers:            1600 kB
Cached:            84440 kB
SwapCached:        42320 kB
Active:         29887076 kB
Inactive:        2304196 kB
Active(anon):   29879756 kB
Inactive(anon):  2296356 kB
Active(file):       7320 kB
Inactive(file):     7840 kB
Unevictable:           0 kB
Mlocked:               0 kB
SwapTotal:      10484732 kB
SwapFree:              0 kB
Dirty:               452 kB
Writeback:            20 kB
AnonPages:      32064744 kB
Mapped:            25612 kB
Shmem:             69216 kB
Slab:             327064 kB
SReclaimable:     203264 kB
SUnreclaim:       123800 kB
KernelStack:       47632 kB
PageTables:       121144 kB
NFS_Unstable:          0 kB
Bounce:                0 kB
WritebackTmp:          0 kB
CommitLimit:    26994156 kB
Committed_AS:   75639956 kB
VmallocTotal:   34359738367 kB
VmallocUsed:      202792 kB
VmallocChunk:   34359469180 kB
HardwareCorrupted:     0 kB
AnonHugePages:         0 kB
HugePages_Total:       0
HugePages_Free:        0
HugePages_Rsvd:        0
HugePages_Surp:        0
Hugepagesize:       2048 kB
DirectMap4k:       67456 kB
DirectMap2M:    33486848 kB


CPU:total 8 (1 cores per cpu, 1 threads per core) family 6 model 45 stepping 7, cmov, cx8, fxsr, mmx, sse, sse2, sse3, ssse3, sse4.1, sse4.2, popcnt, avx, aes, clmul, tsc, tscinvbit, tscinv

/proc/cpuinfo:
processor	: 0
vendor_id	: GenuineIntel
cpu family	: 6
model		: 45
model name	: Intel(R) Xeon(R) CPU E5-2650L 0 @ 1.80GHz
stepping	: 7
microcode	: 0x710
cpu MHz		: 1800.000
cache size	: 20480 KB
physical id	: 0
siblings	: 1
core id		: 0
cpu cores	: 1
apicid		: 0
initial apicid	: 0
fpu		: yes
fpu_exception	: yes
cpuid level	: 13
wp		: yes
flags		: fpu vme de pse tsc msr pae mce cx8 apic sep mtrr pge mca cmov pat pse36 clflush dts mmx fxsr sse sse2 ss syscall nx rdtscp lm constant_tsc arch_perfmon pebs bts nopl xtopology tsc_reliable nonstop_tsc aperfmperf pni pclmulqdq ssse3 cx16 pcid sse4_1 sse4_2 x2apic popcnt tsc_deadline_timer aes xsave avx hypervisor lahf_lm ida arat pln pts dtherm tsc_adjust
bogomips	: 3600.00
clflush size	: 64
cache_alignment	: 64
address sizes	: 42 bits physical, 48 bits virtual
power management:

processor	: 1
vendor_id	: GenuineIntel
cpu family	: 6
model		: 45
model name	: Intel(R) Xeon(R) CPU E5-2650L 0 @ 1.80GHz
stepping	: 7
microcode	: 0x710
cpu MHz		: 1800.000
cache size	: 20480 KB
physical id	: 2
siblings	: 1
core id		: 0
cpu cores	: 1
apicid		: 2
initial apicid	: 2
fpu		: yes
fpu_exception	: yes
cpuid level	: 13
wp		: yes
flags		: fpu vme de pse tsc msr pae mce cx8 apic sep mtrr pge mca cmov pat pse36 clflush dts mmx fxsr sse sse2 ss syscall nx rdtscp lm constant_tsc arch_perfmon pebs bts nopl xtopology tsc_reliable nonstop_tsc aperfmperf pni pclmulqdq ssse3 cx16 pcid sse4_1 sse4_2 x2apic popcnt tsc_deadline_timer aes xsave avx hypervisor lahf_lm ida arat pln pts dtherm tsc_adjust
bogomips	: 3600.00
clflush size	: 64
cache_alignment	: 64
address sizes	: 42 bits physical, 48 bits virtual
power management:

processor	: 2
vendor_id	: GenuineIntel
cpu family	: 6
model		: 45
model name	: Intel(R) Xeon(R) CPU E5-2650L 0 @ 1.80GHz
stepping	: 7
microcode	: 0x710
cpu MHz		: 1800.000
cache size	: 20480 KB
physical id	: 4
siblings	: 1
core id		: 0
cpu cores	: 1
apicid		: 4
initial apicid	: 4
fpu		: yes
fpu_exception	: yes
cpuid level	: 13
wp		: yes
flags		: fpu vme de pse tsc msr pae mce cx8 apic sep mtrr pge mca cmov pat pse36 clflush dts mmx fxsr sse sse2 ss syscall nx rdtscp lm constant_tsc arch_perfmon pebs bts nopl xtopology tsc_reliable nonstop_tsc aperfmperf pni pclmulqdq ssse3 cx16 pcid sse4_1 sse4_2 x2apic popcnt tsc_deadline_timer aes xsave avx hypervisor lahf_lm ida arat pln pts dtherm tsc_adjust
bogomips	: 3600.00
clflush size	: 64
cache_alignment	: 64
address sizes	: 42 bits physical, 48 bits virtual
power management:

processor	: 3
vendor_id	: GenuineIntel
cpu family	: 6
model		: 45
model name	: Intel(R) Xeon(R) CPU E5-2650L 0 @ 1.80GHz
stepping	: 7
microcode	: 0x710
cpu MHz		: 1800.000
cache size	: 20480 KB
physical id	: 6
siblings	: 1
core id		: 0
cpu cores	: 1
apicid		: 6
initial apicid	: 6
fpu		: yes
fpu_exception	: yes
cpuid level	: 13
wp		: yes
flags		: fpu vme de pse tsc msr pae mce cx8 apic sep mtrr pge mca cmov pat pse36 clflush dts mmx fxsr sse sse2 ss syscall nx rdtscp lm constant_tsc arch_perfmon pebs bts nopl xtopology tsc_reliable nonstop_tsc aperfmperf pni pclmulqdq ssse3 cx16 pcid sse4_1 sse4_2 x2apic popcnt tsc_deadline_timer aes xsave avx hypervisor lahf_lm ida arat pln pts dtherm tsc_adjust
bogomips	: 3600.00
clflush size	: 64
cache_alignment	: 64
address sizes	: 42 bits physical, 48 bits virtual
power management:

processor	: 4
vendor_id	: GenuineIntel
cpu family	: 6
model		: 45
model name	: Intel(R) Xeon(R) CPU E5-2650L 0 @ 1.80GHz
stepping	: 7
microcode	: 0x710
cpu MHz		: 1800.000
cache size	: 20480 KB
physical id	: 8
siblings	: 1
core id		: 0
cpu cores	: 1
apicid		: 8
initial apicid	: 8
fpu		: yes
fpu_exception	: yes
cpuid level	: 13
wp		: yes
flags		: fpu vme de pse tsc msr pae mce cx8 apic sep mtrr pge mca cmov pat pse36 clflush dts mmx fxsr sse sse2 ss syscall nx rdtscp lm constant_tsc arch_perfmon pebs bts nopl xtopology tsc_reliable nonstop_tsc aperfmperf pni pclmulqdq ssse3 cx16 pcid sse4_1 sse4_2 x2apic popcnt tsc_deadline_timer aes xsave avx hypervisor lahf_lm ida arat pln pts dtherm tsc_adjust
bogomips	: 3600.00
clflush size	: 64
cache_alignment	: 64
address sizes	: 42 bits physical, 48 bits virtual
power management:

processor	: 5
vendor_id	: GenuineIntel
cpu family	: 6
model		: 45
model name	: Intel(R) Xeon(R) CPU E5-2650L 0 @ 1.80GHz
stepping	: 7
microcode	: 0x710
cpu MHz		: 1800.000
cache size	: 20480 KB
physical id	: 10
siblings	: 1
core id		: 0
cpu cores	: 1
apicid		: 10
initial apicid	: 10
fpu		: yes
fpu_exception	: yes
cpuid level	: 13
wp		: yes
flags		: fpu vme de pse tsc msr pae mce cx8 apic sep mtrr pge mca cmov pat pse36 clflush dts mmx fxsr sse sse2 ss syscall nx rdtscp lm constant_tsc arch_perfmon pebs bts nopl xtopology tsc_reliable nonstop_tsc aperfmperf pni pclmulqdq ssse3 cx16 pcid sse4_1 sse4_2 x2apic popcnt tsc_deadline_timer aes xsave avx hypervisor lahf_lm ida arat pln pts dtherm tsc_adjust
bogomips	: 3600.00
clflush size	: 64
cache_alignment	: 64
address sizes	: 42 bits physical, 48 bits virtual
power management:

processor	: 6
vendor_id	: GenuineIntel
cpu family	: 6
model		: 45
model name	: Intel(R) Xeon(R) CPU E5-2650L 0 @ 1.80GHz
stepping	: 7
microcode	: 0x710
cpu MHz		: 1800.000
cache size	: 20480 KB
physical id	: 12
siblings	: 1
core id		: 0
cpu cores	: 1
apicid		: 12
initial apicid	: 12
fpu		: yes
fpu_exception	: yes
cpuid level	: 13
wp		: yes
flags		: fpu vme de pse tsc msr pae mce cx8 apic sep mtrr pge mca cmov pat pse36 clflush dts mmx fxsr sse sse2 ss syscall nx rdtscp lm constant_tsc arch_perfmon pebs bts nopl xtopology tsc_reliable nonstop_tsc aperfmperf pni pclmulqdq ssse3 cx16 pcid sse4_1 sse4_2 x2apic popcnt tsc_deadline_timer aes xsave avx hypervisor lahf_lm ida arat pln pts dtherm tsc_adjust
bogomips	: 3600.00
clflush size	: 64
cache_alignment	: 64
address sizes	: 42 bits physical, 48 bits virtual
power management:

processor	: 7
vendor_id	: GenuineIntel
cpu family	: 6
model		: 45
model name	: Intel(R) Xeon(R) CPU E5-2650L 0 @ 1.80GHz
stepping	: 7
microcode	: 0x710
cpu MHz		: 1800.000
cache size	: 20480 KB
physical id	: 14
siblings	: 1
core id		: 0
cpu cores	: 1
apicid		: 14
initial apicid	: 14
fpu		: yes
fpu_exception	: yes
cpuid level	: 13
wp		: yes
flags		: fpu vme de pse tsc msr pae mce cx8 apic sep mtrr pge mca cmov pat pse36 clflush dts mmx fxsr sse sse2 ss syscall nx rdtscp lm constant_tsc arch_perfmon pebs bts nopl xtopology tsc_reliable nonstop_tsc aperfmperf pni pclmulqdq ssse3 cx16 pcid sse4_1 sse4_2 x2apic popcnt tsc_deadline_timer aes xsave avx hypervisor lahf_lm ida arat pln pts dtherm tsc_adjust
bogomips	: 3600.00
clflush size	: 64
cache_alignment	: 64
address sizes	: 42 bits physical, 48 bits virtual
power management:



Memory: 4k page, physical 33018848k(236316k free), swap 10484732k(0k free)

vm_info: OpenJDK 64-Bit Server VM (25.121-b13) for linux-amd64 JRE (1.8.0_121-8u121-b13-1~bpo8+1-b13), built on Jan 24 2017 09:37:46 by "pbuilder" with gcc 4.9.2

time: Fri Oct  6 18:15:45 2017
elapsed time: 2 seconds (0d 0h 0m 2s)

